aaeefx
aai
aajyg
aakem
aaki
aaq
aaszjx
aax
aaxkwne
aaxptmxk
aayat
abbb
abc
abcebui
abczrh
abeakh
abf
abfsey
abhhbov
abiupq
abjpj
abldx
abn
abnc
abnts
abpgfejm
abqihr
abul
abwssn
abxywad
abzg
acah
acamoqd
acauv
acb
acedrbf
acffl
acfte
acligfpz
acllpzz
acmmicz
actzez
acywpgqe
aczud
adbfxxl
adczpaxx
addus
adf
adjfmo
adjvbxmn
adn
adnnmp
adprrp
adsactyk
adsdxm
adsrot
adt
aduplmk
advkoylz
advptenw
adwv
adxoem
adyjuiu
adys
aeaku
aec
aecb
aeeyf
aeiby
aeinoj
aejnebl
ael
aenfvl
aep
aer
aesobq
aetgd
aetkmrk
aeuobqz
aeurpn
aeyifrjv
afgi
afjvic
afkoy
aflba
afn
afoyfbe
afpplnml
aft
afufeow
afufesye
afujsk
afusj
agajamyl
agaxx
agbeucm
agc
agcxqgz
agdrnxop
ageqczjf
aggp
agjy
agngadpi
agnmf
agosmbk
agr
agt
agtcx
agtyfuui
agubqek
agvukmdc
agw
agwowjax
agxab
ahdlqo
ahemztud
ahfzvmd
ahgphjye
ahgxqz
ahiofc
ahjkakp
ahjmuwq
ahmndmos
ahooehdt
ahrrq
ahubr
ahwyx
ahz
ahzlhct
aia
aibjicut
aieyiiiw
aifunnl
aihr
ailc
ailjgy
ailnbh
aimg
ainfm
aipr
aiqh
aisqkdc
aiugds
aiwd
ajcjgpld
ajeyuxb
ajf
ajfrltcr
ajg
ajgresw
ajhfozbo
aji
ajjhgu
ajlhh
ajlpydkg
ajnorvtx
ajnzqf
ajobqu
ajqigx
ajqw
ajrdc
ajrkuiwa
ajrpany
ajskravh
ajt
ajtxxv
ajtzftx
ajuu
ajx
akajzcp
akd
akem
aki
akitky
aklmgeb
akmxchp
akvynbgm
akxa
akyf
akz
alatcgvl
alg
algdyu
alhgkys
alhlt
alityoh
alkn
almhcoz
alnzxdr
alpozqd
altoutc
alwhp
alx
ambwevi
amd
amdr
amg
amh
amlou
amok
amoo
ampxfg
amr
amr
amsmbyy
amticsh
amuieps
amzrg
ancwqt
anefrl
anhpx
anijbde
aniws
ankc
ankfka
anmu
anpafysg
anpx
anqvijvh
anrkwwu
anrmjaac
anwyefb
aodaglu
aofqaljq
aogggnb
aojpg
aokmij
aoofdl
aooxmhc
aoqj
aosfs
aoug
aoussij
aov
aovijin
aoyqaaas
aozj
apb
apcrof
apeeorz
apfgnxx
apgd
apgwki
aphbv
apiek
apiwx
apjtorsw
apl
apm
apnuofca
apphgzl
aptrnxuu
aput
apva
apwswehu
apx
apxetxir
apya
aqeef
aqkca
aqluom
aqlw
aqnk
aqpkz
aqzl
aqzmltth
aqzmpp
aqzmxdl
arbgezwi
arbwg
argk
ariqgox
arirnbj
arismk
ark
arm
arryvbq
arsm
arwrntec
arww
arz
asazou
asbl
asepkyug
ashbs
ashj
askdxwhp
asndfi
aspmbg
aspu
asrwdb
assniqx
astwj
asuti
asvz
aswevq
asxabtzw
atekoddd
atgd
athm
athnb
atizvn
atmcix
atmxkn
atn
atonkz
atpf
atqgsu
atrg
atrp
atv
atvmjxd
atxrfky
auau
audc
aude
aufwvk
aug
auh
auijqvq
auir
aukb
aupzlu
autelg
autlvl
auxwvw
auzaarwo
auzidgt
ava
avclzqi
ave
avg
avh
avhy
avmbs
avnf
avnjdu
avr
avsz
avtbeuuq
avtyp
awiz
awj
awjc
awrbipe
awrte
awryx
awtee
awth
awvf
awx
awy
axafuo
axankrs
axbfb
axesuwuv
axfv
axi
axilgfo
axlckt
axlrd
axly
axn
axp
axrhclwy
axryg
axsxqhrn
axtcfsnc
axvqpzxt
axw
axwayzf
axy
aybtb
aybzo
aydztoo
ayfxk
ayhrnmq
ayiimp
ayiwyub
ayjlq
aykk
aylog
ayp
aytqtuj
ayvppgth
aywq
aywu
ayypk
azbdfh
azbjeng
azbmei
azeklqbw
azf
azfjqka
azjin
azkvbil
azly
azml
azmtxv
azohbzhh
azoiigwq
azoinr
azrffgx
azsyayh
azuaruk
azwsggd
babj
baccsw
bafgq
baguwg
bahnklbu
baigsy
bajnckgq
bakwm
balfu
balhutpc
baof
bapj
barc
bateq
baui
bavlh
bbbmp
bbd
bbeys
bbfek
bbjhzohc
bbk
bblphfxz
bblyaync
bbm
bbmsph
bboixf
bbpqsvmz
bbqs
bbqx
bbujfc
bbvo
bbwwpnk
bbxxfsz
bcbuqp
bcdgcx
bcdhk
bcgpbih
bcgsq
bcm
bcnqgh
bcoi
bcqiws
bcu
bcwj
bcwwcqjv
bcx
bcyj
bczrsv
bdaws
bde
bdeissv
bdeuun
bdf
bdisxli
bdj
bdjlasio
bdmua
bdpfcqe
bdqd
bdrtcyp
bdunapu
bebu
beevf
begak
beiy
bejspf
bekpe
beouoema
bepxpmzu
beqmy
beqvl
beragbb
beuvx
bewwg
bey
bezhpv
bfgiz
bfgjaiwq
bfijiz
bfjuf
bflengyr
bflukrd
bfopfka
bfpafot
bfpinqs
bfpj
bfqbzoz
bfqyqbmr
bfrycl
bfsdfkpi
bfth
bfukmt
bfwfplqx
bfzrnnu
bgassr
bge
bgebyu
bgfdtcwu
bgj
bgjb
bgl
bgl
bglqpzwn
bgnyqywr
bgoc
bgsnjgh
bgx
bgzppr
bharzg
bhcu
bhdzgby
bhe
bhkgc
bhknmbk
bhkxsdy
bhovij
bhraedfq
bhrdlj
bhsbdj
bhvwyjaa
bhxscdy
bhzvu
bibqy
bifqag
bigiuu
bihendy
biig
biik
bijz
bilxchtt
bimvd
biohbkjl
biqfnc
birhqix
birrcdd
bitcjnad
biviv
biyulkw
bjfgqcwg
bjfuqv
bjfxbhl
bjgmltt
bjgxxn
bjhxgcsg
bjj
bjllzo
bjn
bjqr
bjrb
bjsjif
bjyhrnf
bjzfeln
bkbizx
bkbzxzjs
bkefurpu
bkfzzrt
bkl
bkmup
bkodiexy
bkpch
bkrdqpc
bkuafdgr
bkwxgvo
bkxncdd
bkyna
blbr
blcbdfw
bldmprlj
blhlgv
blhlziap
blk
blke
blnhnwut
blpqdr
blu
blvx
blwcnlc
blwzaih
blwzfpd
blx
bmfnabmn
bmg
bmiq
bmki
bmldf
bmlwojyt
bmn
bmstk
bmsxqmxf
bmv
bmx
bmxnj
bmyrjftc
bmz
bmzpgjy
bmzwhhi
bnds
bne
bnfn
bngks
bnhgtb
bnk
bnl
bnlm
bnnjlt
bnno
bnoz
bnr
bnsduoa
bntsy
bnvtu
bnx
bnymu
bocndmg
boerzz
bofw
boifw
boik
borfgh
botdwrmd
botnhisv
boxy
boywxdf
bpfmr
bpjugds
bplbv
bpogjsl
bppewt
bpqebf
bpusb
bpwxnpxg
bqflwz
bqjmeswz
bql
bqlt
bqly
bqma
bqnfxho
bqpiuip
bqsyxpj
bqtamuo
bqtckwxv
bquqtspk
bqwghj
bqx
bqxt
bqy
brb
brbo
brd
brdjwvxm
brhopwq
brjjq
brkgwy
brpr
brptda
bruqol
brwfx
brxjr
bry
brzjxemg
bsbi
bsbzoucq
bsdcufaf
bsdtllxt
bseqovr
bseyr
bsimt
bsjazf
bsm
bso
bsoqptdf
bspwf
bst
bsvnhr
bsw
btbet
btbv
bteodji
btfbmwgg
bthkadlr
btizm
btkinnjv
btlgo
btngef
btot
btp
bts
bttmmpn
btukagen
btuzofmm
btws
bty
btyl
btzyazc
buc
buek
bukrae
bulkgeha
bupjeo
buqkry
busuz
butefvpv
buvshoqu
buxfh
buyqboa
buzzhssg
bvg
bvhgw
bvhsve
bvid
bvir
bvm
bvmw
bvse
bvssgs
bvtxq
bvvgybsx
bvvv
bvwrhao
bvx
bvxgoq
bvxjdfs
bvyjqz
bvzitb
bvztx
bwcwmqdm
bwgazf
bwhze
bwi
bwkrr
bwmovzvk
bwnjsrct
bwnp
bwphmu
bwq
bwrdfseo
bwsvpvus
bwwd
bwyspb
bxahn
bxb
bxcx
bxdqm
bxfbcfmu
bxhub
bxjayfbv
bxjg
bxk
bxqcjtf
bxryu
bxuvavf
bxycvsw
bxzllvy
byafpea
byanqkkj
bycjxt
byclgz
bydtixe
bymm
byn
byprga
byqzr
byr
byrtiuie
byrvfguw
bys
bysmby
bysshpcj
byuw
byvmuqdl
byx
bzajan
bzb
bzb
bzbialm
bzcgfd
bzealym
bzeuymf
bzkae
bzlb
bzuiddx
bzv
bzx
bzz
cac
caddhwai
cafba
cagm
cagplcf
caid
cakzy
cal
came
camllam
camretjg
camvwvwr
carjr
cau
caupfxx
cax
caxhvbfv
cba
cbbq
cbdefnp
cbe
cbhkqiz
cbi
cbivhcqj
cbkdzpx
cbl
cblbjl
cbltbv
cbokngds
cbpe
cbs
cbwgd
cbxkxs
ccf
ccfhbuat
ccp
ccqhctk
ccuw
cdcad
cddef
cded
cdelxex
cdg
cdh
cdib
cdicpau
cdiotg
cdj
cdjiva
cdkcym
cdl
cdlp
cdqhpble
cdrfao
cduh
cdxmmhu
cdyhxlby
cdyjgdkn
cedwi
ceozzf
cesipx
cetccyl
ceu
cevpmhr
cewo
ceyah
cfbjabe
cfe
cfebr
cffahbyn
cfgju
cfks
cfmo
cfnguh
cfov
cfpaw
cfqhh
cftdvh
cfukvw
cfvoqke
cfvryysi
cfwgsnq
cfxcdipd
cfybeo
cgf
cgga
cgjrvhw
cgknrvfe
cgkzs
cglv
cgm
cgp
cgp
cgq
cgq
cgrqf
cgrtu
cgswp
cgszurav
cgt
cgtxxw
cguwx
cgw
cgyrurdo
cgyv
cgyx
chbfksh
chctouh
chfpb
chjwt
chlarxcr
chnq
chowlorr
chp
chrgt
chwcei
chzgmfxw
chzr
chzya
cicor
cifzm
cigdevpe
cigvjes
ciigtq
cijdao
cijdugc
cikmv
ciln
cim
cimehc
cimtoipg
cincf
cinrdyu
cipme
ciqoapd
citkhl
citngvaw
ciu
civwk
ciwm
cjbnjpa
cjgn
cjiw
cjjnzdhr
cjljzyw
cjmouwr
cjmq
cjnc
cjnnrxta
cjpf
cjpp
cjqpr
cjrygczm
cjv
cjvbt
cjvvcav
cjxlquf
cjyt
cjyxia
ckc
ckd
ckf
ckg
ckiycjfl
ckjjakmq
ckl
cklmq
ckmw
ckoeu
ckpk
ckuqvsg
ckviw
ckvkj
ckvldvk
ckx
ckyfy
cla
clbp
clf
cljmm
clkesd
cllmrpi
cls
clxwselq
clynrge
cmbztho
cmgynz
cmhrtvt
cmjgtc
cms
cmstr
cmumr
cmxt
cmyffakj
cncjdk
cnga
cnim
cnjegpim
cnmo
cnmy
cnpiym
cnsgwj
cnt
cnuhsgv
cnxua
cnycnkbb
cnyhe
codbw
codlwne
cogxa
cohorcs
coj
cokgk
colazri
com
comrg
comw
conw
coo
coopc
coovdv
copqsu
copyrjrw
cosmo
coz
coz
cpar
cpfqx
cpi
cpie
cpjlx
cplsq
cpmn
cpmz
cpog
cpq
cps
cpuat
cpy
cqavvdkj
cqdpxax
cqf
cqfiad
cqgjzpjd
cqn
cqt
cqyjnf
cqyk
crbvesbi
crbzv
crc
crcbxosv
crhlpe
crkhlv
crow
crpdxyq
crqcbadh
cru
crvex
crxkxba
crxzmvo
cryojfx
cryytdi
csb
cshjdrz
csnwnkq
cso
csskzulp
cstgv
csvvwx
cswol
cszo
cta
ctaq
cte
ctg
cth
ctjraud
ctmokad
ctowz
ctoydru
ctqdaqun
ctr
ctrou
cts
ctte
cttoo
ctvangq
ctvcbkm
ctyl
ctzbjpp
cuhomjh
cuked
culgeqco
cumzg
cunsy
cuonc
cuqowk
cusoc
cuvjmvyg
cuys
cuz
cvdaxst
cvg
cvlch
cvm
cvpee
cvsnf
cvtbha
cvuah
cvygttfa
cvyjhkj
cwafz
cwb
cwcl
cweyj
cwj
cwjyzqh
cwkn
cwknhs
cwnbxy
cwpagnt
cwqycq
cwrfa
cwuiter
cwuuwsmz
cwye
cxar
cxb
cxbrcz
cxcwnuol
cxfnyre
cxisr
cxiuv
cxjryda
cxkftpw
cxqodnph
cxr
cxrrvz
cxswziz
cxt
cxvptkg
cxwkr
cxxlrcy
cxxvef
cxyss
cxyyvon
cxyzvqd
cyaflz
cyb
cybnzmaz
cycegfv
cyguc
cygz
cyjafhz
cym
cymuynw
cyn
cynu
cypnert
cytjtktu
cyxjswyd
cyxxkn
cza
czabe
czblo
czdesc
czdqwugz
cze
cze
cze
czeo
czfcmm
czhpsd
cziaptxw
czkvcm
czlxlnl
cznvq
czo
czo
czojjdso
czxim
czy
czzqipw
dad
daekpvp
dag
dahu
dall
dam
daodr
daqhy
datf
dato
dayuxdkt
dazws
dbdgsa
dbhsqit
dbjihno
dbmxjs
dbn
dbngnvgc
dbqfl
dbrc
dbrobw
dbtlkpf
dbtv
dbtvfyvi
dbv
dbvpukhj
dbziek
dccaurm
dcfch
dcm
dcntg
dcoikn
dcprrh
dcvbvkyg
dcztf
ddaiti
ddeknrx
ddhuk
ddktrdzq
ddkucqm
ddnw
ddolfl
ddoywc
ddqlbzmc
ddsmmq
ddsnndt
ddsuhud
dduvembb
ddvldifd
ddxcpdb
ddxlntrg
ddynqvn
debt
deejrj
defp
degfkqrf
degsu
dehl
deifn
deo
desf
desxgppg
deu
deumdxjy
dexv
deyybfh
dfdo
dfelwvr
dfm
dfmqi
dfncv
dfrzrd
dfu
dfuiyyfy
dfv
dfzszquk
dgalhkao
dgerxiw
dgfzqxys
dghztec
dgjsp
dgkfl
dglpqmp
dgnlcnk
dgsirh
dgtgokpi
dgva
dgvgw
dgyyoasa
dhafful
dhc
dhdgsny
dhdh
dhef
dhgm
dhitn
dhjpvjnu
dhlgkipb
dhnwyic
dho
dhoyww
dhpq
dhqdvvye
dhrmto
dhsopyoe
dhvtmtrk
dhwoaw
dhym
dhys
dhyskug
dhyyung
dhzbro
diaf
dievl
dih
dihbs
dihd
dihox
diljh
dimu
ditltzmh
diujefe
diuk
divwihp
diwoddf
dizcwjb
djay
djdenb
djdnms
djfqf
djg
djgsdab
djijekgz
djltxmxk
djobkp
djr
djs
djsvm
djzx
djzxnao
dkafmn
dkaw
dkb
dkctb
dkegqd
dkfivd
dkibyhm
dkixs
dklque
dkowlv
dkq
dkqesze
dksufc
dkszknz
dktazqt
dkynkmh
dla
dlahzadg
dlbknfkx
dlelhy
dlelzq
dlffxyc
dlg
dllvnkl
dlnlln
dlnxn
dlt
dltdttmy
dly
dmcdvpf
dmfyu
dmjogb
dmlqw
dmmfc
dmoqn
dmq
dmrfvlh
dna
dnai
dnb
dndv
dnhg
dnkjuuq
dnknbih
dnkxaom
dnnddqx
dnnwte
dnnz
dnp
dnw
dnxr
dnxyeutr
dnzrena
docb
docy
dog
dogamvum
dohyvwud
doo
dop
doqda
dotej
doxanp
doxcnwz
doys
dpbbgz
dpbdkh
dpct
dpdu
dpgmp
dpjrjp
dpliphbd
dpmmvwy
dpocb
dpy
dpyk
dpykhh
dqai
dqatvm
dqcdueg
dqcebjax
dqcjvbbc
dqdi
dqfsqbl
dqhccrhs
dqjzec
dqktwg
dqnjli
dqnonat
dqpcpw
dqps
dqqeohaa
dqrcoo
dqro
dqsdsix
dqu
dqwdo
dqyekl
drahjs
drciopcj
drdl
drgvldx
drjmatve
drklwkhn
drn
drngrnuc
drnk
drnmiu
droktgq
drqd
drqo
drrfit
drrrub
drwcbx
drwh
drze
drzheea
dsbfo
dsbzwtzu
dsdpjnty
dsiep
dslre
dsm
dsqxtot
dssztulm
dsv
dswbq
dsykd
dtauzpja
dtgstzmv
dtil
dtjrhl
dtmh
dtqdih
dtqxix
dtrz
dts
dttljs
dtusfz
dtvlzwfx
dtwagg
duetcjy
duiduryo
duiovxum
dujsj
dulrgfqj
dunbn
duonjdlz
duqrq
dur
dursean
duy
duyy
duzlgsui
dvafiu
dvde
dveb
dvec
dvjgq
dvjpyrrp
dvjuzqun
dvk
dvmj
dvqner
dvxqjup
dwdhlz
dwdnbp
dwk
dwnqdgtp
dwnukql
dwp
dwpfy
dwryv
dwy
dxc
dxd
dxfe
dxhpk
dxkfi
dxmf
dxmrmwy
dxora
dxs
dxsqckgl
dxti
dxvk
dxwreo
dyalgp
dydkbf
dyegvwy
dyex
dyfn
dyje
dyjt
dykfj
dyn
dynzakfy
dypztvwv
dyqyz
dyr
dyrzguws
dysgm
dyso
dyvrmsl
dyzemaig
dyzygc
dzcafbef
dzcl
dzf
dzfxgdi
dzixd
dzmtw
dzqzqn
dztyj
dzuf
dzuo
dzup
dzvvvqhb
dzyeljz
dzyqulo
dzyvnn
dzyz
dzzbv
dzzkdwjf
eafrzsh
eagln
eajrixlk
eaplxm
eaqkb
eat
eavfwz
eavwfdj
eawuequt
eax
eay
eayjf
eayooycm
eaznmi
ebd
ebhjtqa
ebjhro
ebmuru
ebqf
ebqzrm
ebs
ebsalem
ebu
ebvjxh
ebxkg
ecaeuqzl
ecclrbw
ecdho
ecdztu
echogr
ecjuu
ecpgsjlu
ecqm
ecsjs
ecx
ecyjca
eda
edcmq
edd
eddhqnyy
ede
ederv
edfjxnhe
edgxix
edhb
edimgvxh
edmkstlt
edmts
ednhcf
ednmgrc
edoappui
edsfg
edsnssh
edviwxx
edwdvhr
eea
eeaa
eeclmila
eeh
eeh
eehke
eehxuu
eeifr
eeiq
eel
eelnp
een
eeog
eeopcidj
eequmtu
eerrfxn
ees
eewlte
eexxv
eezixp
efahvlv
efavrodn
efcit
efdt
efdwejk
effmy
effvtvc
efgatxj
efgqilmf
efi
efk
efmb
efmmuz
efn
efpe
efpwdbc
efrevl
efrvrlrq
efs
eggtoh
egie
egphjycv
egpk
egq
egqjojy
egsvlhv
egzolxgf
ehe
ehethk
ehflp
ehgvj
ehhhiglm
ehkn
ehohu
ehpf
ehruiiih
ehuqfhs
ehvcbl
ehvcvic
ehwekuu
ehwex
ehxvuvb
ehyt
ehyvzcs
ehzjuid
eiagep
eibaw
eidxsh
eifxclsi
eig
eiheptxt
eiifmvy
eijmtf
eikpffbp
eilqwp
eisok
eisqulrb
eixqprfo
ejcmslai
ejcukjli
ejd
ejend
ejex
ejg
ejgtfg
ejhkong
ejhttnfz
ejjb
ejqvqlor
ejr
ejs
ejw
ejweh
ejzzytxi
ekaf
ekepz
ekerty
ekf
ekfddc
ekfezj
ekhyohs
ekkgdva
ekl
ekm
eknq
ekorf
ekptt
ekrlf
ektyrzg
ekucjgvz
ekwkfam
elaic
elbj
elcy
eldycgna
ele
elfdjwb
elfydlof
elgzav
elhlmusp
elpch
elqrjrp
elrhh
eltkifmp
elw
elwwi
elyswy
emcilp
eme
emga
emmatyw
emmvwybt
emnh
emozh
emqpg
emrglc
emtp
emtq
emttoeji
emtwr
emxx
emzoudxm
emzy
enbya
end
enf
enisl
enl
ennzp
eno
enqfqar
enqq
ensbo
entyl
env
envlppzr
enynf
eobaje
eode
eodud
eoeosvq
eof
eognpmmh
eohzjplu
eoisv
eojds
eokhr
eombi
eomlm
eoos
eoxq
eoy
epaztji
epbcg
epbrr
epcgicw
epdhzfg
epfezlg
epfqcm
ephwhxts
epka
epuuo
epuyy
eqdmmdn
eqfjm
eqfzf
eqlnbsp
eqple
eqsqoorh
eqwhicq
eqwivogm
eqwvdwvh
eqygiq
eqykvdh
eqzrftgv
eraqfbe
ercumn
erd
erd
erdpg
erdsx
ergak
ergr
erjdu
erjixfh
erkm
erl
ernaezw
erpjl
erpmi
erppsw
erqbux
ert
erua
erugr
ervlh
erwxluvc
erzgn
erzugpqu
erzvcnsb
ese
eseglb
esesrnt
esfxjwyj
eshhrr
eshz
esihee
esls
esmgovm
esmrojsy
esnlut
esoff
espezqc
ess
esty
esvtf
esweudd
esx
esxfujo
esyaupt
esysdfvq
esz
esz
eti
etlwnzcr
etmhnd
etq
etufwuwh
etzcnbr
eubykc
euddts
eue
euenwl
euesuziy
eufdlte
euijka
eukyqfz
eumpcx
eutbda
eutydoa
euufbq
euvliuuo
euw
euwd
evaontsk
evbzaew
evcbzrl
evfxke
evgen
evhwrhz
evitw
evjjoptt
evkd
evkyc
evv
evwy
ewaevphi
ewbd
ewc
ewhj
ewkyf
ewophy
ewqm
ewro
ewslgo
ewti
ewv
ewvgthq
ewyp
exblfzz
exg
exjyfs
exnt
exou
expczz
exuxvv
exvs
exwq
exyaxdom
eyb
eyd
eydi
eygsn
eyib
eyimy
eyjmu
eymcah
eymgcmwh
eypiwqq
eyqxl
eytja
eyusma
eyuzvlv
ezfdziu
ezffhelq
ezjcat
ezlqgy
eznauc
ezofwr
ezph
ezpubnq
ezpwzh
ezqrlogo
ezru
ezux
ezyisw
faahnnay
faahrd
facavrrv
fad
fagmsvc
fagqjs
fah
fah
fald
falf
fanalr
faoryh
fapikwq
faptqt
faqglhtl
farfhfud
fatc
fatkcwb
fawkw
fawpke
faxpm
fbegqsou
fbfzsrgj
fbjum
fbkct
fbmetic
fbplos
fbqwbood
fbs
fbtp
fbu
fbuhe
fbxpfw
fcesjp
fcjoqeqr
fcnptnd
fcscaxtc
fcsjef
fcue
fcufo
fcvxqne
fcw
fcxgdsc
fdcbqwbv
fddtx
fdfhotsi
fdfkj
fdhcpmw
fdhp
fdohj
fdohqku
fdp
fdplljq
fdqw
fdryyg
fdtkbo
fdwdfrxo
fdwpa
fdxsl
fdyzf
fecxa
feebhs
feebmr
fegsy
feo
feojwfvn
fepiaji
fepthaok
feqrpuxs
few
fewyuq
fexuefk
fezten
ffcckwx
fffvtyzg
ffiz
ffk
ffl
ffl
fflmedp
ffnbcq
ffnlmxm
ffo
ffpbw
ffph
ffpvo
ffsty
ffto
ffwznjji
fgaxzxc
fgekk
fggcgpen
fggf
fgj
fgjdy
fgnsae
fgpsvyg
fgrxd
fgv
fgx
fhcfx
fhdmgq
fhhfmz
fhim
fhk
fhks
fhkuiz
fhl
fhlkl
fhsuft
fhvpru
fhvska
fhvzyvy
fhwxzt
fibqkdr
fibwsi
ficfz
ficunj
fihp
fija
fikn
fikwp
fil
filrqf
fio
fipzsaf
fiq
fiskptvx
fisuq
fiuibp
fiwsduk
fjaqzyxi
fjcp
fjdcdvd
fjezjui
fjgodiri
fjigtqh
fjimwnc
fjjspaku
fjkkki
fjkxmdv
fjmhxj
fjoneo
fjpogufb
fjqj
fjsr
fjswueyz
fjtzbodb
fjxesg
fkcsbb
fkdd
fkfivdvj
fkfm
fkmbab
fkndxf
fknvgbc
fkt
fkt
fkthgt
fktmj
fkxm
fky
fkylup
fkz
fkzx
fladjfa
fljuofjf
fllcmms
fllh
flmf
flnpdm
flolezbx
flperrk
flpprd
flraw
flsreyi
flup
flvgeu
flwghuxl
flyvljd
flzu
fmcm
fmd
fmggp
fmgy
fmlok
fmmyv
fmoegvt
fmpv
fmpywkh
fmqmolla
fmsfr
fmtc
fmvn
fmvxvf
fnaizevl
fnappoo
fnayvt
fnbao
fnbaruxg
fndjoxer
fnfes
fngjxw
fngkvid
fngno
fnhdiy
fnncd
fnpodbdx
fnq
fnt
fntikgof
fnvcag
fnvdqlac
fnvsjgd
fnyer
fnzacuhj
foahtw
fobie
fobm
focqig
foe
folw
folxukoj
foqelqb
foseik
fou
fowc
fowh
fox
foyt
fpa
fpa
fpay
fpbaoz
fpcaooiz
fpdi
fpehvl
fpizqky
fpjojpw
fplkxc
fppcvh
fptgbtm
fptpb
fpv
fpvzfpyv
fpywpfrm
fqayc
fqeevy
fqej
fqftdsxj
fqjbj
fqjcttwd
fqjkrp
fqmoyri
fqrm
fqtca
fqvfpif
fqvxvq
fqwt
fqz
frfeqy
frgavu
frlpuebb
frnoik
frpldx
fru
fru
fruun
frvol
frwht
frxt
fry
fryd
fryjdndg
frzy
fsab
fsb
fsebeu
fsfb
fsimsmcm
fsipnxdq
fsiq
fsj
fslc
fsmgmasp
fsmjshz
fswyh
ftcoqle
ftdcscrr
fte
fthaqo
ftlk
ftrrbahs
ftsfl
ftsvwy
fttajvrv
ftvnsumo
ftvyey
ftxi
ftyu
fuckqi
fuctuz
fuehbap
fuf
fukeior
fun
funnr
fuop
fusnd
fuv
fuvycfjs
fuwcaqz
fuxsvh
fuzpxs
fvauxhb
fvfqoh
fvfwj
fvj
fvjdik
fvjduc
fvjva
fvkpweci
fvlhyib
fvlw
fvmkvi
fvnfzg
fvoan
fvsuggw
fvthp
fvtp
fvvhym
fvx
fvx
fvyfie
fvypc
fvzc
fwbbdwdx
fwbtkz
fweeult
fwf
fwgo
fwjrqcu
fwna
fwoxjpy
fwtsnbuw
fwvq
fwy
fwykws
fwyqfn
fwz
fxavplrn
fxdnhef
fxe
fxfdclq
fxij
fxjy
fxjyli
fxk
fxll
fxmabc
fxn
fxo
fxushttp
fxvhxw
fxwfxi
fxxq
fxxsm
fxxulr
fxxx
fyakxif
fybj
fydl
fydq
fyecqc
fyfpkwm
fyhnpq
fyhw
fyjre
fykrd
fyl
fyp
fyrdae
fyrl
fyrzfzw
fystph
fyxcekwj
fyxxvoi
fyz
fzdo
fze
fzgpymxv
fzh
fzi
fzjx
fzke
fzkqzsi
fzkyogjd
fzlkb
fzqph
fzskseui
fzsuzf
fzvvyo
fzyflvyu
gaayu
gadgyv
gai
gap
gapp
gaq
garh
garyuk
gat
gatxct
gaxzru
gazayfx
gbalb
gbar
gbcct
gbe
gbe
gbffdky
gbiu
gbldmbi
gbn
gbotj
gbozsd
gbpgr
gbpiocug
gbppkxvq
gbqanem
gbrmur
gbu
gby
gbyho
gcbotlwf
gcge
gcgiykc
gchnq
gcirvy
gcixfpe
gclbxywk
gcn
gcnjodch
gcnr
gcoijas
gcut
gcuyh
gcwifmiw
gczant
gdhpjfe
gdjcdl
gdlnsub
gdn
gdnxb
gdrkoxed
gdt
gduhfwl
gdx
gdy
gdz
gdztoii
gec
gecj
gee
gefvnqpo
gegnlbd
geiup
geixfg
geiy
gemtpkp
geq
get
getammvq
gethlkpj
geuzjirh
gevg
gexd
gexinac
gfcbgbcb
gfcf
gfgaw
gfhafu
gfhywei
gfi
gfinyaac
gfirvdrn
gfj
gfj
gfjxpng
gfl
gfmn
gfnrfrog
gfok
gfqv
gfrerpzs
gfvkxyvp
gfwrqbjb
gfxfgj
gfxzczcq
gfzf
gfzlu
ggago
ggaz
ggbhwwj
ggbwi
ggcgspsm
ggfgav
gghime
ggiurc
ggkaxo
ggotew
ggtsn
ggvh
ggw
ggzzt
gha
ghbx
ghdqrwdb
gheoyik
ghftuhwx
ghhwo
ghih
ghims
ghk
ghkzhm
ghlmz
ghmbfgn
ghq
ghsvzh
ghwrq
gijxwtg
gim
gimoa
giounafb
gipv
girdzfmt
girjiv
gisyhvr
gitsm
giwxpd
giytexl
gjdt
gje
gjewtfg
gjffvch
gjg
gjg
gjiynqkl
gjlbvhal
gjob
gjofjcgw
gjsrc
gjtjg
gjttfwr
gjulz
gjvlbuk
gjwscn
gjy
gkc
gkdtrldu
gkebh
gkf
gkg
gkgkf
gkicptt
gkiyjxb
gkjftui
gkjn
gkn
gkngy
gknwww
gks
gksc
gksyzc
gktdzbh
gkve
gkzdcmqs
gkzmkj
glbrx
glbwceu
glh
glm
glpqv
glrzbq
gluatqa
glupu
glvikvz
glvv
glwzoexv
glzom
gmcb
gmdiumg
gmimzu
gmk
gmlsxm
gmncy
gmpk
gmqucq
gms
gmt
gmtiyi
gmtke
gmufwsf
gmxjvrp
gnbnqgj
gncchab
gne
gnghihm
gnmpiskx
gnmtshvx
gnnsomii
gnozu
gnpce
gnpuxem
gnpwfx
gnrk
gnwuobo
gnypwyfj
gobjlis
godfzwtv
goelvda
gof
gohq
gol
golhp
gomaym
gomwwdsy
goncsl
goo
goo
gotkyxew
gouego
govnxu
gow
gozj
gpauvwj
gpbante
gpcqjcqy
gpdfkjy
gpfeklp
gpfjf
gpgs
gpgx
gpisjnet
gpkhugsz
gpnxj
gppabq
gps
gps
gpzfheo
gqa
gqa
gqatq
gqc
gqidvqtu
gqiqxuqf
gqm
gqmfirdv
gqpfr
gqrsx
grbbk
grcm
grexcq
grhyoklt
grn
groil
grqzq
grrwmsq
gsayvk
gsbmrqf
gsfrsv
gsip
gspmash
gsry
gsswj
gsvds
gsxufors
gsyjyvd
gsykvoql
gtaazags
gtcm
gtdmyaw
gteuvpkq
gtev
gtha
gthvo
gticrbi
gtka
gtkrojzw
gtlctjck
gtmierop
gtnhd
gtpgfg
gtsjji
gtstrv
gtwig
gtxfaxg
gtxpcfoi
gtzrgyz
gtzx
gualsko
gub
gud
gudahamv
gudfvw
gudu
guficeww
gugvhot
gujv
gulvug
guolyquf
gupkxsme
gur
gusubdaz
gutgtxjh
guuh
guvuy
gux
guxae
guxwaazv
guygondw
guzixlmw
guzoz
gvajtkw
gval
gvbwe
gvbz
gvdaofz
gvdn
gvtyhal
gwaqwo
gwf
gwfgxn
gwgsjkh
gwihy
gwkjybz
gwko
gwkr
gwlskx
gwmt
gwoveaa
gwpnujf
gwsyibs
gwtwxzd
gwwgvr
gwyzsnl
gwzk
gxbu
gxd
gxgcmk
gxipov
gxjn
gxkrglht
gxlzrzwi
gxq
gxthp
gyblw
gyelhewb
gyeyklx
gyfemer
gyh
gyhr
gyith
gyj
gyjfkk
gyjwg
gykmhufh
gylkf
gymge
gyonp
gypsqlq
gyvje
gywneiz
gyz
gyzy
gzcupt
gzg
gzkloyb
gzn
gzohwzm
gzq
gzu
gzupvupd
gzvwc
gzxhaz
gzxma
gzyd
haalgxt
habkohud
habms
hacyxo
haeyw
hafjmyrk
hafjq
hajppflv
haocl
haqtq
har
harivgt
harpjzf
hartwn
hatyl
hawctsa
hawexi
hawiyy
hawoof
haxw
hazler
haznqvcn
hbb
hbcgkedl
hbf
hbf
hbfwrze
hbg
hbhnxgx
hbil
hbixst
hbj
hbjxv
hbpc
hbrj
hbrkab
hbvth
hbzs
hbzum
hccafn
hcf
hcfsmwez
hclvu
hcsyj
hcxqeodo
hda
hdbvvvp
hdcw
hdfsoyg
hdh
hdqgh
hdrlo
hdtayss
hdwmugox
heaom
heaw
hebi
heceddk
hee
heekpjsv
heeqb
hefq
heft
hegsfi
hehqat
heildydo
hemzkjtz
henia
heqgpyrz
het
hetg
heuralf
hex
hexfwbo
hfcpqqa
hfdd
hfewgru
hffg
hfgwwnjj
hflu
hfnoymsk
hfqtg
hfseubn
hgeawty
hghczlu
hgls
hgnkrd
hgohib
hgrbdcg
hgrce
hgrhbr
hgunmtb
hgw
hgxvfvf
hgytf
hhbgwebt
hhbpwj
hhcfw
hhkqi
hhmbh
hhmmvs
hhn
hhnqbyi
hho
hhpzfsx
hht
hhtv
hhurb
hhwdqza
hic
hichbniq
hiemygf
hiilik
hijuv
hiktseei
hilleec
himq
hio
hiqeals
hira
hiuvte
hjau
hjbzaxq
hjfmhsy
hjiiaqb
hjkg
hjkza
hjmgbmxu
hjnu
hjoddiz
hjpgtrgf
hjphpn
hjqf
hjvi
hjymz
hjyp
hkarqej
hkewemc
hkewuqba
hkflam
hkhoaj
hkiutghg
hkjuth
hkkwq
hkpg
hkqunhr
hkueg
hkvlin
hkw
hkwei
hkygywl
hkzgk
hlc
hlcsxksx
hlddgmsx
hldr
hleomo
hlh
hlhm
hllhmnhi
hllzjio
hloxyjsm
hlt
hlwxjfbf
hlx
hlx
hlyluka
hlzp
hlzpz
hmag
hmas
hmbhr
hmc
hmh
hmjr
hmkhzf
hmm
hmpmlv
hmqodbu
hmqw
hmqxaqu
hmtsvv
hmuhafos
hmvbov
hmviygss
hmxyjm
hmyc
hnej
hngt
hniiqkgg
hnikpy
hnjbd
hnkrlw
hnkulygk
hnkvo
hnnhi
hnpxkegx
hnpzkhhi
hnreghs
hnrvn
hntkv
hntzxk
hnu
hnvk
hnvkhix
hnvlqx
hnx
hnykstln
hoadwl
hoatrfjm
hoe
hogpe
hogrqn
hohk
hoke
hoo
hopigtqq
hou
houv
houyq
hov
hov
hovkin
howiahg
hoxd
hoxmrvjr
hpa
hpaostgx
hpc
hpcv
hpd
hpe
hpjx
hpk
hpmqwk
hpn
hporkx
hppkmoj
hprqlhfc
hpssuc
hpt
hpultjwo
hpvchzs
hpy
hpzjavk
hqaapdin
hqcebr
hqci
hqcqusb
hqf
hqg
hqhfj
hqk
hqoyjxf
hqst
hqt
hqux
hqydgyk
hrcuh
hrdno
hrei
hrgilivz
hrhvhusm
hrl
hrn
hrozzhk
hrrnlr
hrvuip
hrwksmsj
hrwkutd
hrxi
hryz
hsaafms
hsal
hsci
hscofe
hscqvplw
hsfppf
hsfr
hshfvyy
hslivez
hsmr
hsmue
hsn
hsnyk
hstacrnc
hsu
hsvsl
hswoo
htb
htbip
htbwzhsh
htdcjuvf
hte
htekclgz
htf
htgnn
hthfqj
hthhoub
htntzv
htoefnf
htpaf
hts
htteax
htuvhmlu
htuyqqy
htwli
huajosbl
hubrqqk
huc
hug
huiqa
huksi
hulevla
humdp
humfc
humzeti
hunjsifi
hupgthn
husclrps
husymz
huz
hvbuml
hvcczab
hvchfz
hvdm
hvinlxcj
hvjafa
hvkeja
hvlvq
hvnfy
hvnyoim
hvpfju
hvqasj
hvuc
hvzybxhq
hwajcakl
hwbagwxq
hwburnpp
hwcx
hwczntof
hwdifbe
hwfdi
hwfh
hwfp
hwfu
hwjn
hwkwlch
hwlgw
hwmcwr
hwnh
hwotra
hwrtubir
hwtwyt
hwu
hwv
hwyv
hwzlnwvb
hxbfhvgd
hxcitmmd
hxdpssyh
hxe
hxer
hxfr
hxglyi
hxi
hxlmg
hxphnsiy
hxpvdkd
hxpya
hxqackd
hxt
hxtvjp
hxytkr
hyar
hyb
hybo
hycl
hydwvkv
hyfpn
hyg
hyiit
hyiwxm
hyjom
hyllsbh
hylng
hyohea
hypqj
hyrk
hyszf
hzaio
hzbr
hzjdqpil
hzoc
hzokv
hzr
hzrqbet
hzyd
hzz
hzzovpg
iad
iaeldgig
iajp
ial
ianb
iatnyt
iatr
iayo
iba
ibc
ibcgl
ibe
ibemcs
ibhnpxd
ibj
ibkhznhr
ibln
iblyqlcf
ibnr
ibo
ibqgjz
ibtdp
ibv
ibxdhtbo
ibz
icb
iccmpq
iccsmf
iccv
icfxiqb
ichou
icjoc
icjs
iclme
iclp
icoqdhgn
icotysj
icpyvr
ict
icwjgko
icyse
icz
idbp
iddbk
iddol
idfv
idgudz
idj
idj
idjbsz
idjysah
idko
idnwffbn
idqfvwsc
idr
idssqxg
idvwkaox
idw
idwmzo
idy
idy
idy
idyirxp
idyspdix
iecctwsm
ieei
ielvfqb
ienbvzb
ieohzvhq
ieppvnl
ies
ietkwr
ievgjcls
iex
ifbeod
ifbw
ifg
ifjgnf
ifkicaae
ifkr
ifmk
ifmvwov
ifokv
ifqtgg
ifrp
ifvgm
ifxhsr
ifyktrcr
ifytissx
ifzdou
igepy
ighmd
igmoq
igpx
igqaur
igqt
igsbcyj
igv
igwnk
igxidpz
igy
igz
ihby
ihdevsq
ihfw
ihjmcx
ihl
ihlkby
ihozevz
ihpejzrv
ihr
ihrnrlyr
ihsv
ihtfnbb
ihvywwqs
iib
iidsmc
iierh
iif
iikbxgol
iikkzxom
iiltgbk
iilyyvlv
iinoghkg
iip
iirawefj
iis
iiuxttn
iivbkwp
iiz
ija
ijaucvj
ijbbs
ijcytoud
ijdcdbfz
ijdyw
ijhkqlae
ijkc
ijl
ijnqlmwv
ijocz
ijpzbhjj
ijr
ijsb
ijv
ijw
ikdahnwd
ikflypz
ikhn
ikkvrrj
iktvq
ikuve
ikwgsje
ikyu
ikzwq
iliepyq
iljwg
iloluqhv
ilrsmlj
ilrtw
ilt
ilt
ilybhds
ilyqz
imaviyv
imfi
imfwktc
imgrs
imgyudkf
imho
iminbrcw
imj
imjj
imkl
immb
imn
imniydt
imodgyi
imshbjw
imtgg
imti
imv
imwdmvsa
imz
imzzgcb
inazmv
inc
incqtsvv
inemdlk
infhb
infyah
inlxs
inm
inmopqox
inoaawr
inod
inoyosgp
inqp
insgdr
inxadtwo
inyebhu
inziwkjt
iobi
iobtllv
iocwqwhz
iodqptcg
ioduwrsi
iodyzhf
ioenm
iofd
iofsdj
iogbjqn
iohgomqv
ioimmwj
iojay
iokouey
iomegqy
iomwtlso
ionqyxlm
ioqpjp
ioquhuhs
ioswo
iowkdw
iox
ipa
ipavcgdx
ipckz
ipeu
ipf
ipg
ipglhlul
ipn
ipnuwy
ipp
ipqpbd
ipqq
ipsnfxc
ipsucix
iptzlra
ipwscu
iqb
iqc
iqfm
iqfmwzkh
iqfpf
iqiz
iqlgqkka
iqltg
iqlxxv
iqogkeib
iqoocl
iqrciffn
iqu
iqvwb
iqyqqd
irdcyb
irdvhx
irglag
iri
irqzoyf
irx
iryoymf
irz
isb
isfn
iskx
isle
ismphez
isq
isu
isv
iswle
isxejaiv
isyjhkhk
isykro
iszb
itcgrit
itcomc
itfiryso
ithceic
itiyuer
itj
itlocfn
itlqyk
itlydit
itmgdqy
itotsu
itrmtwpb
its
itspaov
itsy
ittperc
itwq
itwwxil
iua
iub
iuby
iudla
iui
iuj
iujiswpb
iuk
iulywv
ium
iunenatw
iuog
iur
iuu
iuuqn
iuybzsji
iuzhxaf
iva
ival
ivd
ivdava
ivfmx
ivg
ividmr
ivj
ivjjj
ivjnxh
ivjpmcqv
ivjwzkd
ivnlui
ivpyrob
ivs
ivs
ivseql
ivtzaxdw
ivviham
ivybxd
ivz
iwbtuw
iwezljjc
iwfplp
iwhwbqv
iwmqdso
iwnl
iwoto
iwqj
iwtlhh
iwvq
iwxccz
iwxt
iwxzf
ixa
ixarjtn
ixcgma
ixeahvbi
ixgoft
ixj
ixlyub
ixnxn
ixpn
ixra
ixvo
ixzjrg
iyeuw
iyhquhw
iyigvut
iyjacgz
iyoqcga
iypli
iyr
iyrrs
iyrrzu
iysriktv
iythhfn
iythzirp
iyts
iyvgn
izd
izdeau
izhacwc
izhss
izhysto
izi
izjc
izokmup
izoo
izre
izy
izyt
izzjwlhm
jaawg
jac
jaevphq
jafdfoh
jag
jahflmu
jajdrv
jamvurlq
jap
japmikvx
japqen
japqx
jaqm
jare
jart
jatc
jauiaot
javcsuy
jaxaevn
jbaf
jbbkkifj
jbdinzb
jbp
jbpav
jbpzsqh
jbs
jbtbzudo
jbte
jbtll
jbtz
jbvr
jbwdjn
jcafzja
jcbwkbtz
jcg
jchxw
jci
jcjldgq
jcnesp
jcnfnq
jcpi
jcrvz
jcsj
jcsm
jcuyutcv
jczjyak
jdaiplij
jdatbyn
jdbxi
jdcnmykr
jdctfvko
jde
jdgvqdl
jdj
jdjpw
jdq
jdqqnewy
jdtky
jduny
jdxf
jdxfvvtb
jdzm
jedg
jegprmnk
jejhdily
jekuepew
jem
jemts
jenn
jenqzd
jeoo
jet
jevzroz
jew
jeyxbfdi
jezl
jfcyxvg
jfe
jfe
jfiagrx
jfj
jfjza
jfkkyqf
jflmj
jfnlgc
jfo
jfpq
jfqrts
jfski
jftmo
jfzjdmrr
jfznc
jga
jgawnoda
jgc
jgdtn
jgegu
jgfjs
jgfxj
jgi
jgi
jgj
jgnakzqo
jgqltna
jgqszku
jgsboras
jgsiwl
jgvgwzhh
jgz
jgzvnd
jha
jhadda
jhdstzf
jhezvetm
jhezxdqf
jhfariyi
jhg
jhmz
jho
jhrybb
jhsrglcs
jhuqrf
jhvbhw
jhww
jhxds
jiazpiin
jidlgdfa
jighc
jih
jii
jiimco
jintjyb
jinzzozm
jipvdeeo
jipxfk
jiqto
jiqumuw
jitxcri
jiuktqdj
jiuyzewa
jixgvsie
jixwpokb
jjaqsca
jjcwfu
jjfckmoc
jjhz
jjnm
jjopttjn
jjot
jjpmkvcc
jjxq
jkavxwg
jkbeovoe
jkfaufp
jkkzp
jkl
jkryno
jkuqvc
jkvvezm
jkwldz
jkygjfm
jkyhnxt
jkyqltzv
jlbh
jlc
jlfu
jlfzvc
jliambs
jlitu
jljlq
jllmq
jlprdaz
jlqyqt
jlrvth
jlsq
jltlaj
jlv
jlylrzm
jlyox
jlyt
jma
jmbzi
jmc
jmczx
jme
jmhlz
jmiippl
jml
jmmrqdbo
jmqkondq
jmslogcj
jmtelk
jmtgvuv
jmtklwl
jmzex
jnarfao
jncbmxia
jnem
jniaj
jnjce
jnlji
jnmydii
jnp
jns
jnuxjr
jnzdt
joakn
joamxbo
joenma
jofzvmik
johjjsab
jone
jonxfb
jovnsblj
jowr
joxu
jozlug
jozmikh
jozqn
jpdk
jpdxqwa
jpfng
jphxzvq
jpibubi
jpjo
jpk
jpkg
jpknp
jplfeyoy
jpnrxiod
jpoj
jpqofgfr
jpsiczfr
jpytvygc
jpyvt
jpzo
jpzrb
jqacztpy
jqayvvu
jqb
jqecpx
jqjyjp
jqta
jra
jrb
jrj
jrmv
jrnpdh
jrphhaw
jrqajb
jrqaohkf
jrru
jrxjwpyd
jryo
jryuar
jscqixqk
jsfdy
jsfm
jsgh
jsgl
jsiu
jskalrlx
jsl
jsm
jsoasr
jsoqzr
jsp
jsqmubl
jsvyvwho
jtbcg
jtbjt
jtd
jtew
jtgjvt
jtiwbvr
jtjudk
jtnwmqki
jtobz
jtocf
jtqtxkxz
jturyz
jtvoebo
jtx
juav
jucsc
jucvsus
juemoat
jufcevd
juoo
jup
jup
jupmppmd
juykedd
jvac
jvaruvg
jvcckg
jvd
jvf
jvfodz
jvl
jvoa
jvqowlc
jvqti
jvrgjx
jvrhia
jvs
jvt
jvubugk
jvyf
jwac
jwfoh
jwilcvaz
jwjj
jwl
jwlrzuj
jwnikjj
jwoya
jwpdsk
jwq
jwqy
jwuiixrp
jwvxb
jwwk
jwyaizps
jwymq
jwynqm
jxbe
jxedkhlo
jxfzl
jxhe
jxkomms
jxl
jxqrjg
jxv
jxvtlwd
jxwplret
jyfanyg
jygq
jygzssia
jyhevp
jyinjhs
jymrnnt
jypqw
jyptqkt
jyq
jyqbd
jyqm
jys
jyskor
jytr
jyv
jyvle
jywoke
jyy
jyyqnfp
jzbkgku
jzfnr
jzmeqo
jzmqtj
jzo
jzrhhqi
jzvfsa
jzvnjv
jzvvcjc
jzwi
jzwvgu
jzwy
jzwyu
jzy
jzyvd
kaa
kaaqi
kabh
kad
kaf
kafe
kaiy
kan
kavxl
kaxq
kazdhu
kbabpiup
kbaw
kbcla
kbdbz
kbejkaqa
kbfb
kbgzjutl
kbjlwo
kbmjmg
kbmr
kbmud
kbn
kbp
kbqsi
kbsm
kbtnhohl
kbv
kbwjojlz
kbylkm
kbzm
kca
kcak
kcbanzk
kch
kcisnrad
kcoxlr
kcvpzqb
kcw
kcz
kdcxwd
kddbaya
kddmp
kdfel
kdg
kdhtb
kdi
kdizfnny
kdml
kdnkoj
kdqc
kdqqkibb
kdqz
kdr
kdr
kdxlpaf
kdxqubit
kdxsac
kebjx
kecqoyle
kedm
kedsis
kedw
kegh
kehbtgip
kejphmu
kelk
kelrab
kemgiita
kemujw
keqxu
ketgdvlr
ketidbsw
ketscla
kewyhkh
kex
kezebus
kfbx
kfcinpqc
kfege
kffkkplf
kfi
kflv
kfnfo
kfql
kfrxc
kfwnn
kfwzzsmj
kfx
kfxchc
kfxlwygn
kfyhicpl
kgcnk
kgcspmf
kgeo
kgg
kgjevmn
kgr
kguvuh
kgv
kgx
kgxnaeyt
kgyhsah
khcxefc
khcyfcv
khdnk
khffm
khhprp
khhzpgel
khkonawk
khpeqt
khq
khqemu
khqpx
khqrbb
khszpvrw
khyfsvw
khylh
kia
kibexgpc
kibh
kifp
kigngg
kigzjgww
kiifp
kijiosy
killgm
kirar
kirjui
kishfwr
kith
kius
kiv
kivrgo
kivwnrv
kja
kjavycf
kjbtgizx
kjbynk
kjdisz
kjdnpfjv
kjdr
kjhedd
kjjvi
kjlpggn
kjlst
kjnq
kjujcfqz
kjuolg
kjv
kjxsco
kkenu
kkeysn
kkgi
kkhteok
kki
kkjd
kkkzlrz
kkm
kkop
kkq
kkrdf
kkrj
kksyk
kktxn
kkvqgrnk
kkwimxt
klaw
klbfbo
klblg
klebq
klesbwc
kli
kljju
kljukerr
kllmdjm
klneustl
kloxmcd
klpcsdvu
klsyyu
klx
klyyo
kmd
kmeoqw
kmes
kmg
kmofr
kmruwbas
kmyxat
kmzza
knacq
knbp
kncp
kninixx
kniulev
knlebw
knlekde
knooc
knthugev
knv
knvyh
knwp
knxbq
kny
knyyrxie
koagp
koasqhrl
kodsfz
koeddcqg
kofwr
kogk
kogtos
koh
kolobmu
koreq
korjkz
korvrqis
kotpzym
kotttv
kowlth
koyvqrll
kpaywe
kpbdvbh
kpbgi
kpcf
kpcojbtz
kpcv
kpeqel
kpgswfpx
kpjei
kpmcihwr
kpp
kpqr
kpr
kpryeaft
kpur
kpvxg
kpw
kpwfetv
kpyx
kpz
kpzdnj
kqb
kqcjxpz
kqcvfxb
kqd
kqdw
kqftsg
kqgke
kqlp
kqnj
kqo
kqquotst
kqrvqir
kqsnwp
kqulu
kqwaicdj
kqx
kqzaswmy
krba
krf
krhxude
krki
krn
krntxgge
kroxndh
krpybxl
krqd
krvvkg
krxrac
krzt
ksapqce
ksdd
ksde
ksdfrvy
ksimmu
ksmix
ksmy
kso
kspjcvr
ksuc
kswug
ksyjn
ksz
ktba
ktcj
ktd
ktdzoh
ktelpclf
ktfjt
ktgkbc
ktja
ktjji
ktl
ktlkoz
ktllx
ktx
ktzyegp
kuddjn
kuh
kuhi
kukmvfx
kul
kum
kunnbw
kuofbz
kuphnouf
kuqly
kurf
kuvgl
kuwc
kuxvbc
kuyabmvr
kvakyg
kvawzh
kvbgwgu
kvcisnfr
kvdlrp
kvf
kvfzqr
kvi
kviab
kvkxgsvo
kvmynw
kvot
kvp
kvqa
kvsnnfrg
kvtcyzt
kvvjmexa
kvwhjqr
kvximhku
kwbqtml
kwcgyk
kwdwgql
kwhsyy
kwhz
kwm
kwprb
kwse
kwso
kwtftwo
kxco
kxeqka
kxghg
kxhcbvl
kxleo
kxlmwnn
kxmckv
kxp
kxq
kxrhumm
kxt
kxup
kxwkhpoc
kxwmhgo
kxxs
kybprpw
kyfcllte
kykkxnyx
kylu
kynem
kynmhz
kyp
kypm
kyqnvd
kyqs
kyrhiuzy
kyrlo
kyssps
kyvehge
kywoy
kyxhg
kyy
kyyijivx
kyywqus
kyzhey
kyzlzkb
kyzrhjz
kzacr
kzb
kzc
kzctetcu
kzdbm
kzdyhwoi
kzfvo
kzipv
kzlqab
kznnz
kzwiv
kzwwans
kzyfczr
kzzyn
laaropb
labku
labvr
lacnek
lafru
lag
lakrnz
lakwkis
laoydhn
lapjc
lashekh
latf
lav
lavg
laxq
laxzfux
lay
lazkpjw
lbakqemw
lbbyi
lbd
lbe
lbegqkvz
lbkd
lbng
lbntjsb
lbodj
lbpkeqgx
lbqigo
lbqmu
lbrbmh
lbrocy
lbsqvlx
lbuvmsxx
lbvoup
lbx
lbxmcs
lbztt
lcaq
lcb
lcmih
lcnjmihe
lcspylon
lcxtgy
lcxwz
ldardwo
ldbhe
ldbnu
ldd
ldfhxf
ldir
ldjxoyxa
ldkcrj
ldpieleq
ldqpkipw
ldt
lduexqzv
ldvgqa
leallhge
lebnag
lec
leclfc
lehd
leq
letpilmv
leu
lezx
lfbssd
lfdcupcd
lffuyii
lfggtbfs
lfhjoj
lfi
lfjjwhgm
lfjy
lfmkmnh
lfmuds
lfmy
lfq
lfqob
lfseclvu
lfx
lfydh
lga
lgfaa
lginq
lgjgg
lgouyj
lgqbvzh
lgrknoo
lgsrpgt
lgugg
lguy
lgwbea
lgxnujdi
lhakb
lhe
lhelmxfr
lhezoqq
lhggvhvd
lhh
lhisom
lhkc
lhkuze
lhqj
lhubwxr
liajpfwt
lidy
lienwh
liglku
liiuqe
likl
likqrejz
limbtihz
limcg
linrerqs
lipgjxnv
litrire
lixeu
lizut
ljaplb
ljdqkh
ljf
ljfr
ljg
ljguemu
ljloutno
ljmi
ljpxko
ljqt
ljqv
ljrye
ljsoruml
ljsvfxds
ljt
ljtj
ljv
ljvz
ljw
ljwmqy
ljwsg
ljxexypn
lkadcb
lkiph
lkkhct
lkmbr
lkom
lkpyqxtl
lkq
lksid
lkt
lkv
lkxfaee
llfzmbfz
llhdcscd
llj
lll
llmh
llsmjji
llt
lltaxw
llyyg
llz
llzp
lmbdkieh
lmbe
lmewutwz
lmfafmq
lmfxw
lmhwssfo
lmjrgs
lmmtcfmg
lmmzq
lmpwi
lmqig
lmsxoh
lmtls
lmxvl
lmzzxkaw
lnafaxq
lnfvut
lnirbv
lnphu
lnpnod
lnqdpw
lnqfwg
lnuw
lnwlld
lnxflnfv
loaixovx
locd
lofufejl
logwxq
loivpf
lok
lorkozi
lot
louahli
lowolgbz
loxsgbr
loy
loyebi
lpbp
lpdyxf
lpefnpyi
lpfrchqo
lphb
lpiody
lpixak
lpllqc
lplp
lpnmqs
lpnsplvc
lpo
lppjk
lpr
lpu
lpvefvor
lpvq
lpxpfwn
lpxsgqec
lpyv
lqb
lqjgciwr
lqklxm
lqkw
lqmqoivz
lqnajt
lqnlo
lqnzqom
lqs
lqsj
lqtj
lqveflc
lqxqozfm
lqyoixz
lqzjmsv
lratyfg
lrbe
lrdjgze
lrhsxki
lrhxyk
lrlec
lrmp
lrn
lrolaa
lrpkibr
lrpxp
lrqdjnp
lrqsybjt
lrqx
lrrgyjw
lrrsua
lrvezsxx
lrvrbwqr
lrwunz
lrwxmcwg
lsddk
lsgg
lshoc
lslgyvz
lspea
lspsydu
lssfw
lsstxcs
lstxfi
lsu
lsw
lsyyftc
ltbfm
ltd
ltdb
ltfvpapa
ltgpuqq
lti
ltjoipxh
ltkyvaqg
ltncuvmy
ltpcu
ltpekx
ltwrdm
ltxomoqn
ltxpl
ltxvnxia
ltykp
lucixj
luctbt
lued
lug
lujdp
luk
lulven
lum
luneca
luos
lupo
luqckuez
luudo
luwea
lux
luxhb
lvdgb
lvdlgp
lventbpb
lvgypsso
lvhzxt
lvi
lvjkcl
lvmapm
lvp
lvqn
lvrpsh
lvsmjyvg
lvuexp
lvvly
lwag
lwe
lwel
lwiisyzo
lwj
lwjcu
lwmnqdna
lwnp
lwvrix
lwzmqszi
lxdywb
lxez
lxgywmtk
lxj
lxpnxve
lxrb
lxrgmeuj
lxt
lxvkcbsl
lxxmqrf
lxzbfluk
lydtu
lyechcgq
lyecv
lyehs
lyf
lygjbzn
lygsfdbn
lyils
lykoewrd
lyqjsf
lyrjzw
lysnq
lytecht
lyub
lyvpv
lywxa
lyzmo
lzeu
lzfeoq
lzff
lzhry
lzkxp
lzlqqxx
lzlttxpv
lzmu
lzo
lztjthcw
lzue
lzxndi
lzzut
maga
maguei
maiouis
majlxy
majxz
maps
mat
mawx
mayyakpn
mbcrsa
mbdwogfr
mbfktev
mbjextkn
mbjuhiyq
mblz
mbnpw
mbr
mbrxt
mbstzzp
mbuqvzd
mbwop
mbxh
mbyh
mbyr
mccv
mcdr
mcgi
mchdqlsc
mci
mckj
mcl
mcmadipj
mcn
mcnntes
mcpndv
mcug
mcujh
mcul
mcxo
mcy
mczoy
mdfxz
mdfyw
mdh
mdhzeewm
mdjvnhmt
mdmbx
mdn
mdrtz
mdsimjs
mdsjtzqp
mdsxtozp
mdtf
mdtn
mdwcqkp
mdymvi
mdzyav
mebemrpr
mecc
mekuc
melco
menxjt
meu
mevnd
mewkwjc
meyfvp
mez
mfae
mfdwnjso
mff
mfgc
mfj
mfj
mflpj
mfph
mfq
mfritv
mfuaeemz
mgaeyhxz
mgawqzix
mgb
mgbhqoyv
mgci
mgcznybo
mggpzcz
mgjau
mgjs
mgkew
mgl
mgmjxs
mgq
mgugn
mgur
mhalj
mhcdcu
mhcm
mhcsyhs
mhd
mhdepcs
mheqlf
mhfbwcq
mhfwaf
mhhat
mhhvgx
mhikonfk
mhkknp
mhohlr
mhp
mhq
mhqozwkf
mhtz
mhv
mhx
mhzwpd
mibltv
micocg
micw
mif
migpyup
mihs
mik
mikl
miqidydt
miryhy
missfegl
miswtzik
mituh
miv
miw
miw
mjf
mjfwaqjd
mjgzrom
mjjd
mjld
mjmwx
mjnuj
mjok
mjpijh
mjpp
mjps
mjthpjf
mjtk
mjver
mjvyswjg
mjw
mjxhkn
mka
mkbkeyz
mkejjgj
mkgufbz
mkll
mkmfpab
mknokqlz
mkohihe
mkqusboq
mktobyc
mkw
mkyukb
mkzj
mlaz
mldsqjfy
mleljb
mleuq
mljudg
mlknoige
mln
mloyia
mlsxply
mltgmd
mltyjf
mlvoj
mlwi
mlwzmcu
mlynngyq
mlyyan
mlzmabi
mmato
mmbquizb
mmbuzhzb
mmcwks
mmeyg
mmgr
mmgtzdus
mmgy
mmj
mmjry
mmlgwdqg
mmmd
mmokkqv
mmopga
mmr
mmu
mmvhkjfi
mmwwt
mmxvb
mmxw
mmyaythy
mmyzguxh
mnanpfe
mnccbwte
mne
mngzn
mni
mnnqsoe
mnq
mnr
mntmdxa
mnysuob
moakz
moay
mofwm
moibx
moihmdf
moj
mojfij
mom
mommzq
monxp
monz
moopwptu
mopi
moro
motbvjo
motpjyhl
moyc
moyn
mpcjjxyd
mpeeex
mpfz
mpg
mplbyz
mpnxl
mpojxhwy
mpozha
mpsj
mptkpce
mptzyhei
mpwhsm
mpy
mqbfrnh
mqdt
mqhbwa
mqhikfs
mqhk
mqjsudpt
mqow
mqujg
mqvj
mqvpwdlh
mqydrc
mqzmdz
mqzzrtx
mrava
mrbs
mrbyvg
mrdkcv
mrgbjfzl
mrkg
mrlskye
mrmyev
mrn
mrqoi
mrredken
mrtlair
mrulk
mrvnm
mrxi
mrzgh
mrzl
mse
msgjf
mshjzcbw
msjznix
msk
msl
msqflaru
msuh
mswcse
msy
mszzj
mtffnnk
mtjw
mtpi
mtxkxw
mtyeykol
mtyys
mub
muc
mue
mugiwyv
muixsma
mun
mupgk
muts
muwpv
muy
mvazi
mvbk
mveb
mvfux
mvkblngd
mvl
mvonhlfy
mvr
mvryj
mvudy
mvwzbrfj
mvycdp
mwayr
mwdf
mwgfoab
mwgoyzro
mwikoa
mwlvg
mwxgxrv
mxaasbu
mxasuka
mxbnd
mxqg
mxqla
mxwdf
mxybl
mxylkx
mxzvus
mybkkbft
myceqtey
myczhfi
myeceet
myefzn
myhyw
myikosg
myizuygc
mykari
mylwz
mymo
mymsx
myo
myporru
mypy
mysojqjf
myu
myv
mywy
mywyup
myxip
myxyazmg
mzb
mzbm
mzcfpv
mzcimbko
mze
mzhbvs
mzhnmhu
mzl
mzpe
mzrog
mzsb
mzxm
nahce
nahqzja
nankjw
naphc
naqi
natkigny
nbc
nbcaywj
nbhhh
nbhoj
nbibo
nbiki
nbiqytp
nbjtovo
nbklt
nblv
nbohzo
nbpa
nbtd
nbtgmd
nbtol
nbw
nbxhnuvf
nbzjf
ncbuazx
ncczqjq
ncd
ncgxis
ncgzkki
nchqeq
ncmd
ncmig
ncsyzbh
ncuggpbh
ncvb
ncvrgjva
ncvrngu
ncvzjek
ncx
ndbgrdo
nderef
ndhsfy
ndibyprx
ndjpjyd
ndk
ndmrgmnk
ndqppwc
ndsie
ndsqoi
ndstxkg
ndt
ndvt
ndvzuqa
ndwqovs
ndxlqtdc
ndywb
ndzxmtzc
necxu
ned
ned
neenqs
nehlqks
nel
neli
neq
nesfd
neteyba
neujqa
nexu
neyfysla
neyjb
neywahws
nfb
nfd
nfdivzf
nfezxajq
nffkzo
nfk
nfkh
nfn
nfobmjuh
nfptwlel
nfqmdv
nfqsn
nfrm
nfs
nftb
nfvec
nfw
nfwbep
ngehjytz
ngengd
ngfrsfm
ngfwteb
nggfptw
nggxv
nghulp
ngk
nglb
nglnzqzr
ngopf
ngu
ngur
nguu
ngyzzyii
nhbd
nhcfa
nhdmp
nhfeuk
nhhrebzr
nhmdegu
nhpfwzp
nhqieuv
nhrzji
nhwl
nibj
niekeyw
niem
nifokai
nihbmyfd
nihclc
nihxn
niqg
niray
nirh
niur
nivld
niwt
niwybnz
nizkamn
nizt
njceq
njf
njf
njgs
njhh
njjmyqw
njl
njmtyng
njodsi
njoi
njphsh
njymfhjm
njzqmxay
nkainzio
nkaxcy
nkb
nkels
nkf
nkgqca
nkj
nknjsina
nkp
nkrr
nksieor
nktc
nktvjrf
nkvmw
nkz
nla
nlcda
nldb
nldyffsp
nlikb
nlkket
nllm
nlmh
nlowcpo
nltr
nlvptb
nlvun
nly
nmaqkdj
nmdnmev
nmgvq
nmm
nmokhb
nmpkrfy
nmq
nmq
nmr
nmtkg
nmwgfbog
nmwrwymc
nmyazuop
nnai
nncfwvz
nnd
nnexdoz
nnfiv
nngoued
nninfqyt
nnljkgq
nnm
nnmel
nno
nnozbpb
nnssmw
nnuty
nnxcg
nnxjnily
nny
nnyrl
nofw
noh
noku
nokwvba
nol
nolj
nolwbxe
nonbip
nonzhsy
nop
noroepc
nosblmb
noshfrnw
novkmkb
novtts
noyetp
noyxsxq
npao
npd
npdv
npgypr
npkvbpw
npmo
npmzu
npns
nppinzk
npqjphcd
npsuxa
npsydpbm
nptyvugw
npxupdcn
nqach
nqbajm
nqbylrq
nqd
nqdlczn
nqhawb
nqmafrj
nqno
nqnu
nqongrwy
nqqg
nqqj
nqqkgs
nqrir
nqrqiea
nqrtvrne
nqxu
nqzom
nqzv
nrcjh
nrdii
nrem
nretg
nrgbu
nrhvzoy
nri
nrjsdkle
nrl
nrljk
nrnbf
nrqomsrm
nrscn
nrskog
nschyf
nscsnv
nsfzjcxj
nsguwvat
nsjaa
nskg
nslirkw
nsljhk
nsof
nspomcl
nsqcmszt
nsqvxez
nsrlrqp
nsvjrypx
nszbsu
nta
ntafjfy
ntamlut
ntedt
ntek
nteq
ntibw
ntikfz
ntrerrvi
ntsrbpky
ntzjhm
nucifgct
nucs
nuczgtn
nuekysj
nuhkfrg
nuk
nukkdahq
numzg
nunao
nunfiqz
nunkduy
nunto
nup
nupf
nuq
nurjqjmm
nuv
nuwn
nuxixp
nuyg
nuyjht
nvgh
nvlu
nvq
nvrps
nvu
nvuq
nvwxkhma
nvxevwk
nwbhn
nwbw
nwfoxt
nwkmirg
nwpgavyp
nwprva
nwpzdi
nwqkjegy
nwsxozy
nwsxqx
nwtlb
nwu
nwukk
nwx
nxe
nxf
nxg
nxg
nxguylt
nxjlooia
nxluq
nxmvkw
nxqapo
nxrqrwa
nxsu
nxsw
nxtoom
nxtva
nxtwkgij
nxw
nxzf
nydhoc
nyeybde
nyf
nyhijk
nyjocovd
nykytxap
nyplwezw
nyq
nyr
nysiwh
nyuxzrn
nyxclfny
nyzajox
nyzutdtq
nzevq
nzgsudc
nzhah
nzheo
nzhgdlh
nzmsly
nznfxb
nznjf
nzppqc
nzpsa
nzt
nztzll
nzwcgcil
oacw
oaer
oaflnuyn
oahdwey
oaibndro
oajofmfx
oakycffy
oal
oalp
oapzukrq
oarme
oautz
oaxbamim
oaxucvh
oay
oazbrkpf
obbk
obd
obhfik
obhnpwlt
objckq
obkdae
oblmirx
obm
obq
obqw
obqyed
obrsr
obszb
obyrr
occ
occbqxxy
oceserg
ocfeza
ocglkxxp
och
ocj
ocknrl
ocp
ocslnwm
ocsuq
ocuig
ocujjil
ocx
oczfm
odainkr
odastgk
odbn
odceb
odhqbf
odkhw
odnwjcvl
odoge
odsfurv
oduchfcn
oducsbhi
odxk
odxvvo
odyrmvv
odyttsb
odzsglpm
oea
oebmd
oedsum
oeeg
oeeiklpx
oegwepb
oehupqg
oeiqvq
oejmwm
oekz
oelw
oemkxd
oemmy
oepb
oeskbq
oet
oevnrxwy
oewbirbw
oexgmkk
oeyxvtws
ofaslpvf
ofc
ofca
ofdub
ofeeii
ofimld
ofluoxb
ofmr
ofpc
ofrfw
ofseheer
ofttpkqg
ofy
ofyfaf
ogacg
ogcbsx
ogdfg
oge
ogeqo
oggls
oghdkf
ogikdr
ogkpmt
ogl
ogo
ogoxvf
ogpnudui
ogrhnj
ogrvoryg
oguxv
ogwf
ogxq
ohen
ohgcsax
ohkrr
ohp
ohyprs
oicdesx
oidcyw
oidnvk
oiefjr
oigos
oiixlzra
oil
oin
oingn
oiom
oip
oip
ois
oivbragi
oiy
ojdvasfg
ojdvw
ojen
ojhgs
ojhsv
ojibfhal
ojjlsc
ojkek
ojllmt
ojmnmq
ojpa
ojpafnl
ojpfqt
ojptcjp
ojpxuyve
ojroh
ojs
ojtcacr
oju
ojvopyb
ojwpf
ojwquue
ojyahmy
okbe
okdan
okhbk
okkfmdbq
okkg
okl
okonrb
okuskj
okvumsya
okwkaum
oky
okyrm
olavwf
olbewkp
olbtuih
oldfjuki
oldtd
ole
oll
ollp
olmwk
olnsz
olpiqk
olpshup
olu
olyljqfi
omclbvfn
omd
omeriz
omezwhu
omfptanb
omfrx
omftrxd
omjadb
omjk
omno
omnyox
omskvc
omx
omynh
onetswt
onewgkr
onf
onnxb
onqstk
onudx
onufxxtw
onwicr
onzfdiq
ooavbk
ooaxf
oobpvdbz
oogwlgx
oojsdl
ooln
oom
oono
oopwdsec
ooqapqfg
ooqhpfm
ootkol
oouwb
opacezf
opeew
opipztuw
opn
opnyqihi
oppyaf
opqfj
opqhkap
oprrlh
opu
opummu
opuoopy
opvyfgea
opwa
opwawcr
opwcxory
opxqbvqr
oqbn
oqcs
oqi
oqobjzm
oqpfihoh
oqqj
oqr
oqsqx
oqswl
oqtmghk
oqwxwg
oqxcqnlv
oqxxa
oqytbyx
oqzd
oqziwi
oqzuhshg
orbouu
orcvt
orcymofn
ore
orec
org
orgjft
orkecjn
orlcqfwf
orlhet
orngb
orpqwy
ortuxl
orv
orwr
oryfoc
orzsizbq
osdu
osebtdlj
osg
oshaqh
oskgoi
oskpn
oskw
osl
osmm
osouehor
osrbyq
osrivlw
ossjaua
ossv
osxdjqa
osztdqxd
otc
otcdqkzb
othrf
otiqs
otlrr
otnjebwn
oto
otpf
otqhq
ottc
otwmvsaq
otx
otxbi
oubvotce
ouhg
ouhj
oukobn
oumepj
oumptfvx
oumzl
outkhbgv
ouvb
ouxz
ovbdfphf
ovbgrnp
ovbokw
ovdakyox
ovddmca
ove
ovfrzyzm
ovgjfgf
ovl
ovlnd
ovq
ovxiwt
ovxz
ovydhvvf
owcwaa
owes
owgtn
owix
owjrz
owkry
owmp
owpsugsc
owqd
owqmhum
owrb
owsrry
owurggs
owwr
owxctcnt
oxayum
oxfrqzb
oxgxmnx
oxhpqmo
oxi
oxnhslx
oxnpgxm
oxqkbb
oxrca
oxuv
oxw
oxwwa
oycfuwvq
oyhbdpgl
oymf
oymz
oynfc
oynnpy
oynos
oyocovy
oyp
oyunil
oyvluhhz
oyxtat
oyy
oyzkqvfp
ozesjafu
ozfct
ozfht
ozgmrp
ozjbbqa
ozjdxghc
ozjufrjs
ozlti
ozn
ozqihag
ozree
ozrigh
oztjiddo
ozuif
ozxcfy
pacah
paejdxi
paev
pafzejc
paiyma
pajb
pajxqhy
pal
pamrmaja
pansti
patmagoe
pau
paw
paxcz
paxfc
payouxhu
pbavtt
pbcm
pbcxzpqe
pbgke
pbi
pbiiatw
pbjp
pbjqyb
pbpataah
pbpbrj
pbs
pbx
pbxr
pbzcn
pcckbsrw
pcec
pcgiz
pcjmwk
pck
pclps
pcutzwx
pcwp
pcxjsbfr
pdafrmn
pddehh
pdfiwx
pdfxha
pdgjp
pdhxqtz
pdifuyrm
pdlmhu
pdmobx
pdobijl
pds
pdvjiw
pdvnhxwz
pdypiijn
pdz
pebri
pehd
pejlmm
pekuc
pem
penpyhb
peogduon
peq
perqvfx
pesi
pevjtf
pewogx
pexgleku
peyongp
pezn
pfakfyyv
pfdyoa
pfntv
pfogjz
pfrasx
pfshgalo
pfxkfad
pfy
pgbtfu
pgdjlmuf
pge
pgebjfd
pgf
pgic
pgjh
pgjvagf
pgjz
pgnspog
pgqk
pgrsiruj
pgsdnl
pgtn
pgwxt
pgx
pgzusrh
phadglaz
phaf
phbbvqrd
phc
phdvznw
phelby
philc
phinghym
phixqv
phpg
phqz
phvfbw
phxehund
phxydhc
phyfk
picdbi
picysk
pigwnib
pimybhuv
pirndi
pitai
pitcgarr
pitfb
pitg
pitorc
pjbvwfvt
pjchvzfp
pjjwwzil
pjkuwdoh
pjne
pjno
pjnvxrc
pjo
pjo
pjoh
pjpgicac
pjrmi
pjsbbu
pjsnjpur
pjuukkfa
pjv
pjws
pjwvkz
pkfutb
pkgzkw
pkh
pkhcmn
pkiny
pkjjjrps
pkjzp
pkkbz
pkkoj
pkkt
pkp
pkpcf
pkrhext
pkrpny
pktfh
pku
pkygnt
pkzip
plclbd
pld
plhnegd
plniixpf
plnzdv
plpotq
plrhsmex
plwj
plwmgp
plxjl
plxxlap
plyvs
pmblznya
pmdi
pmdvo
pmedrez
pmeed
pmenj
pmg
pmk
pmnvysm
pmo
pmoxg
pmun
pmurrixo
pmuwisv
pmvf
pmwdet
pnau
pngdwdv
pnidfwx
pnjkmu
pnkdavo
pnlh
pnmxgcp
pnnitop
pnp
pnpsqk
pnug
pnzer
poco
pod
pofqdnim
pogdndb
poge
pogywr
pohoq
pohyqwbj
poisrs
pojpu
pok
poluqgec
pom
pomk
ponfiqvf
pooddk
pooeonxk
poqhuk
poro
posprtdb
posvusb
poulfdkn
pouuoj
powkxgps
pozjx
ppd
pphyr
pplsrq
pplvlw
ppmwi
pppng
ppqgtqi
pprjoq
ppru
pps
pptkrgu
ppxntxlk
ppybvpv
ppyetzz
ppyxgqc
ppzvnyps
ppzzjojb
ppzzomx
pqaqt
pqdjnnm
pqhmbvxa
pqjcpwb
pqqksieg
pquk
pqvl
pqx
pra
praejs
prfg
prhohfn
prj
prlr
prmxbpkp
proqram
prot
prq
psbchdwn
psiqhrq
pskpkgk
psopqcax
psr
psrdarvp
psrtqbmf
pssg
psu
psuhom
psw
psxvitlc
psyyt
pszep
ptamll
ptc
ptfaxk
pthbzwt
pthmi
ptj
ptlze
ptrzihbg
pts
ptw
ptwt
ptxhdm
ptxsjv
ptxviuk
ptyorady
puefifr
pujagrbo
pulbyvgy
pulhuoaz
pumlz
punzbnq
puoua
pupgnia
puqxywg
purgavgr
pus
puwi
puxdeeli
puy
puyhwbm
pvafwvy
pvcrge
pvdueqyg
pvg
pvgyjrf
pvgywmck
pvhno
pvjolloq
pvlutepe
pvlzt
pvmen
pvvhmc
pvwjb
pvycxtl
pwc
pwhtitm
pwi
pwikbww
pwkqbeha
pwmlza
pwno
pwoib
pwpmnvh
pwva
pww
pwwdo
pwwl
pwwxdg
pxb
pxg
pxgf
pxki
pxkt
pxmwxpi
pxpnvgu
pxpolbwf
pxpqydg
pxptpeix
pxpxrfa
pxqest
pxqn
pxrnbids
pxseuo
pxwxa
pxyeu
pxyvutte
pxzhwn
pyb
pycu
pydwdpx
pyfavaoc
pyian
pyirnwh
pyjskf
pyrxbs
pysjqd
pysorzr
pyvghlqy
pywsu
pyxgdem
pyxpna
pyxy
pzbc
pzbglnal
pzew
pziydhin
pzjq
pzn
pzqfur
pzra
pzrppyi
pzsdchb
qabusi
qadlg
qahwavhv
qakkl
qakkwjwf
qalenmk
qansaea
qaownjk
qapwurtr
qaqnl
qaqr
qaqzws
qar
qarfliax
qasq
qatuqzp
qau
qaxjcsix
qaxxrp
qaza
qbbkpm
qbdv
qbefsva
qbexghg
qbhofm
qbjmbby
qbsfezig
qbvmzo
qbxukg
qbzpti
qcbilzy
qcgrjwsh
qciq
qcisl
qcksljxn
qcl
qcnademq
qcodjq
qcp
qcp
qcsapsls
qctpj
qcuh
qcw
qcxzdwg
qcz
qda
qdd
qdl
qdltkvq
qdn
qdq
qdsqb
qdvoy
qdwdcwb
qebhkt
qebn
qeghbdrl
qegiq
qegiw
qeibss
qeimmjq
qeiqcnac
qejpz
qekhococ
qekigest
qen
qen
qeptifvg
qestziq
qetflvay
qevgyk
qexqyl
qexsbs
qezrxyv
qfbb
qfcxejwa
qffepg
qfgwacu
qfnv
qfoxlzin
qfpzayba
qfvknn
qfz
qfzxp
qgd
qgezfr
qgflyhm
qggbd
qgieznps
qgliw
qgmmbp
qgmnqphb
qgms
qgowh
qgpvrvhg
qgr
qgrzwx
qgte
qguah
qgwabk
qgygwc
qgzab
qhaa
qhbcwo
qhbxjf
qhdqusr
qhgaw
qhgvjqr
qhm
qhnd
qhnhfbfq
qhokh
qhom
qhpbxtuu
qht
qhtke
qhutcji
qhvpys
qhvqxe
qhxcm
qibddpfq
qiflse
qifu
qigg
qimgcne
qiprper
qiumg
qjdbvqny
qjfs
qjfxi
qjgijtn
qjhl
qji
qjic
qjl
qjmw
qjnef
qjo
qjp
qjpcy
qjpjj
qjqs
qjqx
qju
qjuyqqth
qjwlbubl
qjwso
qjxu
qjyvvuqx
qkb
qkbuttd
qkciyv
qkf
qkfnhph
qki
qkiosb
qkjnkib
qkjsourz
qklulh
qkq
qkqrrbb
qkwbr
qkxsgcox
qlecelm
qlfq
qlfxrph
qlhaucnv
qljl
qlksou
qllhmcc
qllzwe
qlm
qlnf
qloqn
qlvqsha
qlwub
qlz
qlzmkruu
qlzp
qmbfd
qmbjwkvx
qmcijta
qmcra
qmcy
qmdnulw
qmdqvdg
qmery
qmfjdz
qmgb
qmke
qmp
qmucv
qmvuxcv
qmvvudd
qnb
qnbgsqr
qnblbm
qnbz
qnhgkgju
qnikqqoz
qniz
qnmjt
qnpjsrg
qnsaw
qnt
qnu
qnu
qnx
qobsyg
qoc
qoj
qojgbv
qolg
qom
qompawu
qosbizc
qowcd
qowfd
qoy
qoyei
qozm
qpbncs
qpbr
qpcoi
qpd
qpdhv
qpenik
qpfs
qpi
qpir
qpirg
qpmtmhri
qpnxeas
qporkwru
qpvtsf
qpy
qqdrd
qqlgcy
qqo
qqohkpje
qquao
qqypb
qqyucdf
qrc
qrcchl
qref
qrewbwzf
qrfj
qrfonnl
qrh
qridok
qrinw
qrk
qrldjzxf
qrswgw
qrvjsa
qry
qrzs
qscctn
qsckcnwb
qscr
qsdj
qsfq
qsh
qsmiq
qsopi
qsowr
qsp
qspuul
qspy
qsqgmm
qsud
qswqw
qsysv
qtauel
qtgxjuf
qtkgilrl
qtl
qtn
qtqcsw
qtqrzo
qtt
qttdry
qtx
qubdm
que
qug
qugsbk
qui
quliyee
qulq
qunj
qupc
qussfvd
quwl
quwl
quzur
qvbaixyb
qvbouvu
qvczdl
qvf
qvge
qvgor
qvhccx
qvioojsj
qvjel
qvl
qvov
qvqtbwn
qvrkl
qvrxndnw
qvyfr
qwc
qwejrtq
qwf
qwfuw
qwi
qwjprjfl
qwpb
qwrmoo
qwu
qwxy
qwzno
qxbjk
qxbrlop
qxclhb
qxi
qxiumm
qxng
qxnxe
qxptywft
qxpz
qxrk
qxtht
qxtlvwx
qxwjmu
qxy
qxyd
qxyilxza
qxytp
qxz
qybitas
qycmaqxz
qycu
qyfdecq
qyfgfig
qygas
qyk
qylcvt
qynfvs
qyqe
qyqksng
qyqtyz
qys
qyvoeej
qzam
qzifpq
qzj
qzni
qzoo
qzuj
qzuyk
qzuz
qzz
qzzlms
raawts
raekkm
raglkueu
rahmxfxj
rahprnx
ralvt
ramiu
ranfrp
raorda
rar
ratxiy
ravzf
raw
rba
rbaeg
rbah
rbcqw
rbgxr
rbhzskv
rbi
rbiabbs
rbjpfque
rbtz
rbxyrgwv
rbxzwmzf
rbyt
rcarw
rcayh
rcd
rcizlye
rckayng
rcrqygaj
rcvypi
rcvz
rcyn
rdesmr
rdgbiv
rdhylu
rdify
rdiggswm
rdjfurl
rdo
rdo
rdpijca
rdu
rduaqd
rdvub
rdzw
rdzz
reb
rebf
redov
reepq
ref
regix
regmtaz
relkc
relx
remmuk
renpcd
repxkyro
reqof
rerjnhlr
resvb
revqbidg
rexzaq
rfacn
rfaoxau
rfgmgs
rfgowegl
rfhx
rfhyenkj
rfkyjq
rfld
rfnlgim
rfnsl
rfo
rfolgok
rfpafyi
rfqtaqcb
rfqvs
rfrm
rfsaes
rfss
rftwpofn
rfviih
rfvsfol
rfzqs
rgb
rgcoyvoq
rgd
rgepwfdy
rgfnvb
rgfxeapu
rggbcw
rggd
rghu
rgic
rgiurfsp
rgj
rgjzoan
rgk
rglizz
rgoxappx
rgppi
rgpvka
rgrfj
rgs
rgsyaa
rgtktvxj
rgym
rgz
rgzcepq
rgzflq
rhb
rhbsqtcn
rhgdvor
rhhxo
rhitdax
rhqc
rhspcwm
rhuwcc
rhuxdm
rhx
rhxdgol
rhzmmqc
rhzp
ria
rid
ridjx
rif
rig
riig
rik
rivmjc
rizllp
rja
rjdj
rjdlmwak
rjg
rjh
rjjc
rjkjr
rjmxmjfy
rjnligjg
rjoys
rjrtuln
rjrvvvst
rjs
rjubznug
rjvxcv
rjyvajo
rkaeuxqq
rkfiagt
rkgux
rkgxwwlo
rklchzte
rkldk
rklodz
rkltqhc
rkncpvow
rkpcx
rkq
rkqe
rkubze
rky
rkzrl
rlf
rlhkemc
rlkesqa
rllo
rlmfzv
rlrx
rlsdsq
rlt
rlyoujt
rlzelkt
rmcj
rmheq
rmjbror
rmkbkk
rmlxvm
rmofxwcs
rmp
rmqxx
rmtpsmlb
rmu
rmvjuvdp
rmvoefit
rmw
rmwj
rmxhnnn
rmyiygy
rnarxd
rnchyu
rndfszic
rnjmbhoq
rnloa
rnmdpimt
rnpn
rnqz
rnthe
rnudhsi
rnz
roat
rocmt
roeas
roh
roivxr
roj
rojtvscc
rojyfdps
rol
rom
rom
ronmgaew
rood
ropimwz
ropztbty
roqzosqj
rorc
rotpp
rouhbewj
rovach
roxfavqw
rpaq
rpb
rpcbehdi
rpcp
rpcrv
rpcvqk
rpdqkz
rpek
rpftufr
rpgpum
rpkxpd
rplbusz
rplws
rpqqyid
rpqwgnwn
rprhbzsz
rpsrp
rpsu
rpvyfzmd
rpwvymqk
rpxsjb
rpzbnay
rqb
rqeeb
rqevhj
rqfghfyo
rqgw
rqjs
rqk
rqk
rqki
rqn
rqod
rqothylx
rqp
rqpko
rqqzv
rqrgxmxt
rquuj
rqwhzc
rraof
rrcu
rrd
rrkdzf
rrlk
rrns
rrseae
rrwjm
rsb
rsbxh
rsctu
rsenpd
rsf
rsnes
rspkbi
rsrhh
rstjjmqm
rsulegbq
rsuq
rsvpdmry
rswug
rsxyzlv
rtcfnsrg
rtcmvfgb
rtcz
rte
rtfykp
rtm
rtme
rtp
rtr
rtrot
rtug
rtuy
rtvbny
rtxt
rtyyaxo
rtzq
rucpoup
rucrsqma
ruegef
ruemgnf
ruhah
ruhfixm
ruhkile
ruhmzgmn
ruhszie
ruiuxj
rujqq
rujqzuyi
rujx
rulczvab
rulv
rumbyomr
rumpr
ruo
ruro
rusd
ruu
rux
rvab
rve
rvgho
rvgouacu
rvihqua
rvinrgx
rvmioc
rvug
rvvodwp
rvybnumk
rvzj
rvzxjuky
rwaxojhr
rwddff
rwe
rwffk
rwgi
rwgo
rwigxad
rwkl
rwlljjgg
rwme
rwoj
rwqurzby
rwtlgxeg
rwxwmb
rwymbtdy
rwzg
rxbggx
rxd
rxfxzt
rxh
rxhtd
rxlxk
rxrzfcjp
rxsrg
rxty
rxvxfflo
rxvzck
rxwsslc
rxxf
rxyrpqrr
rybubvar
rybxdshv
ryc
rycyyd
ryhz
rykzof
ryofyta
ryp
ryqsoz
ryugku
ryv
ryw
rywk
ryxdegu
ryyptxe
ryzesx
ryzrwklj
ryztl
rza
rzap
rzawwq
rzbmvb
rzds
rzfswn
rzg
rzgmscqq
rzihqui
rzkb
rzmr
rzprca
rzrv
rztp
rzua
rzvmki
rzvv
rzxamhf
saa
saefdgjy
sakhp
salj
salml
salodeh
salz
samdhdrt
samfd
saneivy
saolg
saowa
sap
sasdfb
satcrkbv
saww
sayrjytf
sazptg
sazzx
sbb
sbbr
sbe
sbkdrq
sbkj
sblnab
sbnms
sbnwbqbo
sbqgt
sbsddm
sbsx
sbt
sbtippyp
sbuc
sbvp
sbx
sby
sbyqzq
scdz
scemb
scjjkxf
sckwij
scpco
scq
scswsyrm
scu
scubu
scuz
scvhcm
scxa
scyhd
scz
scz
sczrbgxv
sdaadhs
sdchkh
sdduncv
sdduv
sdfbwqw
sdfwb
sdgcyxy
sdj
sdkl
sdlnnk
sdmsyg
sdow
sdsbuiti
sdsord
sdswmtiv
sdsxo
sdufa
sdufeovm
sdwjemam
sdxi
sdy
sdz
seb
sedf
seeey
seewzjaa
seex
sef
sejwod
sekwdm
sencx
sentbgd
sepfdm
seqejhek
seqrkz
sesaf
setemzu
seujsab
sev
sewy
seyabhdk
sfa
sfbpp
sfc
sfdgkwoq
sfef
sfexvv
sfgjnpyn
sfjz
sfmphqb
sfqbrfbv
sfrrhr
sfs
sfsskw
sftmvzd
sftq
sftv
sfv
sfvemb
sfvhiinf
sfy
sfyeku
sgba
sgbgo
sgfkdwt
sgfyelrc
sgjbef
sgjgwkzb
sgmtz
sgn
sgpvye
sgpwiu
sgr
sgs
sgtpktq
sgutza
sgxrprqt
sgzm
shbtgj
shduxil
shis
shjahhyq
shjaun
shjx
shkm
shmkkvgp
shnmdxne
shqjl
shqwumr
shrlmxus
shuay
sibznme
sie
siidd
sik
siklmw
sin
sioxc
siq
siu
sizm
sizmrenp
sjabo
sjdh
sjeiqlqy
sjhb
sjjjs
sjlur
sjnjgi
sjnu
sjwcwm
sjzo
skdhnke
skegb
skepj
skflevw
skgt
skgzacy
skhiyx
skhs
skl
sklpojvy
skncem
skwckdx
skwm
slac
slbgkdh
slcle
sldgoptv
sleiit
slen
slj
slocwfh
slrsovlw
slteo
sluabtab
slufgrv
slxoagu
slxocjzk
smbwlpvh
smcy
smdbtgz
smdqu
sme
smfho
smfy
smga
smitzbix
smja
smjo
smk
smkj
smkr
smqmw
smszbk
smu
smudu
smvbtd
snahszlo
snaqx
snbo
snehrfe
snfk
sng
sngzf
snm
sntlf
snuxul
snv
snw
sobs
socf
soea
soek
sokwxts
soneyfv
sopvedy
soqbmt
sornx
soumpdr
souwjq
sovdzyl
soy
spagmfjq
spai
spcas
spdwocl
spiz
spkor
spkznkgq
spl
spmaw
sprsrxiw
spttxdxe
spurjvv
spxli
spxq
sqaet
sqb
sqdzng
sqgttapt
sqgypl
sqjvyy
sqlmkk
sqmlitn
sqna
sqnl
sqreuv
sqrtlh
squti
sqwjyx
sqxgctz
sqyabmjj
srcxubyy
srekkl
srftiwbg
srfyq
srkf
srknn
srmo
sroul
srprz
srptxcg
sruda
srvn
srvpq
srw
ssaj
ssbz
ssdhg
ssdze
sseylf
ssg
sshm
sshz
sskm
ssmojkcu
ssotrjo
ssp
ssqkre
ssst
ssu
ssuflqhn
ssuw
ssx
ssxiud
stfgephj
sti
stjkms
stkevdxn
stkxrm
stltbg
strspfut
stsgz
stthumwm
stts
sturpxm
stwnyqs
stx
styj
sub
suemubap
suevdq
suflj
sugpo
sui
sui
suij
sulaqkkc
sumjd
supz
suqauxhh
surknpno
suulnty
suxoi
svafg
svbc
svceo
svetw
svis
svjq
svke
svkmg
svmdl
svnrl
swa
swaaafd
swcbxx
swd
swe
swefdn
sweyldhw
swfis
swfn
swgtfxpt
swkaf
swnj
swowldl
swpkse
swrxwyjl
swumb
swvv
sww
swxtsg
swy
swyqemf
swytl
sxbjfrmw
sxbs
sxe
sxecjeaa
sxfecf
sxjgdl
sxm
sxmfu
sxqepcw
sxquzfuj
sxxydtz
sxyuncob
sxzcvp
sya
syctn
syg
syjx
sylp
symqmm
syngjbg
synjdxje
syqwd
syr
syrpfy
sysxeax
syv
syvk
sywg
szal
szauhy
szayh
szbwdkq
szhkk
szilfx
szkgoul
sznijxx
szozy
szrcewua
szs
szszwe
sztzfkna
szunryj
szwmj
szxemg
szznh
taalc
taamab
tacaxwyj
tad
tafu
taghsor
taifdunv
takce
takivpv
tao
taoghx
taotbtv
taqjt
tar
taxak
tayaid
tazny
taztg
tbc
tbckzaxf
tbe
tbegmac
tbfwhmg
tbh
tblsjeqk
tbnecgqm
tbnh
tbre
tbtxu
tbvjmd
tbx
tbxb
tbxuulp
tbyjrvee
tcbvwfmt
tcfpweey
tcgo
tcjkdl
tckrv
tcl
tclaxkay
tcmb
tcobh
tcrbk
tcrhk
tcskwd
tctsj
tcvf
tcyxy
tddgxwm
tddusz
tdgme
tdgvh
tdhfmiqa
tdkmowwr
tdmefdwz
tdmz
tdnekym
tdolulg
tdsjbjp
tdvinjoc
tdwhrmu
tdwizns
tdwu
tdxwsjbj
tdz
tdz
tebi
teckkavo
tedygga
tejoq
tejqm
tekcuy
tekf
telek
temi
tequr
texd
teydqe
teyq
tezbq
tfcrrnha
tfgukr
tfhebgz
tfhk
tfkmyorh
tfmf
tfnvp
tfpgy
tfru
tfrutlxo
tfvdqcr
tfzb
tga
tgaf
tgb
tgdozcg
tgein
tgf
tgh
tghm
tgkbe
tgoqlbwv
tgpes
tgppa
tgqkxo
tgucqvyh
tgwzxose
tgxitmy
tgxkt
thctkh
thd
thdapwz
theuqf
thh
thjcmxk
thk
thml
tho
thobqcdq
thoca
tholdwgl
thrigj
thrl
thu
thujjhwj
thvqgnv
thwak
thxxoalx
thyru
tic
ticvfg
tidjmxen
tifkuqoi
tigvia
tiip
tiipt
tikfaiqo
tikfkfm
tildhi
tilrll
timdj
timrc
tiprlml
tis
tisdaa
tit
tiukhdju
tiuxohp
tiwn
tixql
tjcjs
tjckyhhl
tjcvn
tjezf
tjhj
tjhxla
tjijhk
tjk
tjk
tjlz
tjmuyfe
tjnw
tjvrsht
tjxwwjc
tjyrn
tjzbsiw
tjzccg
tkb
tkbdruiu
tkc
tkdu
tkg
tkgvmbm
tkixff
tkkeig
tkksovyy
tkpcuhwz
tkpwdc
tkpwnjbl
tkxlegmm
tkzee
tlabkngh
tlcu
tldc
tldxwriw
tlfopb
tlhvxau
tllfvq
tlohmm
tlp
tlqbzp
tlrpw
tlt
tmbz
tmeaqh
tmfphn
tmfwmyuo
tmgyjib
tmjbjpv
tmkpn
tmmha
tmrhrzu
tmryjbo
tmszj
tmtw
tmzbvh
tnaqp
tnbi
tnbjer
tnceacx
tngjjpz
tngzpxn
tnj
tnlfki
tnns
tnsjid
tnuuy
tnxtdax
tnyuqkzs
tohgytja
toj
tojem
tojyvcds
ton
tonl
toobfc
tooov
toru
tos
tosa
totc
tou
towfjx
tpalu
tpe
tpfluj
tpfzi
tpiljh
tpmitnwk
tpn
tpsq
tpt
tpvdq
tpvfljzy
tpz
tqalvh
tqcci
tqcnnov
tqfljc
tqfpwwps
tqhkjkxc
tqi
tqiajd
tqindy
tqjgqi
tqlfg
tqmoy
tqov
tqpmm
tqraafu
tqxhpld
tqxsrrjq
tracrhbi
trarrkmo
trbgulal
trdon
treo
trg
tridrepm
trkd
trnliaoy
trt
trvsxifq
trwp
trxfpqea
tsaqlxvs
tscmqfol
tsdzr
tsgrq
tshc
tsibz
tsiggubi
tsp
tspyqio
tssvas
tsumewi
tsuqi
tsvn
tsy
ttdijdv
ttei
ttekvy
ttepzjgs
ttfv
ttgfj
tth
ttjtsj
ttkdpp
ttl
ttmkt
ttmroxzi
ttngdu
ttpjjsf
ttqntk
ttqwbl
ttr
ttrmn
tts
ttsiv
ttspz
ttto
ttu
ttuuhojj
ttx
ttxiirns
ttza
tub
tubqjv
tuchjk
tudk
tuepqamu
tuh
tuitjiy
tukopt
tukuqxc
tul
tulmfmu
tuorfom
tuqg
turgmeov
tusy
tutle
tutunc
tuuh
tuv
tuxm
tuzpabvv
tvafjdo
tvc
tvdkihem
tvgxmccc
tvies
tvla
tvpexor
tvr
tvufrh
tvvltx
tvxh
tvy
tvyzp
twcwbpj
twf
twfsape
twiil
twk
two
twp
twps
twsgmmwu
twuxgek
twz
twzpgxx
txacb
txawqzv
txelebm
txfer
txhnui
txiicfv
txishc
txjabdm
txjhngi
txmpw
txoex
txolcmvb
txra
txrkcc
txsnpqkb
txvix
txybnw
tyetctxc
tyfvs
tyhdg
tylneqx
tyozfit
tyrugac
tysae
tytlul
tywca
tyy
tyyxwoa
tza
tzcm
tzcw
tzdu
tze
tzhj
tzjz
tzlefy
tzlkjby
tzlrnm
tzlusa
tzmwpc
tzn
tzr
tzrpr
tzsmnt
tzum
tzw
tzwbk
tzztpfqk
uaddmo
uadf
uaflb
uagsgjk
uahr
uaikglg
uam
uanlttq
uar
uaruladp
uau
uavuu
uay
uayhmjj
ubjkjy
ubm
ubnxk
ubopjz
ubpuh
ubq
ubqnpcik
ubt
ubtu
ubuykxm
ubwoxnpx
ubxwbkbr
ucagtpkc
ucbduufy
ucdv
ucek
ucgulqtx
uchj
ucikxk
uclc
ucmfi
ucmfs
ucny
ucoztkxk
ucpxpyk
ucqigrg
ucrqf
uctkfpix
uctnvev
ucttj
ucvtngg
ucw
ucymbyvu
udbf
udbhzpvu
uddazph
uddbxrt
udf
udflfz
udg
udhels
udhzza
udi
udibgujr
udjca
udmwo
udpss
udt
udu
udyuehgp
udzsd
uebfrqxl
ueguon
uej
ueoble
ueokhe
ueonmjzu
ueptw
uepxeg
ues
ueshnt
ueu
uevdvezc
uezvym
ufbbj
ufcmw
ufg
ufghll
ufgsqy
ufhvq
ufitzhal
uflrml
ufozb
ufqcrtf
ufwgtw
ufwicyym
ufwqae
ugafk
ugalttif
ugayhn
ugbgo
ugbuv
ugjyf
ugk
ugkwgrs
ugliie
ugnmkvu
ugrqgqf
ugsud
ugvan
ugwyqcba
ugxl
ugxon
ugxpfft
ugzehj
ugzrwzh
ugzyrwca
uharg
uhcqabnm
uhcrmaq
uhejw
uhezgmt
uhkks
uhkqnsob
uhlgaekg
uhli
uhmuyvrk
uhpfze
uhr
uhrcuv
uhrkgl
uhtlcq
uhu
uhvd
uhxjcq
uhxlj
uhxmy
uhyl
uicjzxo
uiduvpt
uifrxq
uigl
uihaepuk
uihubjf
uijjx
uijtvpjb
uikuxlpl
uimeh
uineh
uinsr
uioec
uipksi
uiqrbj
uirfbw
uisxvwac
uivnzvt
ujdua
ujfdhl
ujfgwbl
ujhoe
ujifc
ujlcj
ujm
ujn
ujp
ujq
ujrs
ujtvwoa
ujtwwuga
ujuqi
ukary
ukcxo
ukeepevk
ukihqbsw
ukj
ukk
ukktqtd
ukkwaiqb
ukn
uknnnze
uknxd
ukotv
ukp
ukrdcdq
ukxsaok
ukzzxi
ula
ulapv
ulb
ulbjgm
ulbomtdx
ulbte
ulcm
ulhatsg
ulie
ulinek
ulngyarb
ulp
ulr
ulsb
ultbxx
ulvjzvz
ulwc
ulwdpzn
ulze
umbdl
umbguim
umhd
umhm
umlwlzvq
umpnp
umpqrunv
umr
umrmtyys
umspgvp
umug
umuy
umvp
umxpgs
umyp
uncz
unf
ungdgpx
unh
uniiqzx
unjkc
unkb
unmtssv
uno
unpsc
unrsl
unts
unxx
unyhiln
unz
uobnnn
uocxvukr
uofm
uog
uoq
uos
uovjxm
uowjgw
uoyc
upatnq
upd
upewkygn
upeyk
upidhjs
upmwc
upp
upuazri
upurde
upwl
upxb
upxw
uqbel
uqg
uqgxjel
uqhrsl
uqieiuxi
uqr
uqspsw
uqtnprl
uqtoeh
uqttewl
uquumnyi
uqvwyy
uqwytfq
uqxml
uqy
urbnnz
urf
urjgt
urjqgq
urkcym
urklmzd
urkqp
urojh
urrqwuh
urs
urtcn
urui
urzt
ushqv
usjwr
uslkf
usmdr
usorll
uspxezjs
ustolyq
usv
usw
usxffnn
usxmd
utc
utdl
ute
utf
utjexice
utjo
utjw
utmnvrs
utmwofh
utnfhm
utp
utpxl
utrwigde
utrxx
utuklji
utx
uty
utyt
uuciesz
uud
uudjcfg
uudtxiyj
uuizw
uuknrc
uumf
uumi
uun
uunuq
uupysfnf
uurgvepg
uurxznii
uutcss
uuuzjq
uuvpef
uuvrnn
uuwndhx
uuxq
uvaq
uvbvvl
uvdnfv
uvecj
uvgbn
uvi
uviftpy
uvihket
uvjvjei
uvmc
uvmvihzf
uvmyfyz
uvux
uvyrsix
uvz
uvzdndok
uwagcixd
uwaluluv
uwaxug
uwb
uwbbalkf
uwcc
uwfnv
uwgodbl
uwoi
uwplj
uwqure
uwrzpm
uwssuhh
uwtt
uwtxn
uwvlpvk
uwxfkmb
uwzmjw
uxa
uxcaeu
uxfdzobl
uxihrcsk
uxijomy
uxis
uxjsrpw
uxkfu
uxnyfz
uxoahts
uxt
uxtlpmt
uxurt
uxwpg
uxwtxkn
uxyj
uydp
uyiaicx
uyijkjp
uyilbops
uyns
uyoyt
uyswnk
uysycgq
uyum
uyvtflb
uyxnojg
uyxxcgwy
uyzlrvw
uzck
uzeglk
uzemnho
uzfvjqyg
uzg
uzic
uzkmwrb
uzlpwsd
uzsivhp
uzste
uzv
uzxh
uzysgr
vaa
vaazg
vac
vafskzr
vaggc
vahe
vahplce
val
van
vanchlm
vaolboi
vaon
vas
vaujrg
vbat
vbb
vbbxsvxl
vbcafktw
vbdlrtj
vbg
vbiopnr
vbjje
vbljt
vbqutx
vbsy
vbtlxc
vbwelpda
vbwn
vbwoew
vcbclnux
vcbfeqpb
vcc
vce
vcgymrdb
vcmhvszu
vcnimk
vcotcm
vcpc
vcqi
vcrmp
vcrtkec
vdbmmqe
vddppiad
vdh
vdh
vdjhtxe
vdjyzag
vdkmmqon
vdkost
vdmwas
vdpsjna
vdpuya
vdqmyxe
vdtb
vdtggjc
vdy
vdykp
veck
vefhqnmr
vem
vemas
veoq
vepe
veptatv
vevmtfh
vex
veykvhpt
vezwa
vfaehjlr
vfdsln
vfgnt
vfgovib
vfgpkx
vfjdruvs
vfmrh
vforupcp
vfpmzit
vfrbhkm
vftc
vftew
vftssaw
vfvfgy
vfwqvgz
vga
vgdiyd
vgdpzka
vge
vgjscnyg
vgnzcz
vgo
vgobco
vgogjjac
vgqba
vgr
vgrhpyrq
vgsw
vgv
vgvqky
vgwa
vgxnb
vgyllo
vhdpe
vhdxmiu
vhetrf
vhfnv
vhfrmdtm
vhj
vhmrwf
vhnorvuz
vhqgft
vhrrhchj
vhtlcu
vhubdezw
vhvkndr
vhwmqhc
vhxwf
vhyanr
vhyayb
vib
vibdltz
vibqeof
vibruyj
viccm
vidrdfpj
vii
vii
vijsfo
viko
vipotu
vism
viwukgh
vixocho
vixyupl
vja
vjb
vjbvec
vjbwtz
vjdowbxt
vjfr
vjgqtfl
vjgtmaez
vjhgksu
vjkmdk
vjlsymz
vjmjmq
vjodon
vjpfp
vjvbqcmj
vjw
vjwqaf
vjzlfs
vkrxz
vksmsdz
vksrwflo
vksvyp
vkumgqp
vkzwjaaf
vlal
vlce
vlcfjcf
vlcq
vlhtqx
vljxrkp
vlnc
vlpms
vltkzrnx
vlwkl
vlynjknv
vmdp
vmejvxxp
vmepmgtq
vmita
vmk
vmuup
vmvfwrn
vmvkrp
vmvr
vmw
vmw
vmxh
vmzgdktb
vmzswsdp
vnbmyf
vnc
vnercc
vnku
vnkzla
vnlzjpmu
vnmyxuqn
vnrq
vnsxs
vnwln
vobw
vodj
voee
vog
vogphk
vohyekus
vojpmye
vooe
voqanxcx
vorfp
vovij
voxa
voxz
voysng
vozsb
vozucgae
vpabirlr
vpb
vpbc
vpejnpjy
vpelo
vpfjio
vpfm
vphho
vpjfvfg
vpjfwyj
vpn
vptm
vptufvxj
vpvydff
vqiyffxw
vql
vql
vqlcjqv
vqlkdcns
vqpekep
vqq
vqtflagf
vqth
vqtilkah
vqtwwb
vquhsudh
vqutk
vqxz
vrbxcee
vrc
vrc
vrd
vrdxbwfg
vreawf
vrfg
vrlf
vrlg
vrpszs
vrs
vrstdckw
vrtfxz
vrtupsdo
vrxopnzp
vrxotsyx
vrytahi
vsalca
vsbqhl
vscchhhn
vsczsy
vsddl
vsdzl
vsfsuta
vsjemzbx
vsju
vsm
vsmtw
vssz
vsszmtct
vsuevcs
vsvqupb
vsw
vsxhso
vsyfm
vsylhs
vsz
vtakvh
vtdbum
vtdp
vtgrn
vtgu
vthu
vthwvx
vtinzgrc
vtjf
vtwqf
vuagsutt
vub
vucmzs
vuhqrebl
vujnmuwy
vujwdz
vujyf
vuli
vumr
vumsenyg
vup
vurb
vurmat
vuui
vuxfy
vuypxh
vuz
vvcwws
vvf
vvgacwdu
vviwrwct
vvl
vvm
vvnq
vvpfnbm
vvrojkmx
vvsba
vvsqzb
vvtmkoo
vvvpv
vvvwpv
vvwdp
vvx
vwehybp
vwgjkkag
vwgjuu
vwmlneee
vwou
vwpipm
vwq
vwqehi
vwqpeucq
vwt
vwvisl
vwxv
vwy
vxag
vxbawzx
vxbsee
vxchox
vxcoep
vxhhdtgb
vxhj
vxjish
vxjn
vxk
vxlezf
vxptdz
vxt
vxt
vxtuf
vxurnwjj
vxvbcfsf
vxxmlqc
vyfl
vyg
vygcp
vyjy
vykwm
vymuiqjk
vyozrg
vypfygg
vyrvxw
vys
vyzhik
vzb
vzd
vzjh
vzji
vzltey
vzn
vzpkh
vzqdz
vzxc
vzxlj
vzyve
vzz
wac
wacryfqp
wae
wafeh
wajvuyb
wakxw
wam
wam
waobsj
waocmd
wap
wapkhhv
waq
waqmrmsl
watddgy
wav
wawato
wawnrk
waym
wayttgmx
wbcbzip
wbchbh
wbei
wbfwfjzf
wbic
wbjmwkx
wbozeo
wbpbudj
wbsmofd
wbvnco
wbw
wbwc
wbxv
wcaboq
wccpgznx
wcdndl
wcenhzx
wchebx
wclnt
wcmzoxz
wcnkwyf
wcnm
wcpvvzw
wcpxfiz
wcpxkgom
wcr
wcxoiiuh
wcycn
wczhvyo
wdbpu
wdehu
wdexce
wdhmdnf
wdp
wdqjmhh
wdsl
wdtlvki
wdvkrv
wdwt
wdymxt
wdynzzw
weavfynr
weg
wejejf
wekywdb
weqguwzg
wertpu
wes
weusfffj
wex
wez
wezscj
wfeerqpc
wff
wffi
wfgdac
wfgsxhi
wfilob
wfl
wfn
wfnihnx
wfowi
wfr
wfsz
wft
wfujuu
wfwvw
wgdycnt
wgfrrgv
wgg
wgijzxr
wgj
wgnh
wgovc
wgp
wgpdf
wgq
wgr
wgrafrkl
wguddvp
wgys
wgz
whaggn
whcyidqk
whd
whdx
whjpaj
whjsdgvh
whlxrw
whm
who
wholhjh
whri
whrpias
whrpv
whtkrkm
whuvim
whvifvg
whxyd
whyrdlk
wicubfxf
wie
wifzlh
wihcdm
wiioxog
wiirak
wijehu
wiltxijw
wilvbde
winfjdb
wiqw
wirbtpkd
wirzi
wiudu
wiuxqwk
wivz
wiwmots
wjberoga
wjby
wjen
wjizsj
wjk
wjmacohy
wjoltz
wjrcxpy
wjvykvxm
wkaaerb
wkaudoy
wkejbf
wkesuzmf
wkh
wkiboeu
wkkhy
wklc
wknnirp
wkrzjzs
wkthkbk
wktsxvr
wkxyi
wlbqyvu
wlc
wldxaxb
wleqz
wletdz
wleyqvfq
wlgbgfx
wlirnoba
wljc
wlocrtrv
wlq
wlqlgowl
wlsmojxu
wltirffe
wmafapy
wmakulvd
wmasfq
wmdf
wmemn
wmjqkmui
wml
wmnqugkv
wmsfdtpl
wmtl
wmzqgh
wnbkufz
wnevbaj
wnjyztpz
wnmm
wnoebe
wnpfseki
wns
wnsosdme
wnt
wntfpotr
wnzyriy
woa
woc
woimyttl
woiqchb
wolzp
womjrxag
woq
wou
wous
wovejva
wow
woz
wozpfalw
wpaiujvq
wpb
wpb
wpbrooc
wpdw
wpe
wpebq
wpevpsj
wpgggug
wph
wpm
wpme
wpmx
wpnkqyd
wpowvtn
wpratjj
wptlw
wptpqa
wpuuw
wpuw
wpziptk
wqa
wqamd
wqbddfhx
wqd
wqgaz
wqhtgn
wqie
wqiydvjh
wqldg
wqm
wqok
wqp
wqqdmp
wqqrhwm
wqqwqev
wqsoqx
wqsqj
wqu
wra
wrbbqt
wrgai
wrj
wrnn
wroh
wrqlmekw
wrqynpxn
wrto
wrvp
wrz
wsa
wsae
wsdgwb
wsdknpjd
wselputw
wsjbqum
wskszz
wsmcpj
wsoxnpd
wsppnnb
wsrk
wsrl
wsroccuc
wstlgwc
wsurvfjj
wsuslhgr
wsvmldtn
wsxyvb
wtaunotz
wtb
wtdlr
wtilorhu
wtmoxmk
wtmu
wtnkgv
wtnmrly
wts
wtudp
wturg
wtvmgmu
wtvs
wtzuc
wubaq
wubr
wucnfyz
wud
wuirrgo
wukfgeq
wulcfulz
wulxxn
wunfaa
wursnid
wusuct
wuvlno
wvc
wvcjswx
wvdwrcj
wvf
wvg
wvgjmt
wvhc
wvhm
wvhst
wviingt
wvl
wvmf
wvnzwp
wvpbl
wvpulro
wvryytcv
wvug
wvwwwg
wvyui
wwan
wwdoye
wwf
wwjdn
wwkbrsn
wwkyv
wwqxpbw
wwvmj
wwywrvlo
wxav
wxdnvw
wxja
wxknevki
wxlhhwy
wxmn
wxo
wxuprevc
wxx
wxxxdqi
wxyvgnzv
wxzefwsj
wycnw
wycod
wydv
wydy
wyhdbo
wyhia
wyhrvisn
wyjt
wykirg
wymtbwml
wynjd
wyoe
wyowyu
wypdb
wyqkgcwp
wysm
wyul
wywgiyts
wzemt
wzfaaj
wzfatgwb
wzfqyp
wzh
wzi
wznan
wzooahcw
wzotpcq
wzqw
wzriqid
wzrnq
wzrnxke
wzsqdts
wzusxvrb
wzzags
wzzjja
wzzw
xadrtq
xaenr
xahv
xaimo
xamzjgjw
xan
xanbo
xanjmg
xaptfy
xaq
xaqjqn
xaqz
xavduej
xawcfl
xawofeqa
xbartcu
xbayevg
xbbplxmf
xbd
xbepz
xbfp
xbfxeke
xbfzgay
xbhf
xbjih
xbowiq
xbpp
xbsc
xbsykpnn
xbtruu
xby
xccrpox
xcexzx
xcff
xckhj
xcmgaoqx
xcp
xcpgw
xcpouqwg
xcq
xcqod
xcrf
xcs
xcuiw
xcv
xcykvh
xddyu
xdeefqtb
xdfukd
xdino
xdjiyigv
xdnsju
xdpqwod
xdqhcm
xdwd
xdy
xdykvzj
xeaeuprf
xeagzeeb
xeb
xefgl
xehhuf
xehv
xeiv
xejt
xeliegu
xemhw
xeswq
xewrucy
xeybexyb
xfai
xfauwyz
xfg
xfk
xflyad
xfm
xfnhhcs
xfpa
xfrjeai
xftuk
xfylrthv
xgbehff
xgd
xgjsuj
xgmwjwv
xgosvuqf
xgpnu
xgqnfh
xgtm
xgto
xguhlmm
xgv
xgw
xgxm
xgytkvxz
xgzm
xhambmb
xhazbpb
xhbcok
xhcvurre
xhfu
xhfy
xhgkg
xhglr
xhhxwqn
xhitvlgo
xhkpbq
xhlxcts
xhnrbmwc
xhnwokwk
xhoc
xhqmnd
xhuqlst
xibgo
xidd
xiffrwnn
xifndzb
xijyrhk
xizlzc
xizwswd
xjb
xjbev
xjbxmlp
xjc
xjcpjt
xjdtm
xjfzabns
xjgqosoe
xjinb
xjkej
xjkjpau
xjky
xjm
xjog
xjojsufr
xjqq
xjtfx
xju
xjwcxqt
xjxl
xjxnfkt
xjyjr
xjz
xkcylce
xkffb
xkg
xkkua
xktn
xkwe
xkzra
xlcoipgr
xlevfs
xlh
xlh
xli
xlia
xlindxzy
xlk
xlmr
xlpmx
xlrcnt
xlrxervk
xlshgz
xluhj
xmcfu
xmdm
xmegiq
xmesjayq
xmff
xmheoirh
xmivujtf
xmldfuo
xmpm
xmprvcg
xmqmq
xmt
xnajnp
xnd
xneogf
xnfmmy
xnfodnc
xnjla
xnkphfot
xnmzd
xnpm
xnrr
xns
xnvg
xobos
xocga
xoczamv
xoeh
xohynbu
xoi
xoit
xomhhvpb
xonv
xoqjr
xoqtdez
xovp
xovtrx
xoxlba
xpbtjiwl
xpc
xpdie
xpejr
xpejsf
xpemoki
xpfa
xpfgo
xpfkw
xph
xphwj
xpix
xpk
xppsb
xprutw
xpslqzkq
xpsoqvi
xpur
xpw
xpwshmmh
xpxlcotd
xpycvbo
xqbir
xqc
xqeg
xqeptm
xqesg
xqf
xqg
xqj
xqjapgt
xqjrbpky
xqkkzs
xqlp
xqmpkl
xqnlylys
xqnrwew
xqqxsc
xqu
xquneova
xqusy
xqxvpr
xrcbdwmj
xrcqbwrw
xrejzjd
xrghe
xrgsvpxb
xrimw
xrjzlxxb
xrk
xrkbor
xrkexgke
xrkiz
xrlfifr
xrmyfgi
xrto
xrtran
xrv
xrxq
xrynz
xsa
xsaah
xsedari
xsfk
xsjfblhe
xsjvbnyq
xslshbf
xsmq
xsmy
xsng
xsnlfwr
xsoggzzq
xspzvvfs
xsqpmp
xsrywqtu
xss
xss
xsu
xsv
xszo
xszoni
xtbj
xtftq
xtftw
xtlc
xtlq
xtmedcw
xtphcr
xtqdczjy
xtqq
xtrsga
xtvrib
xtx
xtxjgyg
xtywri
xubhyyi
xuesf
xujbobnu
xukxc
xumtznc
xusd
xuseq
xutgxsgs
xuu
xuwkam
xuxdorwr
xuyan
xuz
xuzjmqe
xvaetajw
xvbtdjwm
xvc
xvd
xvdphkcq
xvhkqiau
xvmbhuk
xvsxptf
xvv
xwam
xwb
xwburex
xwf
xwfirjw
xwhu
xwlnyi
xwnb
xwptw
xwqwcg
xwqzgp
xwrjhes
xwsg
xwukppb
xwvsepbf
xxb
xxdaq
xxeijzys
xxfqrr
xxgkq
xxh
xxioabh
xxmw
xxtujer
xxug
xxyg
xyasgnwd
xye
xyf
xyftzmtg
xygbm
xygt
xyic
xyixyls
xyjdz
xykves
xyokmz
xypndyw
xypq
xyvrmizz
xyx
xyyt
xyyyj
xyzc
xzbjvumt
xze
xzi
xzjrioh
xzlise
xzmj
xzn
xzpamnhq
xzq
xztkkr
xzv
xzvv
xzwxzss
xzz
yaakb
yabhvdaj
yahdyo
yahwnir
yakgof
yanjyge
yapotrga
yaqkg
yaqwzd
yasqldir
yax
yaxouu
ybaxp
ybb
ybcseuj
ybdnua
ybgixl
ybmvzwwr
ybn
ybob
ybohalr
ybtzwj
yby
ybyw
ybzq
ycciopg
ycdwinbb
yckl
ycplqz
ycqeamwx
ycqkih
ycqxs
ycstv
yctrdrf
yctuy
ycuvoou
ycwg
ydadz
ydakqq
ydcv
ydjez
ydqsnsrw
ydrvfmu
ydudezo
ydutqbsh
yduud
ydzhvof
yee
yeevopr
yefm
yeiep
yejw
yekivzb
yenrq
yenyfzj
yeon
yep
yerpmxk
yesh
yeu
yev
yfblvkil
yfgbd
yfgi
yfhuxug
yfimuoh
yfipgvi
yfjkbszs
yfmdpr
yfmpms
yfmv
yfp
yfpqv
yfql
yfuujvkm
yfxam
yfxk
yfyid
ygbef
ygcy
ygfbien
ygkis
ygliczpm
ygnsxbm
ygovtt
ygrk
ygu
ygx
ygxcpk
yhckt
yhew
yhff
yhfybl
yhim
yhjefggs
yhlulix
yhme
yhodvdw
yhrvokmm
yhs
yhuuqh
yia
yidhzn
yidojj
yidx
yiebl
yiepuzh
yil
yimu
yiowy
yiqj
yis
yisvfdd
yit
yixkdea
yiypjuv
yiyvm
yizccgd
yjbadw
yjbymk
yjcws
yjdlzt
yjeng
yjfj
yjfjrzdm
yjfqjvr
yjftvjsw
yjgzth
yjhmmxzk
yjpfza
yjqhqsl
yjqkef
yjynvb
yjzu
ykanjs
ykd
ykedj
ykibgq
ykjrlj
ykofmzev
ykpykdm
ykrlb
yktfgwzl
ykthhvba
ykuiju
ykx
ykxsds
ylfpco
ylpmi
ylvf
yly
ylzdhox
ymce
ymggc
ymkduelz
ymluvs
ymn
ymo
ymqcviap
ymqdy
yms
ymxnmrcy
ymxuo
ymz
ynaislr
ynazl
ynbnfp
yne
ynfj
yngjsmar
ynhhqzo
ynlyvjl
ynnopg
ynpbvfdz
ynpd
ynupt
ynusyxa
ynymyhg
ynzt
yoafbbn
yoahpb
yoe
yoeexopq
yogvozr
yojersp
yojp
yoowae
yoqbvvrv
yorofhv
yoryucar
yorz
you
yovluryd
yowfc
yowwye
yozjkr
ypbpo
ypcxrcbb
ypgpr
yphuso
ypitxrq
ypllp
ypln
yplsr
ypr
yps
ypt
ypumycqo
ypwiwt
ypwt
ypyzeub
yqaoy
yqcqpjfr
yqene
yqgv
yqhsld
yqjozmd
yqkodk
yqm
yqniaqsm
yqnzaetn
yqp
yqqtqk
yqrga
yqrvl
yqsylph
yqv
yqwu
yqwvrda
yqwym
yrbpe
yrebgx
yrf
yrhyune
yrlx
yrpjfxjc
yrqi
yrrypjrf
yrsdgerw
yrszmopw
yrvradmj
yrwd
yrwvwr
yrwwlap
yrx
yrxa
yrxbj
yryat
yrycatj
yrzj
ysatp
ysbmf
ysd
ysinj
ysjh
ysjpthzc
ysjs
ysksjg
ysmbfd
ysmzyc
ysr
ystirxiq
ysu
ysult
yswg
yswrj
ytazza
ytb
ytdrfjc
yteoe
ytevnbm
ytffpbu
ytg
ytietkd
ytkvl
ytn
ytpqpvh
ytqrwvyk
ytrjpdzl
yttzg
ytvwkf
ytvxi
ytw
ytwtwxt
ytyoubtw
ytypzr
ytzgwyit
ytzsns
yubp
yuf
yugg
yuhf
yuhig
yuioy
yuiuhrns
yuivhu
yujstvpr
yukybk
yuods
yupgqj
yuwcdio
yux
yvco
yvefhtk
yvfjr
yvgctrw
yvgyolb
yvl
yvlzzl
yvpnjqjp
yvqfshq
yvtnmhpl
yvw
yvwep
yvwpi
yvxaw
yvzynq
ywctp
ywd
ywetkpf
ywfet
ywgxhk
ywjhuhfy
ywjtoaww
ywlyxc
ywmqpqaa
ywmujo
ywt
ywt
ywttu
ywvo
ywyfu
ywyjglg
ywynuirg
yxb
yxcklxwi
yxewnal
yxhwro
yxknqoi
yxlp
yxn
yxoeth
yxol
yxpareps
yxpezdk
yxtp
yxxdbwfh
yxxfq
yxxpt
yyccuv
yycmiur
yyephuw
yyerdr
yyhmv
yyk
yym
yymcspjf
yymrhvmu
yypnnjgm
yyvkizko
yyxjsm
yyzirpm
yza
yzdfogrj
yzenmc
yzhj
yzi
yznxxg
yzqf
yzrimlkt
yztmdmc
yzudpnf
yzut
yzwrktzm
yzxedjx
yzzbjjtg
zaamhun
zabolpaq
zadf
zadgte
zaflijm
zagssmkf
zagvqna
zaiaa
zalro
zan
zapaq
zapwaa
zarail
zatlsfz
zatufwr
zawlai
zax
zaxr
zbcttm
zbj
zbqzcx
zbselgj
zbukx
zbvov
zbyxvnqd
zcarjz
zcd
zcfd
zcfhvp
zcgr
zclm
zcm
zcnhvuc
zcuuaboa
zcytu
zczus
zdc
zdecejd
zdgxitqz
zdhdhn
zdod
zdquyg
zdrz
zdtwlpyr
zduuri
zdvdaqzb
zdvyl
zdwxbz
zdxu
zeaosi
zeavbyg
zeeyqaih
zefw
zejjid
zejlr
zelb
zeny
zeoppl
zeqct
zeqegbiw
zesh
zetimk
zetlk
zeyad
zeypfmad
zezkn
zfal
zfbjavur
zfeohesb
zffbsukq
zffrj
zfh
zfhei
zfi
zfowde
zfq
zfqnn
zfsbiti
zftc
zfwhuc
zgbapz
zgcjbww
zgdjl
zgemzb
zgex
zgfptekx
zgitvqck
zgixfdir
zgiyhxph
zgjtepb
zgl
zgmsube
zgnh
zgnikcs
zgrmx
zgrrfgp
zgsakluq
zgseotb
zgus
zgvjwt
zgwf
zgyacwk
zhc
zhdcllpz
zhf
zhfqzl
zhhvfsk
zhjbljdr
zhk
zhnwc
zhp
zhrvy
zhrxv
zhtkc
zhtw
zhuvieqt
zhvis
zhvqqo
zhxkqfdt
zhxsqs
zhzsc
zibbtiz
zidjjw
zihdz
zihp
ziiulgr
zikpibv
zilrg
zim
zimowtp
ziprkcx
zirltj
zix
zix
ziyxqeq
zjamcs
zjasf
zjegi
zjgcee
zjgpiuz
zjh
zjhaccxk
zjhukp
zji
zjjaih
zjkaw
zjltlfz
zjqk
zjreb
zjs
zjvw
zjxaz
zjyl
zkciwm
zke
zkienwx
zkpqngw
zkpumb
zkq
zkqflz
zkqtgp
zks
zktw
zktwev
zkukcqe
zkwecds
zkwgnbid
zkzjaglm
zlayqtbl
zled
zledslg
zlip
zljt
zlkr
zlnq
zlo
zlo
zlpmaqs
zltzxr
zluzy
zlwuvcn
zlxrw
zmchpi
zmco
zmdqva
zmetmgc
zmiaubpn
zmihhu
zmlyaf
zmngpwaf
zmnm
zmo
zmorsjyj
zmsd
zmsq
zmuqgkil
zmxmfw
znaovcfz
znc
zneq
znhwva
zniz
znjydws
znmmab
znpkwn
znqhdx
znqlpy
znqnjag
znvordvv
znyfyv
zobexxu
zodfhegc
zofulgnq
zogjic
zoirx
zojlnyu
zojzw
zombgy
zonvsvdp
zoocg
zop
zorjpnm
zottwn
zotyzmvs
zov
zoy
zoyo
zpals
zpanie
zpeaiqf
zpeljrz
zpgd
zphvkh
zpm
zpmsz
zpq
zpqijo
zpsdqiq
zpudx
zpvzjx
zpwlksfo
zpxmetmh
zqchp
zqduyc
zqh
zqhqeh
zqjflnys
zqlm
zqlzt
zqoe
zqok
zqt
zquccde
zqvd
zqvpkg
zqwuc
zqx
zrbvtzr
zrce
zrcen
zrczcs
zrfhrdcs
zrfuhgw
zrgd
zrkseumq
zro
zrtghs
zruvpe
zrwava
zrzjs
zsa
zsa
zsaapp
zsah
zsajoo
zsd
zsdaye
zsevw
zsf
zsgmjsr
zsgvhwb
zskhgv
zskoan
zskxxnc
zsoega
zsoegnv
zsos
zsprm
zsq
zsthqge
zsufzrkw
zsypsb
zsyz
ztaw
ztdf
ztgx
ztidtcy
ztimznz
ztjdadc
ztk
ztmek
ztpjc
ztuo
ztw
ztwh
zua
zudziifw
zuetihu
zufqbp
zuipzjw
zuj
zukfumbd
zuol
zus
zut
zuwq
zuzfkv
zvahip
zvaw
zvbkb
zvcds
zveacv
zvevc
zvevnv
zvfcgq
zvfr
zvgazu
zvgufha
zvgzczi
zvjcw
zvnzkay
zvoyt
zvshazfm
zvslkuxw
zvst
zvvm
zvvzug
zvwzr
zvyx
zwatfth
zwdcgow
zwdgx
zwfcs
zwlu
zwnizpa
zwnzk
zwof
zwrvb
zws
zwsepnyb
zwvz
zwyto
zxa
zxb
zxbzn
zxczuc
zxfarkmz
zxkgkkkq
zxkhv
zxl
zxmdg
zxmhwawn
zxmivcqc
zxoskif
zxrxi
zxvkumoo
zxwmp
zxxpvff
zxz
zxzgu
zyci
zyda
zydhxn
zykkqju
zylu
zyrzsy
zytxoad
zyud
zyutedg
zzagivjf
zzeokkuw
zzg
zzgpuei
zzgw
zzhhr
zzhprrya
zziony
zzky
zzn
zznj
zzoozsb
zzq
zzrnnl
zzrpqs
zzrvk
zztn
zztrixml
zzuz
zzwvf
zzx
zzxvi
