2473917
2469399
2479445
2463170
2464761
2493736
2485052
2474704
2461818
2465783
2462426
2483699
2490398
2481517
2478651
2476921
2465180
2472136
2475037
2464077
2467366
2463883
2493827
2468785
2472046
2482763
2470335
2465319
2475159
2472114
2485196
2491083
2463997
2493496
2459139
2486690
2466373
2472634
2466749
2481177
2484848
2492945
2476318
2469433
2460169
2483476
2464373
2461218
2485360
2462923
2483197
2476520
2487176
2480397
2475311
2485324
2471375
2490102
2467742
2488849
2473344
2491408
2487125
2488139
2493126
2483364
2469053
2465889
2478669
2481095
2494939
2486650
2473032
2469899
2470029
2479770
2468722
2465505
2488474
2489275
2463796
2487093
2465541
2477670
2492713
2478315
2468140
2479766
2473644
2492706
2488011
2464982
2475067
2461054
2494310
2484382
2462604
2460063
2474422
2491326
2482775
2491586
2470323
2470940
2493065
2478174
2492113
2462013
2476037
2472980
2465577
2468611
2493231
2468040
2471402
2465517
2482259
2487645
2479647
2470192
2483300
2477762
2492600
2468296
2484206
2477397
2466511
2477834
2479738
2471949
2469343
2458864
2492277
2468462
2481349
2460912
2475909
2480382
2468647
2488778
2490922
2491257
2467618
2485318
2474664
2460846
2473114
2470316
2494598
2463443
2483601
2470084
2460689
2472115
2485735
2475589
2485098
2481877
2488469
2469749
2482891
2466294
2492042
2489832
2466974
2462330
2478891
2476419
2489778
2488635
2482053
2486141
2483020
2480508
2472067
2461881
2483836
2462580
2486994
2461829
2478032
2480639
2492006
2459341
2459337
2476247
2490549
2478665
2472401
2481001
2475798
2467355
2461309
2490377
2487770
2488856
2482416
2485537
2494750
2471838
2459943
2485359
2490505
2465066
2485824
2474891
2477892
2485808
2486994
2488827
2466285
2479732
2492425
2475759
2459825
2484286
2469906
2463452
2464538
2474825
2489354
2492167
2488717
2490837
2466184
2485564
2470082
2494641
2472948
2483893
2491470
2467421
2464989
2489600
2483913
2481898
2472241
2470396
2468785
2481713
2487479
2475443
2464597
2472736
2482792
2467150
2462826
2492859
2465405
2461101
2461020
2480279
2488022
2482578
2480544
2462997
2489349
2478779
2468073
2468976
2476196
2479577
2464477
2490632
2486454
2459194
2486981
2459251
2463588
2493747
2471579
2458775
2459778
2460567
2493592
2460438
2472646
2485838
2460998
2483770
2488039
2476021
2463499
2465383
2490747
2482335
2472114
2494793
2474192
2481141
2476393
2474458
2486434
2485422
2475366
2465759
2458869
2462723
2472314
2484606
2467381
2474052
2469563
2459067
2462905
2461227
2479143
2468460
2469856
2467202
2466019
2477144
2474089
2470475
2486809
2471985
2476436
2464750
2459562
2491450
2469399
2469408
2493597
2493850
2490648
2476824
2474261
2460474
2465167
2472910
2486242
2464985
2468710
2467121
2460455
2494144
2477771
2471411
2489159
2485998
2464459
2482238
2484442
2484316
2460582
2493525
2466245
2463519
2461123
2465148
2482897
2491977
2471964
2460339
2492984
2490854
2488973
2466266
2462496
2466552
2486457
2467316
2474995
2480735
2493286
2478597
2462090
2488744
2466536
2481294
2473166
2491623
2493234
2484742
2490520
2480837
2485496
2476740
2487130
2475046
2475161
2480918
2493730
2493841
2463639
2476056
2462915
2478947
2475828
2462868
2490770
2464068
2470391
2485375
2483563
2475194
2472213
2476160
2474008
2466333
2493415
2464955
2480457
2468849
2488747
2469550
2476347
2465681
2485612
2479457
2486844
2459673
2470803
2488504
2485975
2475528
2482091
2493227
2480510
2473357
2469722
2476462
2462959
2480076
2481221
2491926
2460557
2483104
2464262
2470856
2488926
2468823
2480500
2474770
2479526
2485483
2494794
2470036
2486804
2482528
2469618
2468515
2463595
2490890
2474107
2459300
2460829
2493740
2473445
2474934
2481945
2490260
2464651
2469069
2491017
2479241
2461513
2492989
2483586
2481911
2483802
2468404
2468127
2473804
2494240
2460128
2479435
2493836
2469771
2458607
2472795
2462312
2478318
2461949
2471997
2461712
2485638
2466796
2470889
2480216
2490009
2490901
2459903
2486616
2491307
2491361
2490715
2466967
2486216
2468592
2492445
2490489
2490415
2482642
2477330
2468724
2479397
2465211
2489973
2459145
2491406
2469420
2470563
2476525
2466940
2465168
2494776
2492310
2489714
2489700
2485645
2484934
2478356
2468159
2489182
2489636
2489236
2490524
2472415
2464931
2465356
2484772
2460441
2478973
2492636
2465967
2491712
2461871
2487125
2478736
2492007
2492279
2494219
2492105
2490191
2491225
2493340
2475669
2492651
2465027
2483251
2494306
2477161
2462080
2489068
2483884
2489331
2488466
2458676
2465936
2469658
2473370
2491664
2480808
2488290
2491938
2492394
2464836
2472515
2459476
2465838
2466629
2474304
2489036
2492555
2464671
2474791
2467494
2480545
2466211
2487446
2469242
2483653
2480004
2486255
2490459
2482107
2468800
2469674
2468349
2482934
2480220
2466210
2487799
2491260
2471488
2460420
2493819
2477819
2485931
2492860
2485615
2472309
2488572
2492559
2472008
2485468
2472914
2471239
2465060
2460612
2476317
2483864
2463613
2489306
2473302
2491664
2492811
2461216
2481504
2468957
2484191
2469909
2490981
2466211
2485542
2465207
2486237
2487255
2490610
2471179
2469602
2484541
2468957
2478376
2475295
2481953
2489397
2490578
2458476
2470720
2475045
2466328
2467200
2463550
2463243
2469308
2484261
2487228
2474150
2481826
2460903
2490359
2459814
2465172
2484356
2473263
2484311
2469928
2474579
2476237
2473021
2487735
2463341
2483472
2480772
2462871
2467817
2476089
2485182
2468923
2469702
2470586
2484785
2469980
2487198
2490345
2468477
2480588
2480217
2473266
2459673
2464217
2480845
2472638
2468774
2491178
2485945
2465846
2481783
2478367
2482939
2465899
2472047
2461017
2466366
2481421
2472527
2458489
2479464
2459106
2485341
2458952
2475537
2480348
2460390
2482036
2473292
2468404
2468474
2464890
2464880
2459625
2494689
2469000
2485168
2490035
2492140
2463058
2460561
2468766
2486291
2486608
2458742
2463377
2486239
2492170
2462643
2484001
2492899
2466061
2461241
2458995
2487987
2473869
2460886
2474884
2478620
2460233
2469560
2477425
2489405
2474672
2473648
2471448
2477526
2491294
2466189
2493708
2478281
2471838
2464313
2462530
2478552
2486030
2459267
2464215
2488642
2472981
2476480
2461023
2471438
2490397
2484731
2487903
2472316
2460589
2489639
2494762
2462577
2461434
2487071
2471489
2479569
2480788
2489225
2468055
2476519
2484922
2487440
2472651
2492983
2487091
2465784
2463147
2477701
2474554
2485359
2459186
2487798
2466830
2471627
2489124
2491413
2482945
2485277
2464544
2481766
2483932
2480105
2476450
2459506
2466040
2483709
2474301
2461037
2491365
2494740
2470105
2486817
2461440
2488027
2479499
2459439
2462989
2487245
2491018
2489853
2458565
2461050
2489157
2472374
2482346
2485954
2488075
2461955
2492693
2489181
2459135
2466061
2467074
2462585
2485032
2487436
2463261
2484994
2462095
2469687
2474885
2487636
2484321
2483578
2493578
2465010
2493001
2477554
2466927
2469959
2476340
2484739
2484963
2494114
2489638
2483359
2464610
2479386
2491433
2492930
2470494
2489775
2492513
2458884
2463174
2469504
2473522
2476525
2477233
2468110
2463583
2485100
2470598
2486655
2459827
2473871
2494885
2465346
2494057
2464423
2462398
2476882
2467615
2492361
2488178
2463557
2487313
2486721
2479262
2474441
2464780
2465548
2470587
2476337
2478051
2465714
2478962
2494541
2463770
2462982
2474496
2463686
2490131
2462114
2467168
2490608
2476017
2463555
2487402
2478415
2471897
2489864
2481372
2479856
2466717
2461351
2494513
2490028
2481150
2463523
2463363
2476855
2474848
2465403
2479810
2473909
2464325
2493156
2470559
2460776
2474761
2460880
2490011
2467494
2494012
2488076
2463661
2472730
2472261
2467896
2479909
2460938
2473374
2482839
2489831
2487884
2482602
2469862
2458682
2476570
2466486
2476830
2489285
2476402
2480875
2472126
2479009
2460944
2478350
2462292
2471807
2474416
2465690
2493849
2484789
2458767
2487859
2465588
2470327
2459327
2491531
2485908
2475176
2471326
2461620
2472645
2472905
2493076
2474182
2492296
2482590
2492400
2492602
2489579
2467613
2488626
2483885
2472822
2467029
2474726
2477607
2466231
2493846
2487909
2472755
2467681
2473954
2466835
2482110
2479749
2483709
2458722
2463289
2491837
2486111
2477434
2493982
2459422
2471642
2471203
2491644
2472758
2463030
2478846
2477351
2486881
2464314
2488311
2492930
2492293
2460836
2459644
2475744
2466384
2492905
2476543
2475824
2459839
2473176
2476191
2462887
2467083
2474641
2477712
2486820
2469718
2482779
2492270
2469231
2479182
2484772
2459163
2476667
2464876
2485605
2465810
2468171
2468132
2488833
2469880
2461785
2477838
2462697
2483810
2463085
2464014
2494924
2458806
2473611
2467145
2461770
2489350
2470490
2478178
2468061
2482978
2461354
2475559
2484147
2476267
2473760
2471606
2486762
2480021
2467405
2492347
2472168
2484207
2475524
2460468
2461082
2483553
2466781
2484595
2465399
2467636
2483016
2477023
2485721
2465329
2478501
2474625
2462967
2493254
2492042
2479551
2477043
2491083
2494283
2471043
2480401
2463736
2461158
2488402
2494635
2485445
2477600
2469495
2471911
2472742
2493990
2480724
2488421
2489970
2481324
2475109
2464752
2482443
2469433
2478190
2474244
2464232
2475407
2459747
2476689
2479947
2468111
2475625
2486268
2488102
2484547
2477093
2485901
2459391
2473305
2486998
2479527
2476621
2479522
2483626
2466770
2474221
2479015
2491489
2465471
2471096
2476418
2467993
2483763
2492606
2477877
2481191
2470910
2482945
2469739
2462756
2463218
2483105
2461081
2494776
2488977
2487446
2466643
2459499
2492624
2464722
2475940
2464550
2467637
2493022
2482976
2465617
2484296
2473173
2491109
2471989
2485964
2476227
2491539
2491386
2462070
2459262
2476156
2490047
2481212
2462258
2491406
2486646
2462559
2460023
2469650
2483806
2480197
2483205
2461842
2484342
2474977
2458899
2470326
2468110
2483467
2492505
2461556
2472863
2459868
2477541
2476687
2472221
2477396
2483667
2475380
2475567
2475094
2489648
2468748
2474680
2471714
2467314
2462375
2486728
2479407
2459647
2462248
2481666
2466877
2471517
2494175
2485087
2484472
2479125
2481788
2467708
2466717
2475511
2489652
2481182
2479616
2491006
2472005
2461670
2461171
2483922
2464131
2482496
2490617
2488282
2488793
2489823
2468113
2484754
2490575
2474116
2458632
2489762
2494021
2492222
2480030
2480281
2487948
2488851
2465746
2482909
2491457
2480405
2471782
2459549
2470594
2490414
2472736
2490627
2477526
2485918
2492517
2458677
2481135
2466854
2466347
2484146
2489341
2484103
2459817
2469046
2463506
2467153
2471571
2479463
2480197
2472966
2494851
2481919
2485819
2460251
2483983
2471688
2465083
2471087
2489649
2469298
2471751
2490277
2491163
2478306
2478791
2473685
2472139
2491178
2468284
2484456
2494101
2488695
2459119
2483956
2482898
2487283
2466520
2485882
2465222
2464601
2487046
2487937
2490304
2458553
2462268
2466030
2486074
2483845
2477585
2473763
2465795
2473944
2472186
2480583
2488667
2473771
2491010
2479685
2461763
2474770
2486932
2475469
2468114
2488708
2480289
2493146
2476978
2493914
2471242
2480134
2468377
2474037
2481188
2465490
2482968
2490982
2493347
2488714
2486788
2477894
2485386
2494329
2491055
2487943
2459189
2490227
2466517
2491878
2486816
2489330
2466565
2461457
2471517
2462743
2484049
2476349
2494311
2476603
2482743
2488533
2476541
2461760
2481817
2471714
2461147
2490548
2470431
2484473
2494137
2473520
2476442
2493020
2460561
2462952
2475846
2489103
2491974
2487426
2482918
2483181
2458682
2477764
2467842
2467267
2466421
2486329
2462933
2481217
2472555
2479943
2461997
2494086
2459477
2482675
2472349
2473629
2483676
2490378
2493778
2466954
2466917
2466918
2471484
2473819
2489525
2489993
2467646
2478524
2477718
2461467
2466940
2469611
2480838
2478928
2480391
2460796
2491961
2478440
2482948
2469756
2481761
2488867
2464478
2486398
2480855
2482112
2483864
2478203
2483922
2463012
2483668
2492322
2483569
2485202
2492975
2461040
2492565
2468748
2485557
2493185
2461372
2486820
2489570
2480868
2477264
2472487
2479703
2481224
2494385
2471536
2480199
2488166
2490864
2488853
2473809
2491304
2482997
2475602
2494020
2474064
2491514
2466115
2482221
2482060
2462034
2475136
2461003
2490165
2477163
2491097
2469077
2470707
2475573
2489167
2493019
2492528
2473032
2469635
2471530
2491973
2463978
2476746
2486051
2483186
2479793
2491790
2481733
2461740
2472769
2473468
2477271
2470678
2475924
2491982
2485312
2473281
2488833
2467145
2475573
2462926
2475156
2471019
2491559
2493312
2480900
2476803
2469591
2476458
2460507
2465397
2465126
2481651
2491851
2484829
2471214
2477261
2475658
2460867
2463610
2483651
2491816
2477752
2465018
2478522
2476174
2466625
2472416
2491597
2486473
2487434
2488209
2476806
2482818
2468100
2468661
2460462
2475044
2465577
2490850
2490492
2494870
2491863
2469568
2460258
2491216
2494372
2490531
2469618
2462453
2491865
2488718
2473895
2467615
2479414
2483271
2476176
2472723
2470177
2476635
2486626
2459765
2460599
2490908
2464368
2477706
2490885
2468978
2485250
2476446
2485351
2474388
2481317
2472031
2481455
2460632
2473333
2490820
2493921
2476398
2472475
2471663
2470865
2491268
2471062
2473546
2464210
2494786
2471187
2487553
2469173
2471961
2476713
2465953
2468519
2489874
2478361
2463051
2465663
2477918
2469236
2476029
2477185
2476438
2467250
2485467
2476027
2478059
2459414
2482470
2482119
2473353
2462030
2491202
2474216
2489858
2470834
2487508
2468428
2478900
2485728
2482461
2459385
2459637
2476323
2479864
2478670
2475384
2487720
2466361
2494851
2483136
2466135
2486573
2469257
2488908
2484521
2492628
2484267
2492599
2463179
2492588
2475445
2494547
2464769
2477316
2463360
2465175
2475773
2474342
2488108
2483276
2489126
2465002
2459212
2476989
2487552
2471940
2485368
2459117
2488483
2484838
2460535
2484204
2482553
2491836
2477292
2489225
2470428
2468618
2493701
2476981
2466278
2469713
2485387
2494017
2460639
2460874
2489744
2478697
2466275
2462788
2470000
2461055
2487613
2494524
2475889
2480181
2460733
2476444
2481504
2477890
2483796
2473624
2487331
2491355
2489500
2476937
2464892
2465839
2465881
2485154
2481840
2490450
2490317
2459397
2480166
2491061
2484816
2479418
2480472
2463465
2470022
2463781
2481197
2461526
2493867
2464808
2466994
2477613
2478108
2487806
2461036
2461730
2478173
2462967
2460669
2485306
2492208
2464716
2484269
2485939
2492251
2481235
2489874
2491584
2472028
2470212
2469872
2494270
2492466
2476173
2485059
2491730
2477966
2488578
2486926
2491937
2458876
2461244
2464729
2493090
2490471
2483009
2479993
2472767
2458660
2488074
2481692
2467223
2476851
2480031
2481433
2474798
2468810
2458652
2486840
2494115
2492112
2465282
2462702
2491259
2481891
2489301
2482344
2492428
2478906
2490403
2470403
2483441
2491724
2475614
2482452
2468997
2465063
2466800
2463805
2489908
2474952
2475534
2474808
2460250
2473869
2460541
2489613
2465072
2493452
2471784
2479959
2467302
2468014
2485028
2480006
2468764
2483838
2483397
2477575
2468980
2469830
2488387
2481142
2464207
2490782
2485127
2488751
2494451
2473096
2477231
2468358
2463660
2467122
2491288
2478884
2484067
2490999
2492266
2474757
2474982
2486807
2481446
2477797
2467804
2464634
2461584
2474449
2487925
2484779
2494135
2480824
2488518
2490760
2481523
2468815
2473530
2477400
2489519
2476143
2485100
2461672
2474219
2486225
2460391
2475236
2481057
2492985
2484116
2476886
2460078
2491412
2473498
2471434
2491692
2493981
2461397
2462539
2472763
2484568
2490229
2480358
2473215
2459877
2475612
2488603
2488642
2464747
2467702
2489481
2493543
2467840
2491021
2473116
2472148
2461567
2484439
2473116
2483440
2460580
2487551
2465073
2475337
2491984
2481007
2491651
2478498
2465116
2482683
2479820
2484747
2471521
2485537
2479836
2469450
2473683
2463351
2475655
2474959
2481045
2482535
2489067
2476243
2466175
2481833
2463829
2461758
2473856
2474278
2476673
2481928
2472044
2470424
2475412
2471499
2458603
2472098
2492325
2461178
2471183
2465621
2472125
2487376
2481745
2469398
2464050
2489240
2462508
2471970
2486142
2479723
2489638
2466425
2473894
2460735
2469467
2492637
2484051
2472784
2477051
2482678
2458827
2463921
2469196
2478062
2473364
2481070
2483456
2474365
2464295
2484404
2471736
2469452
2471887
2473302
2468936
2461856
2490526
2479573
2462462
2476188
2479170
2474711
2475133
2474742
2493852
2461595
2464921
2476181
2466169
2490315
2469994
2487521
2471439
2468104
2464859
2486953
2482538
2484238
2486585
2463938
2478971
2490130
2489939
2463241
2473632
2463885
2476323
2484649
2459839
2469951
2494243
2494896
2478375
2472856
2472473
2485611
2469280
2473830
2470948
2478118
2490638
2459890
2487189
2479574
2462036
2464964
2458571
2465942
2478335
2473385
2461197
2476577
2468901
2477680
2479926
2494419
2464375
2471920
2464646
2487753
2491200
2464279
2475922
2473865
2471234
2461059
2475378
2472499
2466697
2481621
2466350
2460796
2486251
2462385
2467203
2460358
2487374
2492564
2458807
2494124
2471326
2492915
2473808
2492226
2479524
2480008
2488273
2470188
2469472
2494603
2481603
2493513
2470455
2465077
2480589
2464565
2473180
2483936
2484216
2463602
2474367
2463245
2461034
2483506
2466558
2489078
2483167
2482037
2483539
2481573
2475138
2480648
2476104
2482171
2461698
2492984
2465193
2493264
2494018
2470560
2484829
2486755
2479631
2478249
2488873
2471497
2483423
2488974
2475627
2493028
2476605
2459811
2467425
2467355
2462293
2485135
2479253
2472746
2475878
2475683
2488190
2483389
2476733
2465949
2480422
2487461
2484153
2472201
2477529
2482365
2474576
2466321
2462165
2471828
2475139
2462333
2464498
2491760
2491334
2469658
2483909
2486298
2473102
2483998
2467932
2482689
2461396
2461974
2480895
2487099
2485377
2463903
2494226
2472851
2489872
2493369
2488395
2469696
2468475
2464442
2461395
2489084
2480966
2461760
2487367
2472532
2477329
2475540
2473375
2475556
2469203
2485274
2493397
2472739
2465245
2469105
2459909
2475365
2486171
2475665
2460480
2464345
2460841
2481513
2490023
2476843
2464646
2489547
2485059
2471020
2462102
2470024
2464036
2470886
2474160
2470461
2484858
2468934
2459895
2493447
2488751
2461211
2487831
2490526
2465942
2467985
2465134
2478847
2485961
2463218
2486654
2480270
2483433
2479480
2479458
2475160
2483884
2470821
2469861
2463045
2458933
2460961
2471525
2488782
2482707
2483326
2468649
2471903
2491832
2462289
2465032
2467731
2468630
2480293
2468920
2480048
2493994
2463878
2490069
2460348
2476217
2493662
2477575
2470272
2472502
2474674
2470629
2479589
2464227
2462898
2460515
2479113
2472794
2480459
2460472
2490218
2460915
2491334
2469880
2479079
2463847
2482305
2485770
2485231
2470803
2473472
2489833
2471123
2475490
2487275
2471926
2487284
2485565
2475547
2474687
2494359
2474987
2494100
2479162
2476445
2478198
2468322
2469560
2463927
2462396
2484586
2472560
2491153
2461038
2482773
2483865
2472383
2462597
2491562
2493378
2475419
2488386
2489721
2482402
2487449
2492392
2467131
2482757
2491447
2471636
2467859
2471595
2485343
2473848
2484499
2489165
2466128
2480809
2493769
2490556
2487441
2461500
2470031
2477197
2477374
2464291
2469889
2488450
2484259
2476312
2466741
2491247
2478159
2475987
2488871
2458480
2461353
2469341
2480117
2477184
2482118
2459880
2489406
2486290
2492665
2471552
2480526
2481671
2466067
2459636
2460462
2469027
2483421
2490348
2482773
2471285
2485299
2481718
2492714
2467134
2480815
2494584
2481706
2483311
2492576
2486828
2494694
2464787
2471768
2475427
2463479
2463523
2475996
2487678
2485838
2461702
2465344
2490228
2474339
2465747
2470896
2492739
2462070
2484810
2473914
2479711
2476194
2459364
2483910
2476353
2465156
2462526
2494787
2489430
2472249
2487068
2471764
2486122
2465188
2469535
2487770
2494196
2476274
2472206
2470570
2493885
2493332
2493430
2472591
2488506
2473083
2490692
2461689
2487255
2461968
2494538
2467584
2480417
2473107
2485896
2473866
2475974
2478425
2475254
2489266
2478412
2464917
2463831
2465278
2487045
2474102
2473304
2494444
2473496
2485449
2466261
2488123
2485284
2489866
2490803
2458768
2494687
2466280
2465511
2477896
2480822
2488479
2486584
2482786
2487155
2485634
2490533
2473610
2464931
2491187
2459626
2489748
2473221
2467833
2474799
2477444
2466115
2493309
2467152
2470682
2482477
2460934
2463100
2480918
2466793
2469678
2481790
2464149
2492565
2465363
2481321
2462748
2488524
2468128
2492030
2478091
2491487
2491399
2477415
2459082
2463708
2494469
2489538
2464823
2464878
2482863
2463153
2477773
2469363
2466499
2479546
2461005
2470452
2475262
2467243
2478358
2465413
2470074
2473806
2488779
2469964
2474864
2469202
2466273
2482951
2464388
2477309
2486373
2469673
2462999
2493083
2480102
2494716
2482954
2479254
2484716
2480458
2494439
2490135
2485347
2494501
2480700
2471059
2467993
2482353
2466657
2472908
2489776
2483345
2459150
2478376
2480415
2479440
2465393
2462474
2488881
2490123
2491638
2482179
2469910
2475267
2460941
2468816
2488104
2463876
2481387
2484412
2480515
2465643
2472689
2472912
2486060
2479587
2482069
2470148
2459519
2478555
2464724
2485310
2487826
2485062
2486811
2475999
2466393
2464864
2478221
2470204
2492061
2478206
2489609
2480506
2459330
2485431
2479900
2473182
2473992
2463897
2462138
2494701
2463014
2489812
2462991
2473920
2493420
2483167
2489254
2487344
2464141
2480564
2468602
2473886
2489957
2488823
2494039
2470980
2459550
2466051
2478001
2474206
2467033
2470271
2479750
2484712
2469384
2474801
2486932
2479653
2475304
2476480
2462943
2464298
2473606
2480693
2467274
2474608
2479891
2492369
2463357
2476430
2462651
2459291
2474341
2477840
2481328
2477639
2469161
2480904
2461023
2475729
2476046
2484914
2491873
2482947
2478838
2471566
2468775
2491782
2467701
2484981
2486131
2493583
2480886
2469438
2476213
2481157
2471254
2480783
2466253
2482613
2489187
2486355
2481721
2487308
2480071
2480451
2464325
2475082
2493495
2459666
2477654
2494541
2468323
2469295
2488392
2477337
2470312
2473836
2484472
2464398
2465489
2472814
2471463
2466143
2487224
2489280
2464364
2464481
2486014
2463155
2469052
2488083
2489009
2466497
2468714
2460229
2458494
2474897
2471306
2471865
2463550
2477217
2494263
2479798
2464535
2463652
2460686
2486377
2469483
2485389
2464446
2462895
2481910
2471671
2492319
2475162
2478048
2490844
2470043
2465697
2492919
2491505
2473255
2471822
2484891
2478164
2478741
2483998
2461288
2458589
2461973
2485102
2469171
2480216
2481926
2490807
2491346
2486581
2478442
2467820
2472447
2482400
2488059
2480289
2468054
2477187
2480736
2464462
2461901
2464546
2480309
2483631
2473408
2477954
2484716
2461916
2479458
2481466
2464169
2486971
2462863
2461697
2463077
2472359
2488193
2492178
2477331
2469565
2494028
2475495
2477318
2476805
2487163
2468236
2476126
2489694
2476895
2480072
2487747
2483603
2463349
2488742
2493205
2462399
2486997
2464792
2487855
2473522
2490653
2464907
2464271
2494384
2489766
2476497
2471180
2472806
2459240
2479351
2469316
2474169
2464546
2476338
2488671
2476723
2488640
2469339
2463122
2461677
2484366
2494606
2479988
2490366
2476112
2460042
2492906
2483716
2487298
2480704
2486125
2464338
2488374
2469871
2489270
2478332
2480303
2476236
2482075
2476850
2492175
2494807
2486991
2489425
2483939
2486928
2475816
2463407
2465913
2485420
2466189
2477460
2485871
2459940
2494117
2484634
2493031
2481751
2458792
2469100
2492826
2465563
2493637
2491702
2475990
2463199
2475755
2474968
2492883
2479440
2463408
2483950
2467986
2474346
2493127
2467239
2462608
2461546
2490381
2480192
2478652
2478571
2471943
2463886
2458639
2487404
2482702
2486211
2478036
2464472
2475910
2478534
2465780
2479814
2459920
2493702
2489530
2488852
2481526
2484491
2461070
2464937
2490604
2486853
2479400
2487952
2484542
2460426
2470570
2467836
2467246
2487476
2477696
2490047
2475286
2479012
2462000
2464295
2462939
2459247
2472237
2490243
2489578
2492446
2493557
2479934
2490195
2490996
2487319
2473523
2494107
2482270
2461946
2458993
2460916
2478631
2471827
2491033
2468830
2475793
2488888
2481075
2459985
2490313
2494347
2478668
2476447
2463922
2469267
2492018
2487719
2464445
2467608
2488279
2481679
2470303
2471532
2479856
2472717
2490337
2483169
2489862
2487111
2479206
2461628
2473361
2493616
2471697
2483687
2464518
2469269
2467505
2467607
2483270
2473948
2470258
2488010
2488946
2489561
2481068
2484986
2471626
2484362
2491818
2487248
2461961
2490539
2458612
2491618
2492360
2475040
2461159
2476023
2489956
2481621
2461319
2478631
2493480
2489014
2477809
2470587
2471960
2488947
2464263
2474079
2465253
2489472
2458956
2491623
2473255
2474126
2480209
2461965
2493315
2463190
2472348
2483952
2466497
2472818
2489303
2490399
2468672
2494836
2490797
2486621
2461558
2461343
2489658
2484074
2473917
2459787
2480996
2460856
2469130
2494775
2491123
2494806
2474247
2480896
2475885
2476596
2488900
2467221
2483197
2473053
2463646
2474092
2484627
2467269
2478890
2471592
2476941
2463575
2482737
2484940
2465417
2474615
2490272
2490058
2494400
2472713
2483094
2462763
2466342
2461982
2477284
2474501
2486513
2481688
2463644
2475062
2458833
2478317
2482652
2465042
2471073
2488392
2473136
2470764
2463462
2483721
2469973
2480308
2472167
2465990
2490468
2481745
2488051
2488351
2467862
2476126
2475019
2479201
2480740
2482655
2480464
2469301
2465555
2476504
2464242
2479423
2486250
2493719
2475694
2482501
2492159
2483448
2481590
2471460
2469942
2460119
2477919
2462321
2467393
2480358
2480789
2480900
2474986
2484625
2469392
2465913
2464304
2490592
2458720
2485356
2491039
2490573
2465879
2493909
2488226
2468027
2490479
2477699
2480867
2466451
2459329
2483167
2473154
2469080
2475964
2489140
2468973
2469272
2466317
2463948
2469729
2470154
2477470
2466860
2476664
2464470
2483942
2468613
2463398
2475728
2484528
2472554
2492544
2468759
2488203
2475511
2486702
2476164
2469096
2479671
2468932
2481601
2463855
2465018
2469442
2490657
2467591
2476479
2471490
2459720
2471767
2488610
2470757
2480576
2466846
2494628
2486019
2467822
2468695
2491269
2491135
2475397
2494229
2491325
2475675
2477529
2486024
2473727
2461030
2463423
2470485
2483553
2474627
2469781
2462663
2487841
2460307
2469255
2481662
2461003
2475432
2479281
2462967
2492367
2478218
2476777
2478728
2475944
2460985
2477049
2466795
2459197
2484693
2464333
2487207
2464048
2489509
2470788
2485208
2464240
2472499
2468668
2467686
2490375
2459068
2463238
2492955
2471025
2491015
2461402
2467813
2465496
2466713
2469665
2493585
2465535
2489400
2488696
2478771
2464824
2469642
2468164
2491129
2487531
2494411
2493963
2490706
2462584
2459052
2478322
2489832
2480019
2484662
2481941
2481985
2491705
2467952
2459085
2483510
2472865
2461688
2475050
2476212
2493563
2473959
2459207
2460312
2465454
2492807
2493410
2481268
2466738
2481055
2479189
2464523
2458778
2493014
2462239
2480711
2471312
2472788
2461809
2470959
2471670
2463680
2489455
2481614
2463249
2494605
2489929
2489236
2478745
2493317
2491190
2483333
2459130
2484124
2462635
2472324
2461984
2491149
2482974
2466111
2480538
2485200
2474899
2459856
2483758
2484476
2487223
2480120
2493167
2459513
2471827
2479187
2483211
2483573
2493855
2473204
2487778
2473096
2486959
2493398
2484916
2491151
2487842
2492559
2471716
2487035
2460813
2481026
2460009
2464217
2479028
2488675
2473086
2493747
2483548
2477449
2488122
2487059
2475678
2482638
2486087
2473920
2465122
2486129
2475346
2481950
2479574
2475252
2482808
2460746
2482567
2464544
2478115
2487019
2465616
2463809
2464657
2479649
2476618
2479566
2491622
2466786
2483032
2491252
2458716
2477738
2484234
2459929
2475969
2493828
2467084
2487497
2493762
2471368
2458933
2483220
2459216
2462762
2485162
2493215
2476046
2478588
2464066
2475004
2462408
2490985
2460353
2462658
2482065
2479669
2463299
2464385
2479070
2465457
2464383
2466223
2477698
2478483
2489822
2482364
2478262
2487995
2468736
2488297
2463440
2476254
2481389
2470173
2494772
2470386
2492578
2469220
2464001
2468024
2484048
2473207
2481239
2464510
2467536
2460925
2468942
2480324
2459316
2459377
2475111
2473733
2465143
2473487
2468487
2478396
2460881
2471494
2474312
2480989
2464710
2468071
2475704
2460425
2492844
2488862
2469593
2467481
2486521
2488888
2482826
2489536
2475225
2471278
2481439
2476223
2494814
2476524
2463044
2475624
2493692
2476150
2476168
2479095
2477547
2475076
2493957
2492505
2469882
2480336
2464055
2493883
2461324
2485746
2487471
2460242
2478484
2470638
2486689
2493140
2471863
2480053
2479563
2462257
2474840
2471851
2465663
2493656
2469685
2477798
2491164
2475334
2482932
2492751
2489862
2481288
2494567
2477486
2469232
2476350
2473282
2476335
2481412
2461298
2460114
2460479
2458794
2475617
2477135
2470277
2471368
2470318
2476204
2492011
2473693
2473750
2481433
2461630
2487531
2492248
2472874
2473771
2487720
2491833
2464867
2467778
2475773
2491753
2470463
2494776
2486193
2478416
2462393
2492166
2493215
2492634
2460037
2492079
2473135
2481623
2482771
2481717
2483522
2479470
2487567
2482375
2462944
2482034
2484213
2488078
2488522
2474893
2459289
2475050
2463989
2493496
2459247
2462183
2472415
2460905
2463406
2466424
2486053
2476997
2473098
2463897
2487883
2489493
2473859
2473641
2474629
2483806
2479702
2471969
2477324
2465135
2482154
2478082
2486388
2491053
2480710
2486446
2478139
2492196
2467615
2483869
2491449
2462869
2463982
2460048
2484769
2485618
2474084
2476989
2484790
2467266
2468567
2480579
2484248
2484969
2486708
2487889
2493470
2487763
2474098
2462917
2471801
2461391
2463543
2485625
2493455
2468486
2488036
2473064
2464198
2475569
2480869
2475272
2467869
2483675
2492608
2460781
2476939
2492048
2477939
2479094
2478532
2493888
2489702
2490031
2459783
2494014
2477935
2461107
2483747
2479717
2469053
2473102
2480848
2490506
2479912
2478920
2474413
2482956
2483327
2470085
2460853
2467735
2489401
2467374
2487926
2480115
2484306
2479346
2491299
2491080
2476953
2482253
2480651
2459115
2488496
2470793
2462520
2468468
2489236
2490893
2483590
2467686
2493665
2489974
2491458
2461444
2468336
2475514
2479331
2466063
2476331
2484312
2464117
2490483
2482847
2468404
2483651
2482138
2482146
2463105
2480103
2493906
2460711
2468283
2490562
2485839
2463088
2478137
2488125
2475545
2459242
2493330
2493337
2472475
2490925
2476244
2473384
2482919
2474591
2489006
2460804
2488202
2492346
2467345
2485956
2469981
2485848
2471973
2460679
2460549
2472500
2489242
2475338
2489837
2463658
2465089
2458599
2468799
2486132
2474831
2479127
2484144
2482043
2467319
2490966
2483536
2482882
2485928
2474353
2480010
2467460
2476888
2473148
2481741
2462632
2479547
2475712
2479593
2465399
2472502
2461673
2487878
2474388
2491098
2479509
2484134
2474313
2475742
2472690
2473722
2489074
2469022
2478234
2489260
2475830
2472015
2475064
2494435
2481283
2468675
2488727
2489413
2482049
2475193
2471832
2464203
2479951
2478669
2465289
2485406
2476480
2490006
2477517
2481140
2473546
2468732
2480834
2474848
2486021
2461140
2478993
2474532
2479195
2470512
2471060
2472534
2489082
2464076
2485246
2484521
2476442
2490432
2459067
2493462
2493217
2466286
2484394
2472472
2475084
2475596
2479046
2482849
2478345
2463095
2490587
2477722
2470080
2493900
2470393
2462715
2488438
2491063
2480638
2481991
2494104
2489647
2473905
2469206
2462695
2465434
2482973
2479761
2466044
2474309
2471385
2477281
2488688
2494330
2486016
2494500
2479608
2468839
2472833
2471815
2459444
2471098
2490006
2468671
2493379
2485381
2473910
2476549
2488206
2490075
2465246
2478728
2475106
2472047
2466217
2459124
2465738
2481253
2479618
2492119
2487040
2492308
2469351
2483479
2458490
2462449
2475918
2490697
2463428
2464390
2471503
2482165
2476158
2487566
2485734
2473858
2461978
2461889
2470955
2465500
2489461
2472346
2483262
2472776
2492110
2462492
2466155
2464648
2470872
2470309
2487009
2461675
2472364
2480952
2465446
2482063
2459529
2472212
2484859
2479796
2468798
2494005
2462978
2479746
2463913
2467644
2492223
2474786
2486918
2486963
2476840
2487049
2484100
2464841
2478412
2483951
2490855
2488822
2482609
2478044
2465561
2479088
2489502
2468920
2487128
2494666
2467569
2464591
2482749
2473825
2462656
2466421
2466386
2463752
2460734
2483183
2467908
2475684
2475783
2479186
2475367
2468296
2466022
2472959
2486304
2490525
2462654
2467315
2492016
2478245
2469319
2475508
2463619
2463534
2480833
2481084
2492368
2472654
2465986
2463529
2470808
2490145
2462405
2490567
2469705
2475218
2471002
2467375
2493603
2482646
2466758
2463196
2478652
2488743
2466957
2487960
2465367
2489264
2466954
2467738
2490680
2466278
2461457
2478701
2459796
2486849
2491827
2490972
2467268
2484652
2470501
2473455
2487916
2491159
2494678
2477574
2468072
2467653
2487510
2480393
2492088
2471787
2479175
2484638
2467413
2480244
2489930
2461613
2491385
2488528
2485759
2469219
2489517
2475245
2481545
2474868
2474225
2481497
2480460
2482744
2474015
2460465
2492041
2470961
2486907
2458571
2470467
2476733
2469585
2466132
2460202
2492760
2479329
2475061
2473557
2466551
2493913
2475498
2490337
2479470
2479801
2463978
2475953
2479426
2464624
2494326
2481997
2469740
2474767
2464955
2471633
2479962
2468862
2460905
2459108
2491692
2492426
2485426
2462760
2492726
2467600
2460707
2462198
2479548
2469624
2476162
2489359
2468042
2485109
2492496
2484713
2479970
2480464
2486462
2487846
2470767
2472204
2461797
2488835
2460368
2480601
2466016
2481122
2492170
2485806
2476996
2488401
2460081
2488994
2462352
2469640
2489386
2459673
2464095
2463648
2486526
2465961
2476604
2470011
2460388
2489420
2477671
2485749
2493249
2476055
2488008
2469478
2458612
2478940
2469432
2474421
2467856
2477337
2493769
2460089
2472953
2475587
2490332
2493057
2460203
2477963
2470895
2481315
2477953
2458637
2480133
2472223
2465910
2490627
2465905
2479895
2478055
2492664
2484419
2475515
2459027
2485454
2472515
2484217
2466117
2490941
2484198
2469337
2470689
2475604
2463301
2464657
2458537
2488329
2491116
2491395
2464800
2471676
2468779
2492530
2479189
2462135
2483424
2480457
2485068
2486509
2476030
2479401
2464302
2494608
2477163
2474400
2487930
2465884
2463176
2467274
2469415
2486825
2463601
2465052
2467941
2460914
2470482
2481111
2468114
2479003
2475603
2469652
2459909
2487773
2459136
2469549
2478075
2485550
2471095
2471633
2477369
2468199
2473139
2465844
2470120
2493177
2476858
2468233
2461978
2459628
2474633
2468524
2493373
2483184
2469801
2473884
2466922
2470772
2486802
2480300
2493573
2485273
2460824
2468766
2485807
2492822
2488507
2490013
2459194
2460052
2481353
2479062
2482002
2467289
2479094
2492137
2470281
2462240
2475293
2476479
2468822
2469440
2494162
2492640
2460486
2476613
2489171
2490197
2474652
2488405
2482078
2478760
2477068
2489757
2485689
2489931
2479405
2484418
2472263
2463224
2460550
2464430
2460004
2483367
2459274
2490558
2475345
2468410
2477299
2481559
2468742
2484557
2489957
2469212
2473332
2463759
2467146
2486022
2473507
2468095
2484518
2490459
2480044
2491762
2492083
2466799
2476240
2472548
2493854
2482845
2480328
2483819
2461088
2467986
2460113
2487505
2491247
2461906
2490306
2471801
2489349
2474990
2480817
2492528
2477334
2486985
2465638
2470453
2491092
2487271
2460987
2483678
2488693
2481602
2478646
2475164
2475217
2478758
2466525
2481779
2467830
2491443
2489005
2459318
2462873
2467618
2484803
2494410
2480769
2463453
2487182
2465818
2467525
2464014
2487023
2479631
2463311
2481171
2471158
2468956
2470234
2486109
2490042
2481388
2459732
2494167
2484284
2479044
2458965
2491422
2482545
2494225
2466304
2473204
2463557
2479057
2482850
2473474
2459533
2494027
2479432
2494901
2464536
2481201
2475826
2477227
2491925
2460075
2470476
2477029
2458792
2477070
2462739
2479821
2462558
2487317
2459245
2482472
2463772
2472909
2491195
2464576
2474393
2464175
2486574
2489742
2468027
2493569
2475933
2470589
2466637
2485154
2481875
2469409
2462201
2472152
2460490
2486588
2461614
2467881
2461864
2459047
2458857
2480582
2489197
2474714
2473128
2464787
2494402
2487502
2460034
2477493
2476874
2465963
2486135
2467062
2465443
2492404
2470124
2471193
2491264
2473933
2464766
2480994
2474232
2468828
2488907
2466154
2482056
2476881
2489334
2487583
2467885
2476132
2467266
2471522
2467927
2490842
2481001
2492707
2463649
2474798
2469601
2489340
2479166
2467952
2473862
2487872
2461671
2486839
2489704
2480386
2480800
2470896
2485762
2473449
2490711
2482246
2478019
2482598
2471541
2474369
2472888
2462550
2468843
2484509
2461718
2466743
2485689
2485357
2468776
2466208
2466144
2489241
2484413
2472393
2471674
2469998
2483929
2480184
2467734
2459328
2490284
2481538
2471984
2472126
2474076
2474088
2466915
2463738
2481154
2483422
2483095
2488843
2474270
2480646
2461739
2489365
2481585
2459220
2484136
2492308
2474184
2486937
2484807
2476836
2473087
2473343
2480144
2480502
2480260
2474175
2471530
2485654
2460668
2483671
2480349
2481194
2484847
2491283
2494127
2485176
2459369
2471375
2471148
2487690
2476464
2486478
2486556
2472020
2490214
2474028
2468035
2489624
2480257
2467424
2473972
2467764
2491852
2462900
2482350
2465525
2487857
2486892
2461003
2467665
2462947
2471371
2461650
2484373
2471016
2472970
2471678
2492447
2482666
2465734
2482758
2486049
2494437
2459575
2467559
2485347
2476957
2476080
2476775
2487338
2476780
2462932
2490134
2473335
2468929
2465709
2494690
2494791
2473483
2482114
2471986
2468679
2459578
2484413
2467438
2492499
2473856
2459627
2494130
2479827
2475935
2464145
2482683
2493393
2461968
2471565
2479133
2492195
2489774
2460590
2492235
2483835
2466469
2476919
2489207
2460680
2494396
2461898
2466996
2472287
2477720
2465956
2462762
2471079
2486136
2490963
2468648
2478193
2484012
2474029
2467401
2465447
2460814
2459430
2487291
2461158
2488642
2471062
2484481
2482401
2491590
2460232
2485905
2461365
2481385
2461563
2466392
2483597
2487662
2470971
2490379
2462114
2469966
2469051
2464449
2492417
2478582
2475963
2465459
2460675
2458798
2465909
2475198
2477824
2464038
2467195
2478734
2462083
2489366
2486788
2464098
2491209
2486435
2462938
2493217
2484594
2477265
2493451
2479011
2489795
2493919
2465652
2469236
2480257
2492328
2491035
2467706
2486749
2461695
2484507
2464243
2493933
2469673
2466538
2494574
2467493
2471285
2463521
2466441
2488146
2462664
2478510
2491708
2470386
2483864
2485382
2473913
2482838
2484778
2485136
2478316
2458597
2488038
2481449
2487201
2467491
2491164
2476501
2481000
2462270
2475550
2471933
2473632
2491603
2486639
2472963
2461331
2483405
2479039
2471308
2471122
2472435
2476595
2468699
2488424
2471273
2494126
2464038
2476038
2493894
2493689
2477779
2468609
2469915
2463523
2485419
2476647
2482340
2468591
2461750
2474671
2476606
2492763
2483940
2482051
2494904
2487311
2484987
2481584
2465872
2491502
2463015
2459744
2490179
2459848
2475920
2471354
2471604
2467086
2478023
2467121
2483477
2491866
2494773
2459573
2462705
2488412
2467410
2459830
2459984
2480043
2492745
2467842
2467200
2490206
2458877
2472650
2463173
2473582
2473479
2479840
2472052
2491225
2484928
2476332
2472356
2470950
2481411
2471550
2478139
2459808
2492580
2467806
2474777
2468797
2471617
2491332
2471075
2482230
2477626
2481542
2468934
2464030
2462746
2482747
2482226
2482382
2481690
2493071
2468252
2473957
2493289
2477797
2464027
2493182
2469597
2487238
2480950
2481529
2486490
2464943
2460968
2482821
2479342
2465681
2485891
2467678
2471606
2482481
2466489
2487671
2484784
2488051
2487119
2478881
2482962
2483045
2470184
2458657
2459203
2478478
2485369
2462589
2476363
2494230
2486331
2482042
2462394
2494754
2467574
2483217
2486822
2473333
2468731
2458652
2475308
2481826
2474028
2475530
2490370
2465901
2482805
2482230
2488146
2471163
2476464
2463743
2479446
2465695
2492494
2477324
2477628
2472615
2470369
2466402
2488250
2487941
2479143
2487968
2490741
2463465
2483310
2483708
2480610
2462769
2483444
2473146
2480652
2467843
2466779
2465442
2470389
2472549
2476975
2465617
2494565
2463172
2475777
2469691
2493365
2471080
2471887
2490458
2460131
2479438
2460333
2467195
2491038
2484951
2480674
2493966
2471474
2482130
2465907
2480431
2493909
2480570
2494370
2476819
2461866
2483356
2494868
2493838
2473670
2467666
2483697
2481468
2488274
2461034
2485198
2485089
2477040
2467011
2467271
2479052
2459387
2465155
2465799
2485013
2484438
2476515
2473322
2486750
2475969
2467979
2478092
2483960
2470268
2477500
2485480
2483748
2491840
2465320
2459636
2485626
2482374
2480897
2480352
2469008
2481412
2474858
2465229
2474486
2461173
2477511
2484436
2469141
2484510
2478554
2489943
2461920
2475051
2491143
2465501
2493137
2492687
2490460
2463673
2481231
2494738
2475548
2479007
2488944
2470184
2485443
2491337
2485456
2494048
2483340
2460812
2461870
2490606
2477682
2487808
2462992
2488188
2481638
2460992
2472262
2472484
2484876
2477561
2467325
2476930
2490955
2473219
2481994
2480955
2492678
2466167
2493625
2484447
2459713
2475534
2484772
2470614
2460412
2479955
2469986
2474038
2466145
2470628
2461358
2476854
2469105
2474382
2486937
2482377
2478079
2490456
2466917
2471575
2483361
2471866
2485825
2463460
2480295
2491599
2490723
2476010
2460741
2475723
2483519
2467056
2470795
2483420
2477465
2477621
2476909
2483487
2478012
2486524
2470195
2485344
2488413
2480504
2462644
2475441
2482169
2471369
2474884
2464431
2460624
2460977
2464394
2484114
2467756
2484485
2474331
2466575
2465239
2466326
2482438
2477141
2492889
2470339
2486352
2487358
2480738
2493909
2481151
2467219
2469056
2479964
2467062
2475994
2464691
2486720
2468251
2484426
2486489
2466290
2471103
2470672
2461387
2475240
2461875
2472371
2466534
2480998
2471994
2474639
2459457
2459960
2491616
2485151
2466190
2489256
2488271
2475671
2470232
2471035
2480061
2467973
2490523
2485595
2467384
2484153
2478256
2486147
2492626
2481099
2486847
2482213
2473091
2472112
2469220
2484859
2489607
2470169
2490620
2478803
2463694
2482606
2489172
2472652
2491376
2460542
2476145
2468778
2470492
2463174
2472846
2481476
2488670
2477007
2481604
2467611
2463221
2458463
2460491
2486901
2458462
2492660
2487701
2475353
2466059
2467157
2467367
2459125
2470535
2480182
2484564
2484658
2481202
2493362
2466050
2473352
2480886
2469107
2465088
2482748
2482047
2489235
2477026
2475575
2459798
2473369
2461373
2474031
2469307
2494150
2472027
2489317
2461365
2494133
2473229
2467129
2485997
2463038
2468299
2463451
2481042
2475296
2489029
2468831
2482133
2474734
2487067
2489257
2480129
2465621
2458823
2490111
2483790
2491210
2486978
2491223
2471482
2469328
2490039
2483896
2483176
2487688
2491882
2464083
2483435
2483389
2463469
2470388
2476411
2477376
2474266
2485150
2491613
2492381
2476890
2468918
2492341
2461351
2486505
2474121
2458949
2469398
2483956
2485556
2486067
2485580
2490693
2465755
2478163
2476049
2493022
2464226
2484840
2478032
2460784
2477610
2493494
2464999
2468191
2474394
2463462
2492300
2491600
2468837
2479725
2481744
2462061
2464798
2490874
2465747
2482310
2469904
2459145
2489596
2486855
2486684
2470932
2477393
2468144
2471550
2472081
2481637
2460928
2490993
2468561
2483800
2466284
2478732
2460974
2486392
2484294
2465054
2462179
2462977
2483304
2461201
2475207
2490558
2473171
2493905
2491837
2491289
2489059
2460308
2467913
2476106
2462896
2487205
2485159
2468760
2492478
2493369
2491434
2483245
2480249
2471864
2482417
2490151
2479712
2493113
2468873
2461390
2459477
2479498
2490910
2470953
2479916
2486143
2461297
2458569
2461727
2484682
2460720
2472821
2493935
2463278
2494694
2459869
2459564
2492932
2468775
2488615
2471795
2458701
2461679
2478669
2473685
2482008
2470125
2467992
2477165
2459875
2493099
2493482
2487348
2463543
2477995
2465582
2471653
2467060
2458567
2488570
2469413
2493781
2492291
2467279
2466033
2479214
2491765
2491601
2488657
2482552
2474038
2460971
2478902
2480864
2481884
2485043
2468797
2471946
2485709
2494094
2473423
2468126
2472234
2494503
2465125
2493639
2479404
2473699
2484968
2476609
2491478
2464891
2465754
2465454
2476815
2485010
2471501
2489023
2468029
2484341
2478880
2464376
2488470
2486859
2459159
2467995
2485724
2473243
2486848
2461525
2470645
2461925
2489939
2466281
2486981
2484011
2486447
2465270
2464956
2460825
2494202
2477907
2492853
2470588
2481386
2490530
2463086
2460210
2461872
2464564
2492227
2474765
2462800
2476905
2475959
2490298
2477659
2490665
2463092
2466709
2468630
2480997
2480707
2488623
2492686
2463087
2476486
2460276
2469376
2471734
2493859
2473984
2471327
2464454
2479205
2488676
2479312
2487098
2466307
2493607
2487615
2491982
2492607
2480455
2493408
2465606
2470750
2487592
2485406
2487655
2480357
2475882
2485344
2474416
2464728
2464466
2490797
2487377
2466560
2487076
2463598
2459776
2479577
2490977
2474623
2483378
2479561
2475835
2488467
2482383
2489247
2479513
2479379
2476482
2489777
2479983
2481875
2466811
2471588
2462871
2486581
2465718
2470105
2494708
2472091
2463799
2461155
2464674
2481528
2490363
2471619
2490488
2473924
2478880
2475981
2464677
2463416
2493377
2462631
2485645
2467445
2464127
2464716
2464441
2463959
2464131
2469186
2480907
2464706
2483877
2471549
2458704
2464143
2494027
2473288
2464042
2467745
2480681
2471599
2491328
2476887
2487627
2479173
2466539
2460844
2485134
2465069
2491200
2469898
2459929
2464842
2468826
2486198
2482537
2468281
2474025
2483191
2477771
2461977
2475000
2487478
2485383
2493432
2471824
2479979
2479561
2484101
2483461
2467604
2463675
2494248
2493585
2464772
2485814
2492387
2474623
2476439
2464555
2492385
2492178
2479787
2465415
2476981
2482324
2480809
2463148
2481124
2464704
2470974
2459643
2466526
2485749
2484591
2489248
2484290
2463050
2462940
2479967
2489988
2477425
2491072
2462340
2492811
2470786
2458740
2466850
2478050
2489344
2489973
2462385
2483521
2486395
2472872
2476150
2476411
2465629
2462913
2463212
2490727
2492556
2461279
2460691
2466659
2468581
2487626
2478896
2465799
2480244
2489825
2493050
2485106
2473878
2469762
2470220
2494356
2459245
2473215
2459935
2488224
2488960
2489660
2463310
2486016
2494684
2473598
2488063
2473109
2481784
2466011
2492484
2467726
2487288
2465763
2478557
2481086
2460116
2492649
2476341
2460031
2466863
2484859
2484554
2472781
2465524
2469636
2474023
2473354
2491819
2462744
2482807
2466639
2494372
2476183
2477981
2490991
2468641
2478043
2466839
2470776
2483840
2493407
2466870
2494456
2490791
2462254
2471221
2474275
2458920
2486411
2479454
2479027
2480295
2478539
2477048
2481837
2494750
2491843
2491750
2486321
2463093
2484513
2487130
2472341
2464518
2470974
2463224
2481420
2477025
2479454
2468005
2470545
2470966
2485925
2468712
2465285
2484539
2489068
2490659
2485365
2459929
2473520
2486320
2489041
2470639
2461734
2488171
2484044
2491321
2467762
2469206
2487999
2494466
2474381
2469983
2477323
2493942
2466450
2462888
2492721
2490323
2468680
2480251
2468256
2470295
2483512
2482420
2477884
2482549
2487667
2492269
2469359
2494480
2488455
2489490
2472060
2463533
2463285
2458479
2475260
2481351
2460117
2486780
2464617
2475122
2480479
2473197
2489034
2486895
2458782
2465574
2470927
2483594
2461770
2483090
2465839
2469113
2463740
2482859
2460237
2475846
2490231
2469484
2475759
2488919
2486928
2463710
2458566
2463212
2466064
2494020
2477042
2492849
2460221
2474722
2484710
2486151
2459888
2476558
2462818
2469137
2484927
2461325
2492173
2481277
2470316
2481925
2459505
2490583
2477258
2469600
2459526
2489195
2467919
2489479
2471200
2469786
2476397
2487210
2459249
2493532
2488800
2491186
2461142
2479215
2484029
2462604
2489190
2491158
2490722
2460790
2472253
2484802
2459888
2471177
2476285
2483811
2469405
2472054
2478374
2469180
2466281
2493008
2477758
2459467
2490682
2483006
2478769
2487655
2474140
2473994
2491487
2471398
2491767
2461892
2466574
2473361
2487761
2490736
2465500
2479778
2472798
2473501
2464179
2461972
2482984
2481827
2474113
2485701
2464672
2463152
2492903
2459843
2483024
2468165
2470141
2463644
2471156
2461373
2475811
2478970
2461131
2464120
2488011
2464186
2464769
2489954
2473320
2474279
2465955
2459222
2493285
2468309
2460919
2467647
2493599
2472978
2483364
2477635
2479284
2470943
2477967
2461522
2473907
2482894
2476114
2483000
2478850
2463165
2479156
2482053
2464602
2472015
2460240
2476089
2464168
2486111
2461781
2478302
2493855
2488516
2485480
2464050
2470125
2471410
2487744
2489769
2466486
2492909
2468789
2490585
2461896
2464358
2469337
2484358
2487466
2474679
2486685
2483225
2465430
2459727
2460996
2494700
2487754
2473333
2463177
2486155
2480091
2471334
2489795
2493075
2493010
2477005
2490895
2468536
2464158
2460513
2478752
2465214
2467653
2462576
2471672
2486215
2486504
2481707
2485301
2462092
2489788
2468965
2474130
2489491
2481202
2492959
2484729
2465602
2466740
2467335
2479854
2479079
2491660
2465802
2488438
2480716
2486127
2489771
2473871
2469690
2463582
2490180
2458713
2466300
2477062
2484224
2466204
2470558
2482280
2483098
2465665
2479855
2474431
2469464
2472927
2484227
2475511
2458704
2489988
2480617
2462905
2490180
2462926
2487917
2481755
2492192
2459069
2485471
2491557
2486239
2484817
2490878
2482933
2492436
2460571
2487060
2473724
2484640
2491623
2468410
2482225
2464064
2465482
2485763
2483544
2476388
2483006
2462468
2476923
2460921
2487323
2483535
2487654
2492934
2465592
2486155
2491757
2463211
2463122
2480114
2490613
2487498
2482488
2473065
2481248
2460486
2459413
2458779
2465975
2475269
2459892
2476254
2465352
2466764
2490531
2460759
2460681
2472121
2477873
2473206
2477747
2470215
2458881
2471741
2491569
2480075
2480838
2488281
2470829
2475991
2463339
2492858
2488288
2459243
2480967
2489846
2475989
2464798
2466631
2473770
2460040
2464303
2485254
2479973
2459780
2478301
2483931
2480242
2483744
2469754
2484133
2460085
2478769
2476558
2467048
2487895
2462143
2481803
2488983
2483125
2488423
2464758
2484837
2483902
2477114
2493482
2471770
2481589
2494027
2479189
2464942
2463531
2462756
2489934
2458714
2480289
2484184
2480919
2471151
2458537
2481218
2480917
2468169
2482848
2484604
2469869
2494111
2475795
2483033
2481847
2480366
2466313
2468725
2491127
2489572
2475209
2493595
2461867
2490512
2476651
2493323
2461521
2472917
2485084
2461752
2461892
2482301
2474634
2494039
2472672
2462573
2490503
2493154
2486023
2477659
2478792
2474634
2485150
2486262
2484222
2483562
2487006
2465086
2465405
2463613
2483559
2469446
2473890
2492760
2469131
2489064
2486296
2467525
2464359
2476110
2484722
2488381
2491836
2461363
2464763
2463330
2491589
2468569
2468634
2485564
2470471
2481746
2482150
2464458
2463997
2472973
2485130
2483800
2462615
2459105
2477353
2473086
2491409
2494339
2469057
2493842
2469385
2472711
2471081
2459766
2483437
2459650
2481064
2477399
2466378
2473648
2490520
2476962
2474900
2465456
2493551
2492429
2466795
2466877
2487016
2492056
2476769
2479754
2490694
2466596
2486864
2486255
2460209
2483283
2475638
2483912
2485164
2480658
2482437
2472479
2465336
2467970
2474855
2481442
2459075
2492747
2490409
2465332
2491678
2490536
2466404
2479148
2491305
2463884
2479304
2491712
2466412
2472619
2485916
2464794
2470587
2468193
2475162
2461217
2459950
2472409
2480165
2481886
2489781
2494936
2462967
2490943
2483104
2491266
2485300
2465980
2466844
2492669
2465414
2470008
2489534
2474628
2492871
2485254
2469607
2483170
2480448
2487310
2494835
2493676
2491579
2472168
2483224
2485719
2471899
2466274
2480416
2483253
2494072
2487397
2458579
2477609
2466718
2493932
2482929
2481673
2482552
2461047
2478592
2477675
2471055
2464079
2492204
2461113
2479664
2485014
2484078
2487098
2464512
2491167
2490535
2472223
2475648
2472242
2462934
2469911
2473284
2471616
2478176
2471841
2466358
2471603
2475506
2467300
2468615
2489752
2471174
2494526
2483614
2485733
2486309
2464453
2482215
2468954
2476297
2462820
2478205
2485914
2458514
2465024
2478457
2478227
2459795
2494730
2465849
2461925
2465556
2477224
2460766
2458550
2487940
2458876
2482170
2486434
2483333
2486628
2461302
2487512
2477786
2480473
2487397
2482120
2482091
2472452
2473008
2474259
2490922
2465854
2492982
2467935
2470352
2465188
2466389
2473575
2469306
2490340
2474731
2484469
2478702
2490497
2465697
2469981
2484038
2462468
2489409
2462059
2481712
2487371
2475910
2479829
2470766
2484833
2477930
2467861
2489942
2488365
2459464
2472579
2468404
2472467
2476048
2493599
2462645
2492023
2459019
2466593
2485389
2469174
2462600
2462789
2492337
2469969
2469714
2486346
2490096
2475610
2458683
2466508
2489365
2491992
2469011
2492309
2493709
2465647
2494852
2466156
2467373
2459714
2494101
2488753
2468185
2477284
2471424
2464894
2463028
2494115
2482651
2472303
2474874
2476875
2464256
2460184
2464881
2494169
2494265
2473297
2459993
2459853
2489956
2494114
2492705
2471442
2459002
2473786
2462550
2488849
2477818
2484943
2466916
2490232
2472392
2483926
2490223
2484585
2468972
2473827
2481298
2460064
2482622
2467026
2485412
2463934
2458541
2485731
2492457
2471738
2494937
2462694
2483933
2471278
2467908
2479814
2472619
2461038
2487848
2467366
2481091
2472457
2458931
2462381
2473150
2490232
2462546
2464150
2464230
2470473
2473856
2468359
2492337
2482414
2467276
2480348
2489183
2483383
2487536
2476487
2486630
2491668
2470338
2478185
2472351
2468296
2483396
2480677
2472957
2470723
2483739
2491061
2470298
2464751
2467646
2470817
2476026
2461879
2483440
2463474
2476600
2459049
2483164
2478689
2459565
2483634
2462705
2468313
2485160
2464452
2488739
2484756
2472004
2471416
2465680
2493253
2465911
2492253
2462241
2465907
2485840
2489908
2471932
2475749
2476492
2486736
2478315
2486252
2474859
2476307
2479270
2460230
2464306
2465664
2461879
2466057
2460773
2474909
2471682
2470630
2477636
2492272
2494339
2476671
2465949
2474595
2459602
2469845
2482814
2479753
2466733
2477284
2478504
2493940
2477207
2489155
2465270
2494386
2480352
2491540
2473788
2468285
2490534
2492644
2469154
2466962
2494295
2472886
2467443
2472305
2462114
2460037
2489921
2464726
2489788
2465975
2489947
2484374
2465297
2493464
2489715
2459101
2467234
2473334
2463754
2478625
2481554
2464929
2460903
2490258
2460382
2474758
2465855
2477163
2473331
2472961
2460842
2472687
2472698
2468366
2485542
2474926
2464492
2474947
2482639
2482484
2493046
2472958
2492748
2480780
2460924
2473351
2474142
2475655
2477745
2493773
2487248
2471379
2474528
2487726
2471010
2483114
2466282
2464195
2492986
2461822
2480671
2466263
2473408
2460153
2486495
2481813
2486356
2492135
2460594
2486607
2464155
2458583
2469549
2494732
2494344
2488854
2488861
2490692
2489079
2492209
2487622
2493147
2489453
2481898
2491011
2472296
2493033
2464925
2479152
2485116
2460363
2484671
2485751
2493594
2484990
2484074
2461288
2478214
2482399
2468056
2469420
2461938
2491692
2464096
2474533
2463581
2481211
2466970
2463166
2483795
2464172
2477230
2487275
2479875
2487750
2462825
2477107
2489138
2489016
2474167
2477637
2483662
2477790
2476309
2480755
2481788
2481044
2467257
2476433
2466346
2472563
2470987
2459276
2477788
2461811
2494656
2460203
2489595
2467011
2463076
2491312
2465520
2479807
2468221
2491385
2487704
2465115
2470423
2481603
2475640
2494853
2472471
2476240
2487675
2493708
2470034
2460024
2468227
2459220
2462466
2489225
2461897
2458696
2493041
2463720
2460358
2483202
2480127
2468169
2493879
2491138
2465025
2482364
2477530
2477041
2479710
2470684
2467768
2477382
2488020
2480509
2469719
2494537
2492884
2473797
2474214
2463789
2465737
2460086
2466239
2476401
2489783
2493297
2468672
2471228
2465161
2467722
2493901
2485873
2478510
2478819
2482599
2474072
2460025
2474143
2476349
2491704
2491802
2466291
2486947
2468462
2482263
2459773
2476242
2460757
2482983
2479275
2477063
2487470
2461352
2477458
2461928
2492343
2468269
2471598
2458606
2491258
2469181
2486235
2472532
2473587
2480427
2489364
2462643
2493419
2463628
2464257
2465399
2470978
2485478
2493364
2468642
2477443
2482664
2489965
2458708
2485342
2462432
2476972
2493340
2489550
2480024
2483093
2486104
2478214
2471895
2477442
2480980
2493095
2468969
2475007
2480232
2473258
2463508
2461786
2478713
2485535
2464947
2462915
2459670
2486592
2464129
2468452
2459461
2467878
2489170
2494305
2478543
2481912
2485764
2481710
2471551
2466142
2482349
2483243
2492478
2493399
2462126
2466228
2492480
2465311
2489400
2486390
2469532
2482803
2485081
2486649
2482327
2486941
2464433
2468545
2492563
2473174
2463467
2469371
2484805
2478401
2493154
2489832
2474949
2458693
2482732
2464522
2481557
2465721
2467831
2483005
2485952
2489759
2487516
2469629
2477739
2463009
2478318
2468267
2459841
2490484
2475434
2486180
2472764
2466975
2474174
2466442
2463668
2487807
2487660
2489681
2467978
2463719
2463407
2480779
2459597
2477738
2459596
2472153
2491813
2492698
2471238
2480048
2494491
2466892
2482090
2490229
2464740
2483566
2488170
2488627
2474218
2491770
2469964
2480804
2473581
2479811
2475503
2474578
2461607
2460045
2470683
2490875
2485806
2463702
2469299
2490047
2469830
2482806
2458648
2480919
2481080
2461895
2460754
2483174
2470195
2478916
2473729
2462451
2460376
2467421
2478612
2461082
2480327
2463560
2463204
2474042
2492804
2470828
2461845
2470184
2487020
2487819
2463006
2470898
2478516
2471941
2487065
2470806
2459775
2463908
2464350
2485071
2477226
2489751
2487790
2460490
2488733
2494293
2472653
2466356
2489729
2480749
2488814
2466874
2468390
2471209
2478614
2488484
2490384
2483214
2483359
2459408
2465896
2475429
2477907
2460578
2461971
2470009
2475048
2480348
2471708
2473694
2493328
2479913
2465513
2459552
2459035
2479796
2492395
2459253
2477886
2482535
2485301
2493583
2489036
2473875
2492504
2469252
2481365
2472084
2476363
2486382
2489500
2489979
2492646
2487606
2493328
2461977
2467541
2487522
2462654
2471979
2462938
2465847
2480752
2469155
2476601
2478750
2473642
2460221
2476076
2481255
2461194
2471738
2492431
2479539
2462148
2466547
2475512
2485257
2467874
2488376
2474931
2477379
2485565
2469942
2480770
2460983
2480446
2481662
2461199
2468587
2464290
2483481
2479666
2478299
2466993
2470286
2487620
2494329
2474371
2468716
2487590
2479467
2491295
2460805
2469884
2480872
2476808
2488346
2483111
2493382
2481743
2463234
2465105
2459301
2487487
2462301
2489030
2479076
2491424
2491060
2491462
2478527
2485277
2478867
2493807
2471888
2477853
2490106
2477269
2463929
2486129
2487175
2484716
2487052
2467940
2464572
2486153
2474750
2485384
2491761
2469565
2475343
2469479
2493038
2463036
2466250
2460700
2468354
2458920
2472275
2488764
2493349
2492486
2470703
2494308
2492220
2477232
2469350
2483314
2490721
2468605
2493830
2482851
2478405
2477636
2476440
2466001
2493192
2463835
2489798
2485884
2483988
2494667
2463169
2481544
2465213
2474225
2493674
2481109
2479137
2489938
2468605
2469651
2461394
2478610
2471568
2474738
2470088
2486443
2484079
2459929
2459080
2461815
2465853
2464396
2485480
2488091
2479294
2470091
2485986
2478666
2474983
2476316
2475878
2481172
2464879
2458711
2476096
2465486
2478408
2488441
2458676
2487067
2488962
2487618
2467506
2475176
2464196
2459565
2493051
2480389
2485097
2485567
2458701
2474376
2494411
2477054
2491714
2477846
2484156
2474738
2462706
2463281
2469191
2476180
2492856
2480845
2479693
2478870
2494796
2465838
2474723
2476479
2482499
2494398
2465603
2460239
2494920
2459119
2481802
2485430
2463942
2486705
2486334
2474193
2473489
2479435
2483081
2493998
2484539
2471296
2478473
2468329
2484311
2491960
2462733
2463180
2468343
2476779
2480618
2476323
2491334
2471093
2477751
2484712
2472473
2491716
2485546
2462082
2490643
2469413
2460681
2473272
2487888
2462542
2490934
2491560
2481437
2472391
2477087
2464862
2489989
2459050
2492466
2490468
2490606
2463789
2466950
2473088
2470674
2494453
2485921
2474818
2466932
2478209
2481323
2480320
2494354
2490864
2491525
2466647
2461819
2468894
2485697
2483754
2477544
2467704
2485109
2471298
2485197
2464216
2469100
2481144
2489167
2474420
2494435
2468518
2477195
2494857
2490234
2479452
2468281
2463562
2465268
2478242
2483682
2491951
2460571
2493105
2474287
2483568
2492999
2472267
2463037
2473785
2474626
2467774
2472443
2464303
2487103
2483727
2476901
2466674
2461023
2472175
2469389
2486483
2469749
2490063
2489271
2475650
2468503
2487995
2487275
2494333
2491125
2459143
2466902
2493899
2477700
2481029
2468508
2478674
2494832
2488612
2468090
2474718
2474536
2481793
2485654
2481609
2478692
2484599
2475744
2486030
2463686
2487947
2466465
2473387
2484992
2478277
2463429
2470852
2485456
2476368
2490525
2484074
2464735
2486948
2485867
2490168
2483143
2479100
2480415
2470869
2483440
2483182
2462063
2482874
2484476
2480149
2470824
2479060
2469712
2462925
2490218
2469780
2470935
2482149
2489038
2489713
2483912
2493350
2462920
2469763
2469191
2493857
2493065
2459324
2490556
2464803
2469656
2460150
2460976
2482214
2463655
2483096
2477949
2482235
2468511
2473145
2472573
2482223
2486440
2492946
2484081
2466217
2493900
2460719
2475916
2479397
2465147
2462433
2481859
2482055
2467722
2484244
2485777
2480351
2493513
2475786
2479919
2484376
2459511
2466306
2479235
2476704
2470145
2467579
2479956
2487674
2468351
2471713
2458496
2492036
2493359
2459450
2480594
2473878
2491389
2468760
2494634
2477604
2460096
2485541
2463856
2468791
2473287
2484564
2463981
2473885
2458812
2494238
2460199
2462539
2465801
2491631
2470045
2465001
2469917
2491026
2458564
2478474
2473432
2471279
2467179
2459264
2458610
2493283
2460812
2459406
2479588
2474026
2470886
2472405
2475974
2482086
2478391
2490709
2472349
2483572
2468313
2490026
2463371
2461753
2488708
2469768
2492936
2484934
2472712
2470837
2480305
2485654
2488688
2476089
2470034
2479590
2482628
2478432
2490731
2482527
2462458
2469544
2483094
2466902
2474356
2480031
2477030
2471227
2494632
2480607
2472652
2460235
2489404
2490534
2477589
2470898
2481630
2492579
2468522
2472638
2471933
2481603
2491579
2481487
2482424
2491014
2494683
2477108
2478200
2488611
2469427
2470489
2493405
2475836
2478407
2462503
2469137
2465410
2483293
2494690
2471162
2478155
2489791
2484975
2459758
2484108
2467008
2462551
2467736
2464603
2464237
2470875
2482486
2459057
2493516
2488986
2460220
2471793
2461583
2489962
2486953
2483519
2493470
2459183
2485549
2474909
2470359
2488311
2493528
2458540
2470080
2487666
2473936
2485942
2466908
2470356
2471687
2460967
2459349
2465164
2470611
2462248
2472042
2479233
2468093
2485732
2458591
2477148
2491614
2482775
2481284
2472967
2460558
2464392
2469938
2474710
2474807
2473316
2458596
2478648
2488714
2493405
2473564
2481809
2472882
2488338
2478105
2467651
2475968
2483571
2458984
2478267
2464978
2469649
2478571
2476932
2459525
2491552
2464185
2474237
2493759
2468210
2477016
2472264
2493128
2479736
2486827
2466505
2489056
2487867
2475797
2487098
2476538
2467085
2478556
2463841
2465499
2494556
2478101
2471145
2469575
2479370
2463304
2491752
2469438
2475833
2481629
2477424
2494021
2490149
2490864
2487208
2461957
2464272
2475012
2459136
2490875
2466695
2473990
2482905
2464171
2486399
2488212
2487548
2472113
2477098
2477994
2483029
2489356
2476980
2489839
2485689
2466358
2484786
2469321
2475305
2466322
2489188
2466430
2475922
2485124
2467641
2483648
2491992
2486902
2479840
2461795
2471145
2489675
2489821
2486996
2473572
2492032
2467823
2466847
2485507
2464707
2493435
2469819
2476383
2460407
2472169
2470290
2469886
2466620
2472659
2474217
2491726
2494649
2494904
2469641
2473817
2472825
2470742
2461880
2472728
2468713
2484634
2466193
2460633
2486394
2462690
2465020
2493664
2464123
2483244
2459282
2488469
2469933
2481602
2484763
2491532
2476110
2465170
2468642
2461964
2471971
2483579
2486876
2491905
2493939
2476364
2493716
2479916
2489630
2485461
2474142
2470147
2481846
2481915
2468676
2479230
2475397
2467663
2472443
2458546
2474751
2494834
2485132
2484789
2464560
2471065
2491096
2479808
2464869
2480766
2494215
2493664
2461018
2466046
2471868
2468578
2484050
2472044
2471698
2490491
2466179
2477926
2473665
2461223
2478693
2494497
2479671
2467777
2492453
2493719
2488786
2494839
2460117
2483901
2478312
2467573
2475140
2477404
2467109
2489663
2485994
2486346
2470845
2466952
2459213
2477716
2480088
2465375
2480041
2477180
2478016
2477495
2489533
2465078
2480684
2460468
2487531
2488486
2485537
2481464
2492687
2466323
2462483
2479320
2484420
2478685
2494293
2491978
2480837
2481785
2469338
2478659
2486340
2477301
2471656
2469956
2463934
2475095
2464900
2486071
2463109
2460274
2485412
2472955
2472849
2490562
2479124
2474952
2459164
2471582
2494695
2482753
2494372
2478561
2488560
2459466
2473998
2471649
2487351
2494448
2463971
2490568
2490749
2466985
2490505
2472474
2466567
2487368
2473039
2459455
2481378
2493991
2472723
2477902
2486588
2475196
2476684
2462746
2482052
2483979
2475663
2459661
2460505
2489266
2481185
2487423
2461550
2481671
2491347
2469700
2490092
2477594
2461815
2481992
2494633
2485928
2473460
2477448
2488587
2466927
2468240
2472422
2482303
2471825
2467597
2464582
2469251
2489626
2471910
2482927
2464576
2464010
2471024
2473591
2484471
2459240
2478490
2466131
2470723
2470917
2466224
2469444
2463346
2488262
2483460
2479794
2467751
2490690
2488015
2469225
2474633
2483917
2478582
2478389
2477307
2465095
2491587
2474159
2478034
2479459
2459354
2483189
2492081
2481144
2476254
2486732
2465389
2483788
2481496
2462910
2467413
2471146
2462581
2487251
2488250
2460884
2467383
2473474
2483682
2477232
2481081
2467921
2461749
2467091
2471107
2467551
2466330
2480627
2484498
2470715
2477274
2459606
2479087
2481506
2487392
2465317
2492067
2458974
2470535
2471774
2469611
2479534
2492272
2482787
2459987
2462962
2492154
2477535
2488570
2468096
2474365
2487800
2468346
2483819
2476421
2461750
2468912
2473023
2478969
2488661
2469573
2493631
2489298
2490333
2491803
2465919
2484708
2484639
2473899
2492593
2482536
2491116
2472306
2479639
2480719
2460876
2469344
2469127
2482598
2481418
2482272
2460517
2492230
2481702
2478085
2478925
2483567
2494319
2477130
2473588
2469313
2481738
2477479
2477788
2459525
2463619
2477334
2477476
2484189
2494914
2483776
2471826
2485325
2488066
2494566
2469788
2461752
2470139
2465626
2474342
2494682
2471569
2468324
2462228
2482676
2459058
2464321
2477932
2482035
2465999
2477642
2459448
2494943
2477427
2492768
2464657
2489090
2470503
2473492
2461399
2492870
2467368
2480873
2481843
2469802
2486410
2494579
2484355
2471552
2486958
2468463
2485620
2477371
2491514
2491087
2463995
2491257
2467853
2476924
2464365
2470209
2487375
2485759
2473065
2482057
2488880
2472574
2472726
2488463
2458548
2482948
2471830
2475347
2461293
2485968
2490219
2463307
2467483
2476893
2473723
2460840
2459934
2489586
2481443
2480703
2479165
2466232
2468769
2471515
2458570
2488257
2487788
2471959
2461783
2491351
2466384
2484051
2482860
2482781
2467301
2463585
2491748
2468092
2477459
2466172
2481140
2467591
2461365
2491734
2486370
2491772
2470061
2491652
2463832
2488905
2472124
2465278
2488331
2478627
2459068
2481562
2485909
2489676
2485109
2461670
2474283
2472007
2467999
2490587
2494598
2486311
2467898
2484326
2459961
2487136
2492904
2490114
2487324
2485607
2459150
2487090
2481417
2477292
2477633
2463416
2490964
2493767
2461578
2460682
2467576
2461541
2480003
2483511
2472970
2467351
2466840
2489277
2469458
2489864
2470509
2490893
2466168
2485737
2487162
2494821
2460904
2472124
2493863
2472248
2492849
2472367
2471235
2464761
2493045
2476807
2489116
2482314
2486235
2464562
2477500
2471924
2461736
2494421
2490007
2485508
2469032
2462556
2476427
2465924
2471552
2469218
2494245
2487604
2494779
2493065
2482497
2470393
2468677
2483055
2481054
2468700
2474442
2476448
2464909
2465312
2478254
2460144
2476766
2460129
2475230
2459169
2464846
2473615
2463321
2487792
2481659
2477291
2475140
2462894
2472238
2462673
2491957
2489307
2484308
2487209
2470798
2461241
2492351
2463129
2491558
2476722
2485864
2480181
2480423
2487897
2477718
2489797
2490492
2462615
2468639
2486736
2467075
2486367
2474489
2476606
2481455
2483818
2459591
2490399
2461629
2491817
2490960
2483028
2480116
2483647
2492159
2492854
2462133
2474321
2494026
2487418
2486343
2461444
2487011
2477678
2472279
2493653
2487007
2466592
2477623
2490246
2485231
2481353
2479242
2482931
2484603
2486478
2470534
2480292
2474755
2487773
2479930
2482485
2458821
2493351
2472269
2488904
2475451
2474868
2470729
2466815
2488807
2480652
2465579
2489432
2487095
2477759
2458681
2472533
2485580
2468937
2458801
2481380
2487586
2460395
2480517
2461731
2494232
2481641
2459870
2475982
2473896
2477438
2479182
2475039
2488135
2487147
2494517
2475475
2482371
2465941
2488289
2459964
2469093
2481546
2458940
2470462
2490420
2475932
2493811
2480265
2483827
2486597
2483245
2474601
2461943
2490285
2493091
2462718
2459556
2464109
2462112
2474912
2465204
2472012
2491321
2459408
2470318
2478638
2492747
2465555
2466682
2467838
2493319
2491830
2491817
2483457
2460881
2478054
2459872
2471578
2475738
2467278
2488302
2479474
2478781
2477262
2489593
2493157
2474715
2472216
2488587
2494657
2469621
2462767
2475462
2458925
2488000
2465429
2478405
2482874
2460660
2490509
2488331
2485222
2482714
2487666
2464187
2462357
2482592
2467965
2467865
2478765
2462255
2478462
2467093
2475265
2476649
2490425
2461939
2486762
2475421
2481996
2483951
2485074
2460891
2478906
2487136
2475039
2485412
2480036
2462335
2477130
2464520
2462832
2459097
2463158
2485300
2482279
2468748
2490073
2485617
2483934
2472120
2484717
2487226
2490924
2467122
2487773
2486864
2463903
2492744
2464167
2470995
2467870
2493941
2482787
2459337
2477912
2485117
2472938
2478946
2464286
2465217
2483180
2487661
2494202
2484199
2466305
2474494
2468660
2476240
2483214
2482382
2489498
2484721
2484881
2466526
2463088
2492497
2472561
2486252
2462843
2486893
2485191
2461110
2467349
2460620
2474668
2489616
2466704
2481192
2465710
2492927
2494241
2467965
2488360
2470323
2479254
2482654
2472042
2478231
2493612
2458789
2468422
2473461
2459952
2489184
2480953
2479822
2486300
2470568
2477437
2471400
2483467
2464315
2469908
2480871
2459421
2478768
2493461
2489576
2461400
2482934
2493721
2482076
2479439
2468743
2470243
2462412
2492973
2474385
2482014
2489581
2459462
2476372
2468351
2469527
2463153
2482355
2467645
2482066
2493609
2486775
2485406
2481468
2488717
2474619
2478757
2464837
2461578
2480755
2490265
2474159
2465891
2466324
2471726
2459608
2471820
2476505
2468018
2487381
2477044
2460564
2477064
2480255
2474066
2478802
2471090
2462440
2462624
2460486
2490937
2487905
2480402
2478765
2476559
2490001
2469083
2465523
2484272
2476589
2462223
2470183
2477210
2483807
2494784
2479941
2486135
2467055
2488324
2493433
2494258
2461819
2473873
2463964
2477890
2470242
2478423
2472624
2473297
2488885
2464144
2484477
2472963
2469450
2487557
2491785
2474595
2486913
2480512
2466456
2478095
2475634
2464517
2481395
2472634
2478095
2461697
2488114
2480993
2480512
2482339
2467107
2491481
2467619
2477820
2492100
2491265
2462283
2481810
2477761
2473114
2482439
2480257
2463098
2463752
2480594
2469321
2460502
2479995
2487413
2465342
2475365
2471603
2469520
2470703
2461519
2466047
2477728
2492009
2492404
2485164
2486116
2465779
2483637
2471500
2481568
2494462
2470843
2462390
2471526
2486202
2480999
2482805
2477614
2481997
2462221
2463643
2469560
2472984
2483737
2467914
2478625
2493976
2481289
2459475
2494185
2469702
2494953
2468015
2465859
2465712
2478482
2458902
2468365
2477861
2468855
2475591
2471942
2458761
2471633
2466295
2473008
2484164
2475283
2490382
2465482
2468214
2473765
2470838
2460096
2476460
2492949
2474045
2468980
2491792
2492805
2483263
2489027
2470292
2460968
2484447
2464634
2488659
2484044
2494768
2477797
2486062
2458973
2483251
2484117
2466501
2478187
2492008
2476763
2465457
2458537
2486350
2469885
2464340
2463308
2475336
2462792
2481551
2460777
2482925
2480765
2467106
2473526
2476019
2481868
2479525
2465272
2479601
2462203
2478892
2458494
2487818
2465000
2458480
2487792
2491360
2492908
2479003
2471237
2492276
2489592
2475198
2470576
2470314
2459692
2494120
2474482
2494201
2458503
2481040
2464235
2486691
2471120
2461097
2486423
2475793
2475233
2469008
2465674
2466952
2484405
2458952
2477076
2477100
2494927
2491286
2476856
2494358
2461979
2460735
2478649
2480403
2468447
2493327
2477146
2484381
2464477
2459052
2484165
2493404
2465193
2483674
2460800
2490260
2486797
2466201
2474823
2474289
2462147
2480120
2474349
2463274
2470645
2482516
2483928
2489595
2476196
2475238
2493750
2471181
2481269
2484527
2477746
2486507
2468925
2465128
2490973
2488410
2492273
2466750
2476192
2481229
2493531
2475202
2479315
2476606
2480309
2474498
2488345
2472641
2493384
2472113
2477410
2464575
2479002
2459982
2477750
2492096
2471983
2490337
2470607
2485735
2465368
2488194
2475109
2463486
2468421
2461785
2492094
2493574
2479094
2474681
2465431
2483652
2487692
2474977
2467195
2459013
2473915
2479967
2482144
2485484
2488241
2487506
2459175
2464471
2468620
2467016
2479755
2467256
2461629
2487665
2477155
2486987
2488362
2478439
2477346
2465046
2489280
2493687
2476225
2467284
2485603
2463242
2464604
2458759
2490148
2472482
2489526
2486058
2490321
2459636
2489914
2494364
2479726
2476247
2481905
2483536
2469200
2486525
2480289
2473755
2475106
2475874
2462288
2483972
2475973
2492198
2478741
2474493
2491953
2461886
2478597
2479018
2486625
2462547
2476788
2463124
2486450
2461397
2488722
2473529
2466469
2479806
2476592
2491642
2486924
2482800
2458457
2480464
2473335
2490736
2494666
2484674
2475638
2476057
2469059
2460924
2465147
2479742
2466541
2474439
2478176
2476880
2479238
2474489
2459293
2481615
2485020
2469762
2477055
2472599
2478517
2488167
2479343
2462956
2485243
2474395
2475141
2487928
2466970
2464018
2481170
2484274
2491870
2484577
2462494
2463194
2484257
2486234
2459056
2489809
2461820
2468588
2484568
2478842
2470555
2484603
2465204
2477211
2490934
2474689
2483024
2481158
2493931
2494112
2472554
2460740
2467080
2476351
2466310
2471193
2489339
2487176
2478009
2477222
2486435
2480471
2463883
2465250
2475326
2462837
2461258
2467093
2479034
2464303
2481026
2488722
2473458
2485093
2460576
2489534
2488342
2482287
2474825
2494270
2490963
2462256
2482919
2475243
2459268
2483334
2465076
2483478
2494271
2488718
2474838
2479723
2469467
2470691
2461067
2463526
2475435
2477851
2493870
2471623
2472858
2473380
2494551
2467920
2480202
2487312
2482699
2467792
2461696
2479572
2491842
2468879
2493540
2486522
2488189
2472546
2482477
2488145
2492514
2486356
2493639
2484347
2489078
2478515
2480066
2477508
2465751
2467664
2492364
2471032
2465416
2458732
2482665
2476813
2470874
2472814
2484816
2463901
2472481
2489977
2491203
2461404
2488078
2466197
2479508
2482044
2488042
2485414
2492947
2477871
2472037
2488507
2467072
2487964
2471189
2459631
2493113
2481506
2467159
2471589
2482024
2471636
2485383
2477252
2464723
2494040
2463596
2472286
2460273
2460319
2486617
2488547
2489255
2473738
2464035
2466410
2481012
2477936
2466483
2472239
2478302
2481815
2465149
2492579
2460407
2464730
2481241
2484684
2465924
2482972
2470974
2487230
2483718
2479737
2493572
2485919
2473507
2467971
2487824
2485077
2474885
2479482
2481009
2487709
2468046
2464279
2460465
2494414
2476862
2494654
2475201
2491527
2482072
2458869
2482956
2460118
2486732
2480586
2470643
2474999
2463912
2481855
2474648
2480093
2473170
2463839
2486606
2472656
2472222
2485236
2484542
2470209
2479338
2460912
2491020
2462382
2487755
2470651
2474972
2488562
2490432
2473071
2494829
2467258
2493268
2467769
2466759
2484921
2471139
2479660
2463203
2492670
2471026
2461233
2482640
2489548
2471534
2461700
2472986
2482798
2473415
2477348
2480481
2465713
2493575
2476800
2459118
2476685
2492480
2465257
2462162
2471411
2474082
2491261
2466958
2461213
2493047
2469740
2461329
2458581
2459610
2482199
2471984
2476455
2487697
2471618
2485671
2481880
2484060
2472140
2475118
2474186
2483022
2462963
2476668
2481939
2480515
2463059
2471936
2478369
2481893
2459625
2479145
2485911
2476420
2468859
2494834
2470068
2468731
2489680
2479639
2478246
2473459
2482616
2458518
2475687
2490315
2459409
2479316
2484078
2492579
2481104
2463574
2472842
2480376
2489056
2483579
2492293
2474627
2469144
2488421
2470791
2489879
2483846
2488349
2481001
2483491
2462790
2483297
2460361
2472780
2485861
2460570
2474770
2494934
2463310
2464341
2470095
2458534
2494648
2469467
2490580
2469772
2478681
2478571
2476631
2464277
2482631
2492953
2476136
2459045
2485083
2460136
2492067
2480747
2464272
2491488
2463964
2492187
2465815
2487286
2465020
2490220
2479564
2485846
2459845
2467937
2485433
2467501
2468673
2480550
2475071
2470712
2484658
2470697
2482703
2485257
2476128
2464445
2493922
2458957
2491435
2490153
2480519
2487060
2494296
2464122
2487662
2459319
2468251
2493323
2465307
2493314
2490401
2475856
2470071
2480579
2477021
2493808
2469527
2481157
2466437
2466712
2461705
2489249
2490271
2468723
2479698
2493326
2471471
2474853
2485363
2488463
2480528
2464341
2479049
2492896
2490846
2463224
2459528
2474244
2463149
2470818
2480320
2461982
2468322
2485711
2472115
2461057
2485050
2468837
2472614
2491343
2465965
2461502
2493942
2459800
2488687
2462743
2467330
2464841
2487369
2465289
2464841
2486247
2477150
2494364
2474572
2459204
2478770
2475391
2490039
2486708
2494250
2485566
2467825
2459742
2477841
2476229
2477197
2472134
2482774
2465918
2489804
2466248
2484042
2465105
2468466
2467394
2494345
2490955
2477615
2475853
2480548
2467352
2494233
2466715
2466726
2489343
2492286
2488298
2464742
2481714
2477745
2471623
2494843
2462637
2477756
2492080
2482547
2494323
2462194
2483095
2473306
2479314
2489021
2460157
2486212
2481663
2470204
2478968
2486452
2488371
2480851
2484371
2485089
2471066
2478878
2494370
2475932
2460341
2460613
2471405
2466141
2481493
2476307
2468780
2462347
2491888
2490107
2466074
2484731
2492995
2486024
2493220
2474526
2491525
2465393
2494253
2462081
2471474
2482332
2490245
2494609
2488229
2491664
2469618
2487387
2464210
2459962
2470452
2476043
2467218
2461936
2471439
2494837
2463233
2470551
2460115
2465675
2466338
2483543
2481518
2490326
2479297
2488655
2480603
2481370
2492879
2477201
2459068
2468849
2470122
2467243
2472771
2469602
2479648
2480527
2479141
2472243
2480208
2490186
2468089
2485211
2486639
2488079
2459548
2490196
2459297
2478332
2465397
2464197
2477675
2470045
2465719
2466990
2490020
2471038
2488660
2480612
2491113
2491443
2463304
2475869
2474885
2479955
2470840
2487216
2464115
2489613
2490273
2463984
2477612
2465233
2492268
2474975
2491834
2485794
2464483
2480437
2469651
2467710
2485116
2481879
2484066
2465033
2473293
2465753
2465951
2489712
2494067
2485557
2483616
2467034
2465507
2483101
2493021
2463360
2483743
2486776
2494943
2460378
2482012
2469498
2474293
2462982
2461743
2458816
2484383
2474198
2460715
2464049
2481310
2477848
2484378
2460087
2471437
2481840
2493486
2460820
2459432
2483968
2485157
2475116
2492796
2473672
2459533
2490024
2458695
2483209
2480962
2470091
2486553
2475353
2465350
2492380
2470108
2461034
2469167
2461283
2477289
2484613
2492492
2493949
2479978
2473365
2459688
2462918
2477601
2481684
2483771
2490961
2474976
2487224
2476606
2490694
2491557
2486389
2479837
2486037
2487035
2471802
2490227
2466473
2486206
2461971
2489349
2474152
2483026
2474010
2463394
2474699
2462664
2489086
2486529
2493764
2473307
2491595
2477534
2461436
2485893
2487756
2482855
2468591
2476973
2491383
2480850
2490407
2489044
2462424
2474275
2465500
2486968
2476914
2463100
2487332
2481759
2472693
2459632
2483016
2477141
2463570
2491446
2484448
2463392
2466280
2471308
2477273
2468567
2472415
2466933
2472593
2481298
2494941
2470243
2474361
2487895
2466491
2479539
2487378
2490921
2460643
2472497
2469658
2476855
2460128
2472002
2481587
2484436
2468210
2481953
2489336
2483069
2486917
2464407
2461640
2491098
2460922
2489199
2473565
2466632
2482395
2482654
2481438
2494750
2490993
2482375
2461253
2493548
2471538
2492671
2486962
2462583
2492353
2493942
2458966
2477022
2480097
2460450
2465128
2468912
2459304
2470878
2469101
2494715
2479850
2484721
2474095
2490439
2494484
2490580
2475141
2472847
2458565
2459879
2491936
2484095
2464174
2475514
2462440
2459762
2465917
2493670
2483960
2493885
2475423
2487216
2478475
2461006
2479261
2480358
2475109
2476479
2479054
2478030
2493173
2477246
2494578
2458843
2475453
2471311
2485522
2490043
2476197
2474432
2471796
2467192
2485241
2478924
2483286
2470589
2484060
2482963
2459671
2469240
2484600
2458825
2469319
2479908
2475376
2483195
2474500
2463995
2472481
2481326
2483437
2486488
2490314
2482359
2490235
2494155
2481437
2481882
2493754
2466658
2472692
2459837
2461540
2464153
2476934
2480625
2460979
2465022
2459370
2468934
2492227
2486232
2468162
2468413
2469419
2470245
2486677
2490888
2480139
2462277
2464659
2474703
2468944
2459411
2462847
2472032
2466761
2469156
2466641
2465714
2480132
2467716
2474777
2460726
2472017
2477073
2478495
2486872
2467716
2486006
2487943
2469897
2487935
2481858
2482561
2470769
2470559
2468162
2490957
2480765
2493822
2460530
2477388
2469019
2488501
2467492
2474023
2479446
2475185
2475757
2477529
2466822
2478697
2472501
2466610
2478064
2462532
2477909
2493498
2479547
2475838
2481059
2479572
2477040
2484333
2463934
2463939
2460076
2474503
2494677
2492608
2492146
2486398
2485493
2474180
2472345
2477347
2460233
2464363
2494401
2470668
2459011
2461941
2468428
2479379
2485761
2472013
2477983
2470024
2462477
2492118
2461004
2477760
2468630
2462440
2493052
2463449
2489294
2483446
2490332
2468026
2462953
2480476
2490868
2467073
2468633
2469959
2487670
2479251
2461169
2469211
2484512
2482958
2471749
2468385
2469558
2478563
2490092
2464514
2479077
2485373
2466735
2476876
2469545
2477486
2494033
2477244
2461788
2491832
2470222
2484400
2493105
2491483
2477806
2467631
2468992
2474628
2461388
2467687
2477266
2459171
2482906
2491324
2485460
2488374
2468752
2491301
2469172
2486967
2486129
2484783
2493148
2478821
2469479
2469260
2479209
2485306
2475207
2476997
2488432