prime[0] = 2
prime[1] = 3
prime[2] = 5
prime[3] = 7
prime[4] = 11
prime[5] = 13
prime[6] = 17
prime[7] = 19
prime[8] = 23
prime[9] = 29
prime[10] = 31
prime[11] = 37
prime[12] = 41
prime[13] = 43
prime[14] = 47
prime[15] = 53
prime[16] = 59
prime[17] = 61
prime[18] = 67
prime[19] = 71
prime[20] = 73
prime[21] = 79
prime[22] = 83
prime[23] = 89
prime[24] = 97
prime[25] = 101
prime[26] = 103
prime[27] = 107
prime[28] = 109
prime[29] = 113
prime[30] = 127
prime[31] = 131
prime[32] = 137
prime[33] = 139
prime[34] = 149
prime[35] = 151
prime[36] = 157
prime[37] = 163
prime[38] = 167
prime[39] = 173
prime[40] = 179
prime[41] = 181
prime[42] = 191
prime[43] = 193
prime[44] = 197
prime[45] = 199
Phi[0] = 0
Phi[1] = 1
Phi[2] = 1
Phi[3] = 2
Phi[4] = 2
Phi[5] = 4
Phi[6] = 2
Phi[7] = 6
Phi[8] = 4
Phi[9] = 6
Phi[10] = 4
Phi[11] = 10
Phi[12] = 4
Phi[13] = 12
Phi[14] = 6
Phi[15] = 8
Phi[16] = 8
Phi[17] = 16
Phi[18] = 6
Phi[19] = 18
Phi[20] = 8
Phi[21] = 12
Phi[22] = 10
Phi[23] = 22
Phi[24] = 8
Phi[25] = 20
Phi[26] = 12
Phi[27] = 18
Phi[28] = 12
Phi[29] = 28
Phi[30] = 8
Phi[31] = 30
Phi[32] = 16
Phi[33] = 20
Phi[34] = 16
Phi[35] = 24
Phi[36] = 12
Phi[37] = 36
Phi[38] = 18
Phi[39] = 24
Phi[40] = 16
Phi[41] = 40
Phi[42] = 12
Phi[43] = 42
Phi[44] = 20
Phi[45] = 24
Phi[46] = 22
Phi[47] = 46
Phi[48] = 16
Phi[49] = 42
Phi[50] = 20
Phi[51] = 32
Phi[52] = 24
Phi[53] = 52
Phi[54] = 18
Phi[55] = 40
Phi[56] = 24
Phi[57] = 36
Phi[58] = 28
Phi[59] = 58
Phi[60] = 16
Phi[61] = 60
Phi[62] = 30
Phi[63] = 36
Phi[64] = 32
Phi[65] = 48
Phi[66] = 20
Phi[67] = 66
Phi[68] = 32
Phi[69] = 44
Phi[70] = 24
Phi[71] = 70
Phi[72] = 24
Phi[73] = 72
Phi[74] = 36
Phi[75] = 40
Phi[76] = 36
Phi[77] = 60
Phi[78] = 24
Phi[79] = 78
Phi[80] = 32
Phi[81] = 54
Phi[82] = 40
Phi[83] = 82
Phi[84] = 24
Phi[85] = 64
Phi[86] = 42
Phi[87] = 56
Phi[88] = 40
Phi[89] = 88
Phi[90] = 24
Phi[91] = 72
Phi[92] = 44
Phi[93] = 60
Phi[94] = 46
Phi[95] = 72
Phi[96] = 32
Phi[97] = 96
Phi[98] = 42
Phi[99] = 60
Phi[100] = 40
Phi[101] = 100
Phi[102] = 32
Phi[103] = 102
Phi[104] = 48
Phi[105] = 48
Phi[106] = 52
Phi[107] = 106
Phi[108] = 36
Phi[109] = 108
Phi[110] = 40
Phi[111] = 72
Phi[112] = 48
Phi[113] = 112
Phi[114] = 36
Phi[115] = 88
Phi[116] = 56
Phi[117] = 72
Phi[118] = 58
Phi[119] = 96
Phi[120] = 32
Phi[121] = 110
Phi[122] = 60
Phi[123] = 80
Phi[124] = 60
Phi[125] = 100
Phi[126] = 36
Phi[127] = 126
Phi[128] = 64
Phi[129] = 84
Phi[130] = 48
Phi[131] = 130
Phi[132] = 40
Phi[133] = 108
Phi[134] = 66
Phi[135] = 72
Phi[136] = 64
Phi[137] = 136
Phi[138] = 44
Phi[139] = 138
Phi[140] = 48
Phi[141] = 92
Phi[142] = 70
Phi[143] = 120
Phi[144] = 48
Phi[145] = 112
Phi[146] = 72
Phi[147] = 84
Phi[148] = 72
Phi[149] = 148
Phi[150] = 40
Phi[151] = 150
Phi[152] = 72
Phi[153] = 96
Phi[154] = 60
Phi[155] = 120
Phi[156] = 48
Phi[157] = 156
Phi[158] = 78
Phi[159] = 104
Phi[160] = 64
Phi[161] = 132
Phi[162] = 54
Phi[163] = 162
Phi[164] = 80
Phi[165] = 80
Phi[166] = 82
Phi[167] = 166
Phi[168] = 48
Phi[169] = 156
Phi[170] = 64
Phi[171] = 108
Phi[172] = 84
Phi[173] = 172
Phi[174] = 56
Phi[175] = 120
Phi[176] = 80
Phi[177] = 116
Phi[178] = 88
Phi[179] = 178
Phi[180] = 48
Phi[181] = 180
Phi[182] = 72
Phi[183] = 120
Phi[184] = 88
Phi[185] = 144
Phi[186] = 60
Phi[187] = 160
Phi[188] = 92
Phi[189] = 108
Phi[190] = 72
Phi[191] = 190
Phi[192] = 64
Phi[193] = 192
Phi[194] = 96
Phi[195] = 96
Phi[196] = 84
Phi[197] = 196
Phi[198] = 60
Phi[199] = 198
