Case #1: 1883492 4387830
Case #2: 14305121 21891240
Case #3: 10333861 18045720
Case #4: 67433455731 283342560480
Case #5: 2962290 280294560
Case #6: 80 165
Case #7: 1400 1599
Case #8: 1443953305 3579474600
Case #9: 46817357 776421756
Case #10: 28471131 389419440
Case #11: 28084002149371 41516418975570
Case #12: 79 429
Case #13: 3281629 4648300
Case #14: 4746606 8468460
Case #15: 30560540680 41825620980
Case #16: 39452636898146 42608679640800
Case #17: 573674 1105104
Case #18: 2645671 5789520
Case #19: 16931399467 18289954368
Case #20: 25836756230 27977066040
Case #21: 532736 6744240
Case #22: 212203 4710860
Case #23: 7077 30562
Case #24: 205024 5577960
Case #25: 2836896736 3043334976
Case #26: 10270 28560
Case #27: 4204 5544
Case #28: 50942830592 220528314600
Case #29: 8541337 9210432
Case #30: 6086921 146546400
Case #31: 143850948 185904576
Case #32: 3529 4851
Case #33: 7188987609 11240182800
Case #34: 14 15
Case #35: 4 96
Case #36: 202169295733 224676947040
Case #37: 8 288
Case #38: 108905 166848
Case #39: 159481344588 227852520480
Case #40: 1480 2784
Case #41: 0 55
Case #42: 427504 1079694
Case #43: 2830470 3493910
Case #44: 47653956 1112231120
Case #45: 11756995804 15256866240
Case #46: 1388933 26650656
Case #47: 6 60
Case #48: 19326792 51158184
Case #49: 1643 2501
Case #50: 29229646 53683350
Case #51: 17625 47880
Case #52: 1122197433 2613497040
Case #53: 9212027955598 11256322891968
Case #54: 733008800 2919916272
Case #55: 845019907 1486261890
Case #56: 97790 314640
Case #57: 2425189 5799864
Case #58: 0 12
Case #59: 172597461 181045410
Case #60: 127297 145600
Case #61: 371385237 9033120096
Case #62: 891491 1159200
Case #63: 53863599544 1182533740080
Case #64: 38 44
Case #65: 4307336 4342140
Case #66: 3315 5460
Case #67: 20047869 27173580
Case #68: 183302407 662106060
Case #69: 2947611 6808620
Case #70: 4480742 30794400
Case #71: 176692886 306666360
Case #72: 184665 214320
Case #73: 18631 51870
Case #74: 4395 5328
Case #75: 351895829 410769282
Case #76: 615294856 2015098176
Case #77: 197133 555360
Case #78: 33 69
Case #79: 42296 60060
Case #80: 21 40
Case #81: 6564021 14084928
Case #82: 22143144 158129400
Case #83: 60568676 229965120
Case #84: 15769 24288
Case #85: 56 95
Case #86: 4018 24150
Case #87: 1680013 336132720
Case #88: 2701268 11205600
Case #89: 21120 275616
Case #90: 3713 7700
Case #91: 461621 531846
Case #92: 4759 8280
Case #93: 311836166542 696740328570
Case #94: 30156 106590
Case #95: 1322979707 6659103888
Case #96: 4 36
Case #97: 15919322723 33782548800
Case #98: 3011087 7147140
Case #99: 24280893780 175663905300
Case #100: 1028 2310
Case #101: 581 1360
Case #102: 832 3150
Case #103: 278492426 294702408
Case #104: 29 33
Case #105: 7694 15768
Case #106: 33 45
Case #107: 171760836 1144415220
Case #108: 1879948694445 2094595694100
Case #109: 6548768909 10370898720
Case #110: 14772 56079
Case #111: 23805 64260
Case #112: 8911911 76500840
Case #113: 2368873553 3812802840
Case #114: 2084988 4907700
Case #115: 192098103 324370200
Case #116: 46 67
Case #117: 36 210
Case #118: 348200 554580
Case #119: 2218116 3312936
Case #120: 33198 35259
Case #121: 23713492622 34281609180
Case #122: 2572 3520
Case #123: 1575 44022
Case #124: 230 264
Case #125: 35 45
Case #126: 2 50
Case #127: 56608 85140
Case #128: 3717325 7052430
Case #129: 65733 299880
Case #130: 8 9
Case #131: 6098288356 11184154800
Case #132: 330079 353430
Case #133: 8988 351900
Case #134: 11673857 12466440
Case #135: 204 644
Case #136: 13208306 31744440
Case #137: 4458164140306 4476929130630
Case #138: 7328249 13164536
Case #139: 14 1953
Case #140: 474505 635664
Case #141: 256 1428
Case #142: 15668092 22138116
Case #143: 366 4368
Case #144: 137 2310
Case #145: 6 30
Case #146: 87854858 446670240
Case #147: 403 459
Case #148: 2123234652 2960324640
Case #149: 44 73
Case #150: 76460058399 181241980920
Case #151: 95016253 500236275
Case #152: 47514643 190925280
Case #153: 102027699 110741400
Case #154: 39230 78660
Case #155: 652277561 18628509900
Case #156: 6201522 48757800
Case #157: 1393172921 1910865600
Case #158: 387973 829920
Case #159: 33924031012 34391276010
Case #160: 14859419 26371800
Case #161: 3765941754 5017952940
Case #162: 255 1032
Case #163: 54802564941 591000644520
Case #164: 156787774 245218680
Case #165: 4036178 5681184
Case #166: 114956413 226273740
Case #167: 410235424211 710192784312
Case #168: 1876893 163274562
Case #169: 1268487648 4127722830
Case #170: 31841984 88678290
Case #171: 2743905 6176520
Case #172: 551146 954720
Case #173: 24392 26048
Case #174: 11 26
Case #175: 2128605777844 2321675536950
Case #176: 6086744 33374656
Case #177: 12915133919 18998976672
Case #178: 381401915542 1374115314880
Case #179: 2595182809 3332187768
Case #180: 201 294
Case #181: 416 660
Case #182: 162683328948 247157086176
Case #183: 7898700 8643492
Case #184: 667 1302
Case #185: 78 1674
Case #186: 101979860 183783600
Case #187: 1727337 2101242
Case #188: 6793632636 9787654800
Case #189: 140 3015
Case #190: 19758039228 99952831440
Case #191: 1904652105 12492686808
Case #192: 56438 70840
Case #193: 464219738 1065869220
Case #194: 1081845307 1226665440
Case #195: 382 858
Case #196: 84638489290384 226243928469780
Case #197: 22 43
Case #198: 1944559753288 2138190868800
Case #199: 37488273 49193550
Case #200: 111237148 214119360
Case #201: 72399970 162779760
Case #202: 356 6370
Case #203: 49729900 70607460
Case #204: 349443353 473566912
Case #205: 789 1200
Case #206: 1524012910 67625247726
Case #207: 1 55
Case #208: 130 2200
Case #209: 323919 851400
Case #210: 10814961728 14216242656
Case #211: 53748164 83010312
Case #212: 394874316 2545077990
Case #213: 3798 4140
Case #214: 394157 7640880
Case #215: 10063139750 12590405100
Case #216: 82570982 168115788
Case #217: 929951 1960980
Case #218: 39 53
Case #219: 62531284 317444400
Case #220: 252 1260
Case #221: 56634 158340
Case #222: 6875864 10135455
Case #223: 10 49
Case #224: 63742620 123821880
Case #225: 184 360
Case #226: 297588 655200
Case #227: 199616 252048
Case #228: 1586107292 2339108100
Case #229: 9033 11340
Case #230: 8 12
Case #231: 1507 2760
Case #232: 849848 2708160
Case #233: 10892775118 13700386700
Case #234: 84 100
Case #235: 92 156
Case #236: 11133865274104 12433285781280
Case #237: 130311336 459791640
Case #238: 48439 75276
Case #239: 74994 175890
Case #240: 22 57
Case #241: 93103 116550
Case #242: 336276520 387982980
Case #243: 361837311 3849357160
Case #244: 15205 69654
Case #245: 14532 95480
Case #246: 23689906 24690600
Case #247: 13483930 16911900
Case #248: 21251 53406
Case #249: 24072609988 97611711120
Case #250: 25176923897 131111220240
Case #251: 47 60
Case #252: 184376972 197030988
Case #253: 1679231591810 2982870039240
Case #254: 104266704 207151560
Case #255: 2423 14784
Case #256: 203730127 372603600
Case #257: 72964 74820
Case #258: 9628 10296
Case #259: 54880004226 132646009860
Case #260: 1062 2700
Case #261: 135242145601 153337698360
Case #262: 43635642857 186200831700
Case #263: 20275887502 35657580240
Case #264: 250 306
Case #265: 1242346169 2838301200
Case #266: 1045826030 1625618610
Case #267: 7 39
Case #268: 2262132436 3332894880
Case #269: 2235899561 2597712642
Case #270: 2576 4158
Case #271: 4790229 9237690
Case #272: 6 8
Case #273: 86515 114660
Case #274: 314316189362 9104501737240
Case #275: 2100038 9370400
Case #276: 544707882 609407568
Case #277: 4 14
Case #278: 11598318 17276352
Case #279: 62 96
Case #280: 517 585
Case #281: 53439 75348
Case #282: 1631279 8451380
Case #283: 1 13
Case #284: 167838 214200
Case #285: 11 46
Case #286: 1364742180721 1577769639600
Case #287: 57217880114 89565162960
Case #288: 16615728 23075136
Case #289: 3452 6720
Case #290: 6853643 43682100
Case #291: 3 13
Case #292: 2473880317 7368546240
Case #293: 201566695 423788274
Case #294: 210863108 785637864
Case #295: 7315412166538 15035567066520
Case #296: 135785 151700
Case #297: 637989 656880
Case #298: 3 11
Case #299: 87671295 262730952
Case #300: 4169 4256
Case #301: 129450072 688768080
Case #302: 21319211934 34194055104
Case #303: 38547281 53233200
Case #304: 40598 94446
Case #305: 3158716 4402200
Case #306: 609 810
Case #307: 31444 106743
Case #308: 33 54
Case #309: 13351 22932
Case #310: 325371 1719120
Case #311: 147 64124
Case #312: 1286092 2039180
Case #313: 1343 1380
Case #314: 13430 14430
Case #315: 36 84
Case #316: 4756343769 7332965640
Case #317: 490203 3311700
Case #318: 36 83
Case #319: 630 2726
Case #320: 532138 3879876
Case #321: 9096133 269583552
Case #322: 70979446899 455481437166
Case #323: 154123046087 606239524800
Case #324: 16035 41760
Case #325: 1497966 1514700
Case #326: 281469700053 292771908660
Case #327: 14680 26796
Case #328: 1699895803085 1934092835136
Case #329: 7 23
Case #330: 6 11
Case #331: 80601 111825
Case #332: 159 414
Case #333: 133 850
Case #334: 64 66
Case #335: 190678418 1848505200
Case #336: 64883943 66722040
Case #337: 2929795 3423420
Case #338: 656 948
Case #339: 43298063 49507920
Case #340: 583 1092
Case #341: 1215 1428
Case #342: 9244 18414
Case #343: 26 52
Case #344: 1113454 4149600
Case #345: 279817935 321464928
Case #346: 5008915907 9409119504
Case #347: 15 74
Case #348: 19079404 57428700
Case #349: 9 98
Case #350: 13 22
Case #351: 2 6
Case #352: 16488058 51767520
Case #353: 5806982 7636860
Case #354: 996057 1535100
Case #355: 130400 457191
Case #356: 6624 14400
Case #357: 3783 5607
Case #358: 6 64
Case #359: 700776609 26985245520
Case #360: 20806231 118089180
Case #361: 1564 6460
Case #362: 1095056818528 4163379241560
Case #363: 34046 54510
Case #364: 784935 13127100
Case #365: 6 27
Case #366: 73683384 105487200
Case #367: 2551349602 4291289700
Case #368: 141323 203679
Case #369: 1531 2068
Case #370: 195508 5023200
Case #371: 52302 143550
Case #372: 11821739 20175600
Case #373: 5347 7400
Case #374: 14379313840 27773900700
Case #375: 408 3690
Case #376: 5599 20304
Case #377: 11809 24480
Case #378: 3160198221 6956762904
Case #379: 6827223 10236798
Case #380: 26997 120870
Case #381: 3704 9990
Case #382: 122217 201960
Case #383: 804 4266
Case #384: 51800526 232706880
Case #385: 92862429 186846660
Case #386: 47989 51480
Case #387: 9 12
Case #388: 3807 7476
Case #389: 74 950
Case #390: 591674777 3539490240
Case #391: 22 54
Case #392: 94655 353628
Case #393: 4546 8160
Case #394: 28647 1614600
Case #395: 42075195058 123364952340
Case #396: 7 186
Case #397: 31863 45240
Case #398: 7 10
Case #399: 2930417 3873870
Case #400: 496 1012
Case #401: 670458 9838920
Case #402: 4 7
Case #403: 648396 2121702
Case #404: 54078 221676
Case #405: 19752078 112881600
Case #406: 36 54
Case #407: 101202631 184268448
Case #408: 52 71
Case #409: 355984 615230
Case #410: 192541 244818
Case #411: 157927 406224
Case #412: 62 132
Case #413: 273881 314160
Case #414: 676302340814 697755027600
Case #415: 583064477 1115391966
Case #416: 142471812 143607420
Case #417: 130265051 273319200
Case #418: 2379277264 2597984760
Case #419: 15216476 17882040
Case #420: 123783264 1164882840
Case #421: 18 82
Case #422: 544854715 1011362352
Case #423: 9841825 19792080
Case #424: 81002470364 198662961840
Case #425: 116160 7900200
Case #426: 115 252
Case #427: 1147091596 3894482592
Case #428: 1919870126 69096627600
Case #429: 1 11
Case #430: 3986073 4755240
Case #431: 373897 1183200
Case #432: 193978 208754
Case #433: 50 93
Case #434: 638118 844560
Case #435: 140614 240240
Case #436: 206581005 466736292
Case #437: 249124 301392
Case #438: 7943751 33897864
Case #439: 45386290 57567510
Case #440: 60450 70176
Case #441: 25 27
Case #442: 1264906138 7992207900
Case #443: 574901491 694003310
Case #444: 69968 78960
Case #445: 7691 37170
Case #446: 305533807601 314458004700
Case #447: 117782900 204533784
Case #448: 119937415 142942800
Case #449: 70 77
Case #450: 720 741
Case #451: 88762 308826
Case #452: 38 252
Case #453: 5274903005 6336133440
Case #454: 23 63
Case #455: 6 22
Case #456: 7362 35216
Case #457: 771085505 1256318742
Case #458: 4017064 10649380
Case #459: 40834756 206739720
Case #460: 402308119 631730736
Case #461: 6769 16254
Case #462: 57764734 158548104
Case #463: 158590594 1626168390
Case #464: 8059 25872
Case #465: 2 42
Case #466: 1883567 2205392
Case #467: 12700 43680
Case #468: 45026489500472 510119436699180
Case #469: 1605 3240
Case #470: 5728168 6651216
Case #471: 16342 24768
Case #472: 1874099 9329760
Case #473: 2815 6370
Case #474: 1842785870 2481357060
Case #475: 5472192 7581760
Case #476: 20871939 165765600
Case #477: 58 92
Case #478: 472923 1074570
Case #479: 35417162635231 206704023618960
Case #480: 368 2139
Case #481: 1336421 1442480
Case #482: 1861116 3919860
Case #483: 3598 46690
Case #484: 1389 2915
Case #485: 6890 464580
Case #486: 1496395714 2507068200
Case #487: 1106 2464
Case #488: 699003 1116900
Case #489: 11 85
Case #490: 253 546
Case #491: 510 1326
Case #492: 11 92
Case #493: 5904312 134019160
Case #494: 107664087402 137469326400
Case #495: 818 6996
Case #496: 15685477 30869280
Case #497: 1748376 1979040
Case #498: 2021 3486
Case #499: 2851072 3264390
Case #500: 47156401741 181483744800
